============================= test session starts ==============================
platform linux -- Python 3.10.12, pytest-8.3.3, pluggy-1.5.0
rootdir: /home/james/projects/cs6223/our_proptest_data
plugins: hypothesis-6.112.2, timeout-2.3.1
collected 25 items

code_only/mutants/datetime.timedelta.total_seconds/mutant_1.py FFFFF     [ 20%]
code_only/mutants/datetime.timedelta.total_seconds/mutant_2.py FFFFF     [ 40%]
code_only/mutants/datetime.timedelta.total_seconds/mutant_3.py FFFFF     [ 60%]
code_only/mutants/datetime.timedelta.total_seconds/mutant_4.py F.F.F     [ 80%]
code_only/mutants/datetime.timedelta.total_seconds/mutant_5.py FFFFF     [100%]

=================================== FAILURES ===================================
/home/james/projects/cs6223/our_proptest_data/code_only/mutants/datetime.timedelta.total_seconds/mutant_1.py:11: assert 0.0 < 0
/home/james/projects/cs6223/our_proptest_data/code_only/mutants/datetime.timedelta.total_seconds/mutant_1.py:19: assert 0.0 == -1.0
/home/james/projects/cs6223/our_proptest_data/code_only/mutants/datetime.timedelta.total_seconds/mutant_1.py:27: assert 0.0 == -2.5
/home/james/projects/cs6223/our_proptest_data/code_only/mutants/datetime.timedelta.total_seconds/mutant_1.py:35: assert 0.0 < -1000.0
/home/james/projects/cs6223/our_proptest_data/code_only/mutants/datetime.timedelta.total_seconds/mutant_1.py:43: assert 0.0 == -999.99
/home/james/projects/cs6223/our_proptest_data/code_only/mutants/datetime.timedelta.total_seconds/mutant_2.py:7: hypothesis.errors.InvalidArgument: Too many positional arguments for test_violation_of_datetime_timedelta_total_seconds_1() were passed to @given - expected at most 0 arguments, but got 1 (data(),)
/home/james/projects/cs6223/our_proptest_data/code_only/mutants/datetime.timedelta.total_seconds/mutant_2.py:12: hypothesis.errors.InvalidArgument: Too many positional arguments for test_violation_of_datetime_timedelta_total_seconds_2() were passed to @given - expected at most 0 arguments, but got 1 (data(),)
/home/james/projects/cs6223/our_proptest_data/code_only/mutants/datetime.timedelta.total_seconds/mutant_2.py:17: hypothesis.errors.InvalidArgument: Too many positional arguments for test_violation_of_datetime_timedelta_total_seconds_3() were passed to @given - expected at most 0 arguments, but got 1 (data(),)
/home/james/projects/cs6223/our_proptest_data/code_only/mutants/datetime.timedelta.total_seconds/mutant_2.py:22: hypothesis.errors.InvalidArgument: Too many positional arguments for test_violation_of_datetime_timedelta_total_seconds_4() were passed to @given - expected at most 0 arguments, but got 1 (data(),)
/home/james/projects/cs6223/our_proptest_data/code_only/mutants/datetime.timedelta.total_seconds/mutant_2.py:27: hypothesis.errors.InvalidArgument: Too many positional arguments for test_violation_of_datetime_timedelta_total_seconds_5() were passed to @given - expected at most 0 arguments, but got 1 (data(),)
/home/james/projects/cs6223/our_proptest_data/code_only/mutants/datetime.timedelta.total_seconds/mutant_3.py:11: assert (1e-06 * 3) == 2e-06
/home/james/projects/cs6223/our_proptest_data/code_only/mutants/datetime.timedelta.total_seconds/mutant_3.py:19: assert (0.0 + 1000) == 0.0
/home/james/projects/cs6223/our_proptest_data/code_only/mutants/datetime.timedelta.total_seconds/mutant_3.py:27: assert (0.0 - 500) == 0.0
/home/james/projects/cs6223/our_proptest_data/code_only/mutants/datetime.timedelta.total_seconds/mutant_3.py:35: assert (1e-06 * 0.5) == 2e-06
/home/james/projects/cs6223/our_proptest_data/code_only/mutants/datetime.timedelta.total_seconds/mutant_3.py:43: assert (0.0 + 1) == 0.0
/home/james/projects/cs6223/our_proptest_data/code_only/mutants/datetime.timedelta.total_seconds/mutant_4.py:10: assert 0.0 != 0.0
/home/james/projects/cs6223/our_proptest_data/code_only/mutants/datetime.timedelta.total_seconds/mutant_4.py:24: assert (0.0 * 2) != 0.0
/home/james/projects/cs6223/our_proptest_data/code_only/mutants/datetime.timedelta.total_seconds/mutant_4.py:38: assert (0.0 / 2) != 0.0
/home/james/projects/cs6223/our_proptest_data/code_only/mutants/datetime.timedelta.total_seconds/mutant_5.py:11: assert 0.0 == 1.0
/home/james/projects/cs6223/our_proptest_data/code_only/mutants/datetime.timedelta.total_seconds/mutant_5.py:19: assert 0.0 == -1.0
/home/james/projects/cs6223/our_proptest_data/code_only/mutants/datetime.timedelta.total_seconds/mutant_5.py:27: assert 1e-06 == 2e-06
/home/james/projects/cs6223/our_proptest_data/code_only/mutants/datetime.timedelta.total_seconds/mutant_5.py:35: assert 1e-06 == 5e-07
/home/james/projects/cs6223/our_proptest_data/code_only/mutants/datetime.timedelta.total_seconds/mutant_5.py:43: assert 86400.0 == 86500.0
=========================== short test summary info ============================
FAILED code_only/mutants/datetime.timedelta.total_seconds/mutant_1.py::test_violation_of_datetime_timedelta_total_seconds_1
FAILED code_only/mutants/datetime.timedelta.total_seconds/mutant_1.py::test_violation_of_datetime_timedelta_total_seconds_2
FAILED code_only/mutants/datetime.timedelta.total_seconds/mutant_1.py::test_violation_of_datetime_timedelta_total_seconds_3
FAILED code_only/mutants/datetime.timedelta.total_seconds/mutant_1.py::test_violation_of_datetime_timedelta_total_seconds_4
FAILED code_only/mutants/datetime.timedelta.total_seconds/mutant_1.py::test_violation_of_datetime_timedelta_total_seconds_5
FAILED code_only/mutants/datetime.timedelta.total_seconds/mutant_2.py::test_violation_of_datetime_timedelta_total_seconds_1
FAILED code_only/mutants/datetime.timedelta.total_seconds/mutant_2.py::test_violation_of_datetime_timedelta_total_seconds_2
FAILED code_only/mutants/datetime.timedelta.total_seconds/mutant_2.py::test_violation_of_datetime_timedelta_total_seconds_3
FAILED code_only/mutants/datetime.timedelta.total_seconds/mutant_2.py::test_violation_of_datetime_timedelta_total_seconds_4
FAILED code_only/mutants/datetime.timedelta.total_seconds/mutant_2.py::test_violation_of_datetime_timedelta_total_seconds_5
FAILED code_only/mutants/datetime.timedelta.total_seconds/mutant_3.py::test_violation_of_datetime_timedelta_total_seconds_1
FAILED code_only/mutants/datetime.timedelta.total_seconds/mutant_3.py::test_violation_of_datetime_timedelta_total_seconds_2
FAILED code_only/mutants/datetime.timedelta.total_seconds/mutant_3.py::test_violation_of_datetime_timedelta_total_seconds_3
FAILED code_only/mutants/datetime.timedelta.total_seconds/mutant_3.py::test_violation_of_datetime_timedelta_total_seconds_4
FAILED code_only/mutants/datetime.timedelta.total_seconds/mutant_3.py::test_violation_of_datetime_timedelta_total_seconds_5
FAILED code_only/mutants/datetime.timedelta.total_seconds/mutant_4.py::test_violation_of_datetime_timedelta_total_seconds_1
FAILED code_only/mutants/datetime.timedelta.total_seconds/mutant_4.py::test_violation_of_datetime_timedelta_total_seconds_3
FAILED code_only/mutants/datetime.timedelta.total_seconds/mutant_4.py::test_violation_of_datetime_timedelta_total_seconds_5
FAILED code_only/mutants/datetime.timedelta.total_seconds/mutant_5.py::test_violation_of_datetime_timedelta_total_seconds_1
FAILED code_only/mutants/datetime.timedelta.total_seconds/mutant_5.py::test_violation_of_datetime_timedelta_total_seconds_2
FAILED code_only/mutants/datetime.timedelta.total_seconds/mutant_5.py::test_violation_of_datetime_timedelta_total_seconds_3
FAILED code_only/mutants/datetime.timedelta.total_seconds/mutant_5.py::test_violation_of_datetime_timedelta_total_seconds_4
FAILED code_only/mutants/datetime.timedelta.total_seconds/mutant_5.py::test_violation_of_datetime_timedelta_total_seconds_5
======================== 23 failed, 2 passed in 24.18s =========================
