============================= test session starts ==============================
platform linux -- Python 3.10.12, pytest-8.3.3, pluggy-1.5.0
rootdir: /home/james/projects/cs6223/our_proptest_data
plugins: hypothesis-6.112.2, timeout-2.3.1
collected 10 items

code_only/mutants/networkx.algorithms.dag.is_aperiodic/mutant_1.py FFFFF [ 50%]
                                                                         [ 50%]
code_only/mutants/networkx.algorithms.dag.is_aperiodic/mutant_2.py FFFFF [100%]

=================================== FAILURES ===================================
/home/james/projects/.venv/lib/python3.10/site-packages/networkx/algorithms/dag.py:643: networkx.exception.NetworkXError: is_aperiodic not defined for undirected graphs
/home/james/projects/.venv/lib/python3.10/site-packages/networkx/algorithms/dag.py:643: networkx.exception.NetworkXError: is_aperiodic not defined for undirected graphs
/home/james/projects/.venv/lib/python3.10/site-packages/networkx/algorithms/dag.py:643: networkx.exception.NetworkXError: is_aperiodic not defined for undirected graphs
/home/james/projects/.venv/lib/python3.10/site-packages/networkx/algorithms/dag.py:643: networkx.exception.NetworkXError: is_aperiodic not defined for undirected graphs
/home/james/projects/.venv/lib/python3.10/site-packages/networkx/algorithms/dag.py:643: networkx.exception.NetworkXError: is_aperiodic not defined for undirected graphs
/home/james/projects/cs6223/our_proptest_data/code_only/mutants/networkx.algorithms.dag.is_aperiodic/mutant_2.py:10: AssertionError: assert True == False
/home/james/projects/cs6223/our_proptest_data/code_only/mutants/networkx.algorithms.dag.is_aperiodic/mutant_2.py:17: AssertionError: assert True == False
/home/james/projects/cs6223/our_proptest_data/code_only/mutants/networkx.algorithms.dag.is_aperiodic/mutant_2.py:24: AssertionError: assert True == False
/home/james/projects/cs6223/our_proptest_data/code_only/mutants/networkx.algorithms.dag.is_aperiodic/mutant_2.py:31: AssertionError: assert True == False
/home/james/projects/cs6223/our_proptest_data/code_only/mutants/networkx.algorithms.dag.is_aperiodic/mutant_2.py:38: AssertionError: assert True == False
=========================== short test summary info ============================
FAILED code_only/mutants/networkx.algorithms.dag.is_aperiodic/mutant_1.py::test_violation_of_networkx_algorithms_dag_is_aperiodic_1
FAILED code_only/mutants/networkx.algorithms.dag.is_aperiodic/mutant_1.py::test_violation_of_networkx_algorithms_dag_is_aperiodic_2
FAILED code_only/mutants/networkx.algorithms.dag.is_aperiodic/mutant_1.py::test_violation_of_networkx_algorithms_dag_is_aperiodic_3
FAILED code_only/mutants/networkx.algorithms.dag.is_aperiodic/mutant_1.py::test_violation_of_networkx_algorithms_dag_is_aperiodic_4
FAILED code_only/mutants/networkx.algorithms.dag.is_aperiodic/mutant_1.py::test_violation_of_networkx_algorithms_dag_is_aperiodic_5
FAILED code_only/mutants/networkx.algorithms.dag.is_aperiodic/mutant_2.py::test_violation_of_networkx_algorithms_dag_is_aperiodic_1
FAILED code_only/mutants/networkx.algorithms.dag.is_aperiodic/mutant_2.py::test_violation_of_networkx_algorithms_dag_is_aperiodic_2
FAILED code_only/mutants/networkx.algorithms.dag.is_aperiodic/mutant_2.py::test_violation_of_networkx_algorithms_dag_is_aperiodic_3
FAILED code_only/mutants/networkx.algorithms.dag.is_aperiodic/mutant_2.py::test_violation_of_networkx_algorithms_dag_is_aperiodic_4
FAILED code_only/mutants/networkx.algorithms.dag.is_aperiodic/mutant_2.py::test_violation_of_networkx_algorithms_dag_is_aperiodic_5
============================== 10 failed in 8.52s ==============================
