============================= test session starts ==============================
platform linux -- Python 3.10.12, pytest-8.3.3, pluggy-1.5.0
rootdir: /home/james/projects/cs6223/our_proptest_data
plugins: hypothesis-6.112.2, timeout-2.3.1
collected 5 items

code_only/mutants/pandas.DataFrame.sort_values/mutant_1.py FFFFF         [100%]

=================================== FAILURES ===================================
/home/james/projects/cs6223/our_proptest_data/code_only/mutants/pandas.DataFrame.sort_values/mutant_1.py:7: hypothesis.errors.InvalidArgument: Too many positional arguments for test_violation_of_pandas_DataFrame_sort_values_1() were passed to @given - expected at most 0 arguments, but got 1 (data(),)
/home/james/projects/cs6223/our_proptest_data/code_only/mutants/pandas.DataFrame.sort_values/mutant_1.py:14: hypothesis.errors.InvalidArgument: Too many positional arguments for test_violation_of_pandas_DataFrame_sort_values_2() were passed to @given - expected at most 0 arguments, but got 1 (data(),)
/home/james/projects/cs6223/our_proptest_data/code_only/mutants/pandas.DataFrame.sort_values/mutant_1.py:21: hypothesis.errors.InvalidArgument: Too many positional arguments for test_violation_of_pandas_DataFrame_sort_values_3() were passed to @given - expected at most 0 arguments, but got 1 (data(),)
/home/james/projects/cs6223/our_proptest_data/code_only/mutants/pandas.DataFrame.sort_values/mutant_1.py:28: hypothesis.errors.InvalidArgument: Too many positional arguments for test_violation_of_pandas_DataFrame_sort_values_4() were passed to @given - expected at most 0 arguments, but got 1 (data(),)
/home/james/projects/cs6223/our_proptest_data/code_only/mutants/pandas.DataFrame.sort_values/mutant_1.py:35: hypothesis.errors.InvalidArgument: Too many positional arguments for test_violation_of_pandas_DataFrame_sort_values_5() were passed to @given - expected at most 0 arguments, but got 1 (data(),)
=========================== short test summary info ============================
FAILED code_only/mutants/pandas.DataFrame.sort_values/mutant_1.py::test_violation_of_pandas_DataFrame_sort_values_1
FAILED code_only/mutants/pandas.DataFrame.sort_values/mutant_1.py::test_violation_of_pandas_DataFrame_sort_values_2
FAILED code_only/mutants/pandas.DataFrame.sort_values/mutant_1.py::test_violation_of_pandas_DataFrame_sort_values_3
FAILED code_only/mutants/pandas.DataFrame.sort_values/mutant_1.py::test_violation_of_pandas_DataFrame_sort_values_4
FAILED code_only/mutants/pandas.DataFrame.sort_values/mutant_1.py::test_violation_of_pandas_DataFrame_sort_values_5
============================== 5 failed in 0.29s ===============================
