============================= test session starts ==============================
platform linux -- Python 3.10.12, pytest-8.3.3, pluggy-1.5.0
rootdir: /home/james/projects/cs6223/our_proptest_data
plugins: hypothesis-6.112.2, timeout-2.3.1
collected 20 items

code_only/mutants/statistics.geometric_mean/mutant_1.py FFFFF            [ 25%]
code_only/mutants/statistics.geometric_mean/mutant_2.py .....            [ 50%]
code_only/mutants/statistics.geometric_mean/mutant_3.py FFFFF            [ 75%]
code_only/mutants/statistics.geometric_mean/mutant_4.py FFFFF            [100%]

=================================== FAILURES ===================================
/home/james/projects/cs6223/our_proptest_data/code_only/mutants/statistics.geometric_mean/mutant_1.py:7: NameError: name 'geometric_mean' is not defined
/home/james/projects/cs6223/our_proptest_data/code_only/mutants/statistics.geometric_mean/mutant_1.py:12: NameError: name 'geometric_mean' is not defined
/home/james/projects/cs6223/our_proptest_data/code_only/mutants/statistics.geometric_mean/mutant_1.py:17: NameError: name 'geometric_mean' is not defined
/home/james/projects/cs6223/our_proptest_data/code_only/mutants/statistics.geometric_mean/mutant_1.py:22: NameError: name 'geometric_mean' is not defined
/home/james/projects/cs6223/our_proptest_data/code_only/mutants/statistics.geometric_mean/mutant_1.py:27: NameError: name 'geometric_mean' is not defined
/home/james/projects/cs6223/our_proptest_data/code_only/mutants/statistics.geometric_mean/mutant_3.py:7: exceptiongroup.ExceptionGroup: Hypothesis found 2 distinct failures. (2 sub-exceptions)
/home/james/projects/cs6223/our_proptest_data/code_only/mutants/statistics.geometric_mean/mutant_3.py:13: exceptiongroup.ExceptionGroup: Hypothesis found 2 distinct failures. (2 sub-exceptions)
/home/james/projects/cs6223/our_proptest_data/code_only/mutants/statistics.geometric_mean/mutant_3.py:19: exceptiongroup.ExceptionGroup: Hypothesis found 2 distinct failures. (2 sub-exceptions)
/home/james/projects/cs6223/our_proptest_data/code_only/mutants/statistics.geometric_mean/mutant_3.py:28: AssertionError: assert nan == inf
/home/james/projects/cs6223/our_proptest_data/code_only/mutants/statistics.geometric_mean/mutant_3.py:31: exceptiongroup.ExceptionGroup: Hypothesis found 2 distinct failures. (2 sub-exceptions)
/usr/lib/python3.10/statistics.py:376: statistics.StatisticsError: geometric mean requires a non-empty dataset containing positive numbers
/usr/lib/python3.10/statistics.py:376: statistics.StatisticsError: geometric mean requires a non-empty dataset containing positive numbers
/usr/lib/python3.10/statistics.py:376: statistics.StatisticsError: geometric mean requires a non-empty dataset containing positive numbers
/usr/lib/python3.10/statistics.py:376: statistics.StatisticsError: geometric mean requires a non-empty dataset containing positive numbers
/usr/lib/python3.10/statistics.py:376: statistics.StatisticsError: geometric mean requires a non-empty dataset containing positive numbers
=========================== short test summary info ============================
FAILED code_only/mutants/statistics.geometric_mean/mutant_1.py::test_violation_of_statistics_geometric_mean_1
FAILED code_only/mutants/statistics.geometric_mean/mutant_1.py::test_violation_of_statistics_geometric_mean_2
FAILED code_only/mutants/statistics.geometric_mean/mutant_1.py::test_violation_of_statistics_geometric_mean_3
FAILED code_only/mutants/statistics.geometric_mean/mutant_1.py::test_violation_of_statistics_geometric_mean_4
FAILED code_only/mutants/statistics.geometric_mean/mutant_1.py::test_violation_of_statistics_geometric_mean_5
FAILED code_only/mutants/statistics.geometric_mean/mutant_3.py::test_violation_of_statistics_geometric_mean_1
FAILED code_only/mutants/statistics.geometric_mean/mutant_3.py::test_violation_of_statistics_geometric_mean_2
FAILED code_only/mutants/statistics.geometric_mean/mutant_3.py::test_violation_of_statistics_geometric_mean_3
FAILED code_only/mutants/statistics.geometric_mean/mutant_3.py::test_violation_of_statistics_geometric_mean_4
FAILED code_only/mutants/statistics.geometric_mean/mutant_3.py::test_violation_of_statistics_geometric_mean_5
FAILED code_only/mutants/statistics.geometric_mean/mutant_4.py::test_violation_of_statistics_geometric_mean_1
FAILED code_only/mutants/statistics.geometric_mean/mutant_4.py::test_violation_of_statistics_geometric_mean_2
FAILED code_only/mutants/statistics.geometric_mean/mutant_4.py::test_violation_of_statistics_geometric_mean_3
FAILED code_only/mutants/statistics.geometric_mean/mutant_4.py::test_violation_of_statistics_geometric_mean_4
FAILED code_only/mutants/statistics.geometric_mean/mutant_4.py::test_violation_of_statistics_geometric_mean_5
======================== 15 failed, 5 passed in 10.77s =========================
