============================= test session starts ==============================
platform linux -- Python 3.10.12, pytest-8.3.3, pluggy-1.5.0
rootdir: /home/james/projects/cs6223/our_proptest_data
plugins: hypothesis-6.112.2, timeout-2.3.1
collected 20 items

doc_and_code/mutants_2/datetime.date.isocalendar/mutant_1.py FFFFF       [ 25%]
doc_and_code/mutants_2/datetime.date.isocalendar/mutant_2.py FFFFF       [ 50%]
doc_and_code/mutants_2/datetime.date.isocalendar/mutant_3.py FFFFF       [ 75%]
doc_and_code/mutants_2/datetime.date.isocalendar/mutant_4.py FFFF.       [100%]

=================================== FAILURES ===================================
/home/james/projects/cs6223/our_proptest_data/doc_and_code/mutants_2/datetime.date.isocalendar/mutant_1.py:9: assert 1 in {3}
/home/james/projects/cs6223/our_proptest_data/doc_and_code/mutants_2/datetime.date.isocalendar/mutant_1.py:17: assert 1 in {-1}
/home/james/projects/cs6223/our_proptest_data/doc_and_code/mutants_2/datetime.date.isocalendar/mutant_1.py:25: assert 1 in {4}
/home/james/projects/cs6223/our_proptest_data/doc_and_code/mutants_2/datetime.date.isocalendar/mutant_1.py:33: assert 1 in {-2}
/home/james/projects/cs6223/our_proptest_data/doc_and_code/mutants_2/datetime.date.isocalendar/mutant_1.py:41: assert 1 in {101}
/home/james/projects/cs6223/our_proptest_data/doc_and_code/mutants_2/datetime.date.isocalendar/mutant_2.py:10: assert 54 <= 53
/home/james/projects/cs6223/our_proptest_data/doc_and_code/mutants_2/datetime.date.isocalendar/mutant_2.py:19: assert 1 <= 0
/home/james/projects/cs6223/our_proptest_data/doc_and_code/mutants_2/datetime.date.isocalendar/mutant_2.py:28: assert 100 <= 53
/home/james/projects/cs6223/our_proptest_data/doc_and_code/mutants_2/datetime.date.isocalendar/mutant_2.py:37: assert 1 <= -1
/home/james/projects/cs6223/our_proptest_data/doc_and_code/mutants_2/datetime.date.isocalendar/mutant_2.py:46: assert 54 <= 53
/home/james/projects/cs6223/our_proptest_data/doc_and_code/mutants_2/datetime.date.isocalendar/mutant_3.py:10: assert 1 <= 0
/home/james/projects/cs6223/our_proptest_data/doc_and_code/mutants_2/datetime.date.isocalendar/mutant_3.py:19: assert 8 <= 7
/home/james/projects/cs6223/our_proptest_data/doc_and_code/mutants_2/datetime.date.isocalendar/mutant_3.py:28: assert 1 <= -1
/home/james/projects/cs6223/our_proptest_data/doc_and_code/mutants_2/datetime.date.isocalendar/mutant_3.py:37: assert 10 <= 7
/home/james/projects/cs6223/our_proptest_data/doc_and_code/mutants_2/datetime.date.isocalendar/mutant_3.py:46: assert 15 <= 7
/home/james/projects/cs6223/our_proptest_data/doc_and_code/mutants_2/datetime.date.isocalendar/mutant_4.py:9: assert datetime.IsoCalendarDate(year=1, week=1, weekday=1) != datetime.IsoCalendarDate(year=1, week=1, weekday=1)
/home/james/projects/cs6223/our_proptest_data/doc_and_code/mutants_2/datetime.date.isocalendar/mutant_4.py:17: assert 1 != 1
/home/james/projects/cs6223/our_proptest_data/doc_and_code/mutants_2/datetime.date.isocalendar/mutant_4.py:25: assert 1 != 1
/home/james/projects/cs6223/our_proptest_data/doc_and_code/mutants_2/datetime.date.isocalendar/mutant_4.py:33: assert 1 != 1
=========================== short test summary info ============================
FAILED doc_and_code/mutants_2/datetime.date.isocalendar/mutant_1.py::test_violation_of_datetime_date_isocalendar_1
FAILED doc_and_code/mutants_2/datetime.date.isocalendar/mutant_1.py::test_violation_of_datetime_date_isocalendar_2
FAILED doc_and_code/mutants_2/datetime.date.isocalendar/mutant_1.py::test_violation_of_datetime_date_isocalendar_3
FAILED doc_and_code/mutants_2/datetime.date.isocalendar/mutant_1.py::test_violation_of_datetime_date_isocalendar_4
FAILED doc_and_code/mutants_2/datetime.date.isocalendar/mutant_1.py::test_violation_of_datetime_date_isocalendar_5
FAILED doc_and_code/mutants_2/datetime.date.isocalendar/mutant_2.py::test_violation_of_datetime_date_isocalendar_1
FAILED doc_and_code/mutants_2/datetime.date.isocalendar/mutant_2.py::test_violation_of_datetime_date_isocalendar_2
FAILED doc_and_code/mutants_2/datetime.date.isocalendar/mutant_2.py::test_violation_of_datetime_date_isocalendar_3
FAILED doc_and_code/mutants_2/datetime.date.isocalendar/mutant_2.py::test_violation_of_datetime_date_isocalendar_4
FAILED doc_and_code/mutants_2/datetime.date.isocalendar/mutant_2.py::test_violation_of_datetime_date_isocalendar_5
FAILED doc_and_code/mutants_2/datetime.date.isocalendar/mutant_3.py::test_violation_of_datetime_date_isocalendar_1
FAILED doc_and_code/mutants_2/datetime.date.isocalendar/mutant_3.py::test_violation_of_datetime_date_isocalendar_2
FAILED doc_and_code/mutants_2/datetime.date.isocalendar/mutant_3.py::test_violation_of_datetime_date_isocalendar_3
FAILED doc_and_code/mutants_2/datetime.date.isocalendar/mutant_3.py::test_violation_of_datetime_date_isocalendar_4
FAILED doc_and_code/mutants_2/datetime.date.isocalendar/mutant_3.py::test_violation_of_datetime_date_isocalendar_5
FAILED doc_and_code/mutants_2/datetime.date.isocalendar/mutant_4.py::test_violation_of_datetime_date_isocalendar_1
FAILED doc_and_code/mutants_2/datetime.date.isocalendar/mutant_4.py::test_violation_of_datetime_date_isocalendar_2
FAILED doc_and_code/mutants_2/datetime.date.isocalendar/mutant_4.py::test_violation_of_datetime_date_isocalendar_3
FAILED doc_and_code/mutants_2/datetime.date.isocalendar/mutant_4.py::test_violation_of_datetime_date_isocalendar_4
======================== 19 failed, 1 passed in 18.94s =========================
