============================= test session starts ==============================
platform linux -- Python 3.10.12, pytest-8.3.3, pluggy-1.5.0
rootdir: /home/james/projects/cs6223/our_proptest_data
plugins: hypothesis-6.112.2, timeout-2.3.1
collected 25 items

doc_and_code/mutants_2/datetime.datetime.fromisoformat/mutant_1.py FFFFF [ 20%]
                                                                         [ 20%]
doc_and_code/mutants_2/datetime.datetime.fromisoformat/mutant_2.py FFFFF [ 40%]
                                                                         [ 40%]
doc_and_code/mutants_2/datetime.datetime.fromisoformat/mutant_3.py FFFFF [ 60%]
                                                                         [ 60%]
doc_and_code/mutants_2/datetime.datetime.fromisoformat/mutant_4.py ..... [ 80%]
                                                                         [ 80%]
doc_and_code/mutants_2/datetime.datetime.fromisoformat/mutant_5.py FFFFF [100%]

=================================== FAILURES ===================================
/home/james/projects/cs6223/our_proptest_data/doc_and_code/mutants_2/datetime.datetime.fromisoformat/mutant_1.py:7: hypothesis.errors.InvalidArgument: Too many positional arguments for test_violation_of_datetime_datetime_fromisoformat_1() were passed to @given - expected at most 0 arguments, but got 1 (data(),)
/home/james/projects/cs6223/our_proptest_data/doc_and_code/mutants_2/datetime.datetime.fromisoformat/mutant_1.py:17: hypothesis.errors.InvalidArgument: Too many positional arguments for test_violation_of_datetime_datetime_fromisoformat_2() were passed to @given - expected at most 0 arguments, but got 1 (data(),)
/home/james/projects/cs6223/our_proptest_data/doc_and_code/mutants_2/datetime.datetime.fromisoformat/mutant_1.py:27: hypothesis.errors.InvalidArgument: Too many positional arguments for test_violation_of_datetime_datetime_fromisoformat_3() were passed to @given - expected at most 0 arguments, but got 1 (data(),)
/home/james/projects/cs6223/our_proptest_data/doc_and_code/mutants_2/datetime.datetime.fromisoformat/mutant_1.py:37: hypothesis.errors.InvalidArgument: Too many positional arguments for test_violation_of_datetime_datetime_fromisoformat_4() were passed to @given - expected at most 0 arguments, but got 1 (data(),)
/home/james/projects/cs6223/our_proptest_data/doc_and_code/mutants_2/datetime.datetime.fromisoformat/mutant_1.py:47: hypothesis.errors.InvalidArgument: Too many positional arguments for test_violation_of_datetime_datetime_fromisoformat_5() were passed to @given - expected at most 0 arguments, but got 1 (data(),)
/home/james/projects/cs6223/our_proptest_data/doc_and_code/mutants_2/datetime.datetime.fromisoformat/mutant_2.py:8: hypothesis.errors.InvalidArgument: Too many positional arguments for test_violation_of_datetime_datetime_fromisoformat_1() were passed to @given - expected at most 0 arguments, but got 1 (data(),)
/home/james/projects/cs6223/our_proptest_data/doc_and_code/mutants_2/datetime.datetime.fromisoformat/mutant_2.py:22: hypothesis.errors.InvalidArgument: Too many positional arguments for test_violation_of_datetime_datetime_fromisoformat_2() were passed to @given - expected at most 0 arguments, but got 1 (data(),)
/home/james/projects/cs6223/our_proptest_data/doc_and_code/mutants_2/datetime.datetime.fromisoformat/mutant_2.py:36: hypothesis.errors.InvalidArgument: Too many positional arguments for test_violation_of_datetime_datetime_fromisoformat_3() were passed to @given - expected at most 0 arguments, but got 1 (data(),)
/home/james/projects/cs6223/our_proptest_data/doc_and_code/mutants_2/datetime.datetime.fromisoformat/mutant_2.py:50: hypothesis.errors.InvalidArgument: Too many positional arguments for test_violation_of_datetime_datetime_fromisoformat_4() were passed to @given - expected at most 0 arguments, but got 1 (data(),)
/home/james/projects/cs6223/our_proptest_data/doc_and_code/mutants_2/datetime.datetime.fromisoformat/mutant_2.py:64: hypothesis.errors.InvalidArgument: Too many positional arguments for test_violation_of_datetime_datetime_fromisoformat_5() were passed to @given - expected at most 0 arguments, but got 1 (data(),)
/home/james/projects/cs6223/our_proptest_data/doc_and_code/mutants_2/datetime.datetime.fromisoformat/mutant_3.py:8: hypothesis.errors.InvalidArgument: Too many positional arguments for test_violation_of_datetime_datetime_fromisoformat_1() were passed to @given - expected at most 0 arguments, but got 1 (data(),)
/home/james/projects/cs6223/our_proptest_data/doc_and_code/mutants_2/datetime.datetime.fromisoformat/mutant_3.py:19: hypothesis.errors.InvalidArgument: Too many positional arguments for test_violation_of_datetime_datetime_fromisoformat_2() were passed to @given - expected at most 0 arguments, but got 1 (data(),)
/home/james/projects/cs6223/our_proptest_data/doc_and_code/mutants_2/datetime.datetime.fromisoformat/mutant_3.py:30: hypothesis.errors.InvalidArgument: Too many positional arguments for test_violation_of_datetime_datetime_fromisoformat_3() were passed to @given - expected at most 0 arguments, but got 1 (data(),)
/home/james/projects/cs6223/our_proptest_data/doc_and_code/mutants_2/datetime.datetime.fromisoformat/mutant_3.py:41: hypothesis.errors.InvalidArgument: Too many positional arguments for test_violation_of_datetime_datetime_fromisoformat_4() were passed to @given - expected at most 0 arguments, but got 1 (data(),)
/home/james/projects/cs6223/our_proptest_data/doc_and_code/mutants_2/datetime.datetime.fromisoformat/mutant_3.py:52: hypothesis.errors.InvalidArgument: Too many positional arguments for test_violation_of_datetime_datetime_fromisoformat_5() were passed to @given - expected at most 0 arguments, but got 1 (data(),)
/home/james/projects/cs6223/our_proptest_data/doc_and_code/mutants_2/datetime.datetime.fromisoformat/mutant_5.py:7: hypothesis.errors.InvalidArgument: Too many positional arguments for test_violation_of_datetime_datetime_fromisoformat_1() were passed to @given - expected at most 0 arguments, but got 1 (data(),)
/home/james/projects/cs6223/our_proptest_data/doc_and_code/mutants_2/datetime.datetime.fromisoformat/mutant_5.py:14: hypothesis.errors.InvalidArgument: Too many positional arguments for test_violation_of_datetime_datetime_fromisoformat_2() were passed to @given - expected at most 0 arguments, but got 1 (data(),)
/home/james/projects/cs6223/our_proptest_data/doc_and_code/mutants_2/datetime.datetime.fromisoformat/mutant_5.py:21: hypothesis.errors.InvalidArgument: Too many positional arguments for test_violation_of_datetime_datetime_fromisoformat_3() were passed to @given - expected at most 0 arguments, but got 1 (data(),)
/home/james/projects/cs6223/our_proptest_data/doc_and_code/mutants_2/datetime.datetime.fromisoformat/mutant_5.py:28: hypothesis.errors.InvalidArgument: Too many positional arguments for test_violation_of_datetime_datetime_fromisoformat_4() were passed to @given - expected at most 0 arguments, but got 1 (data(),)
/home/james/projects/cs6223/our_proptest_data/doc_and_code/mutants_2/datetime.datetime.fromisoformat/mutant_5.py:35: hypothesis.errors.InvalidArgument: Too many positional arguments for test_violation_of_datetime_datetime_fromisoformat_5() were passed to @given - expected at most 0 arguments, but got 1 (data(),)
=========================== short test summary info ============================
FAILED doc_and_code/mutants_2/datetime.datetime.fromisoformat/mutant_1.py::test_violation_of_datetime_datetime_fromisoformat_1
FAILED doc_and_code/mutants_2/datetime.datetime.fromisoformat/mutant_1.py::test_violation_of_datetime_datetime_fromisoformat_2
FAILED doc_and_code/mutants_2/datetime.datetime.fromisoformat/mutant_1.py::test_violation_of_datetime_datetime_fromisoformat_3
FAILED doc_and_code/mutants_2/datetime.datetime.fromisoformat/mutant_1.py::test_violation_of_datetime_datetime_fromisoformat_4
FAILED doc_and_code/mutants_2/datetime.datetime.fromisoformat/mutant_1.py::test_violation_of_datetime_datetime_fromisoformat_5
FAILED doc_and_code/mutants_2/datetime.datetime.fromisoformat/mutant_2.py::test_violation_of_datetime_datetime_fromisoformat_1
FAILED doc_and_code/mutants_2/datetime.datetime.fromisoformat/mutant_2.py::test_violation_of_datetime_datetime_fromisoformat_2
FAILED doc_and_code/mutants_2/datetime.datetime.fromisoformat/mutant_2.py::test_violation_of_datetime_datetime_fromisoformat_3
FAILED doc_and_code/mutants_2/datetime.datetime.fromisoformat/mutant_2.py::test_violation_of_datetime_datetime_fromisoformat_4
FAILED doc_and_code/mutants_2/datetime.datetime.fromisoformat/mutant_2.py::test_violation_of_datetime_datetime_fromisoformat_5
FAILED doc_and_code/mutants_2/datetime.datetime.fromisoformat/mutant_3.py::test_violation_of_datetime_datetime_fromisoformat_1
FAILED doc_and_code/mutants_2/datetime.datetime.fromisoformat/mutant_3.py::test_violation_of_datetime_datetime_fromisoformat_2
FAILED doc_and_code/mutants_2/datetime.datetime.fromisoformat/mutant_3.py::test_violation_of_datetime_datetime_fromisoformat_3
FAILED doc_and_code/mutants_2/datetime.datetime.fromisoformat/mutant_3.py::test_violation_of_datetime_datetime_fromisoformat_4
FAILED doc_and_code/mutants_2/datetime.datetime.fromisoformat/mutant_3.py::test_violation_of_datetime_datetime_fromisoformat_5
FAILED doc_and_code/mutants_2/datetime.datetime.fromisoformat/mutant_5.py::test_violation_of_datetime_datetime_fromisoformat_1
FAILED doc_and_code/mutants_2/datetime.datetime.fromisoformat/mutant_5.py::test_violation_of_datetime_datetime_fromisoformat_2
FAILED doc_and_code/mutants_2/datetime.datetime.fromisoformat/mutant_5.py::test_violation_of_datetime_datetime_fromisoformat_3
FAILED doc_and_code/mutants_2/datetime.datetime.fromisoformat/mutant_5.py::test_violation_of_datetime_datetime_fromisoformat_4
FAILED doc_and_code/mutants_2/datetime.datetime.fromisoformat/mutant_5.py::test_violation_of_datetime_datetime_fromisoformat_5
========================= 20 failed, 5 passed in 0.16s =========================
