============================= test session starts ==============================
platform linux -- Python 3.10.12, pytest-8.3.3, pluggy-1.5.0
rootdir: /home/james/projects/cs6223/our_proptest_data
plugins: hypothesis-6.112.2, timeout-2.3.1
collected 25 items

doc_and_code/mutants_2/decimal.Decimal.as_integer_ratio/mutant_1.py FF.. [ 16%]
F                                                                        [ 20%]
doc_and_code/mutants_2/decimal.Decimal.as_integer_ratio/mutant_2.py FFFF [ 36%]
F                                                                        [ 40%]
doc_and_code/mutants_2/decimal.Decimal.as_integer_ratio/mutant_3.py FFFF [ 56%]
F                                                                        [ 60%]
doc_and_code/mutants_2/decimal.Decimal.as_integer_ratio/mutant_4.py FFF. [ 76%]
F                                                                        [ 80%]
doc_and_code/mutants_2/decimal.Decimal.as_integer_ratio/mutant_5.py FFFF [ 96%]
F                                                                        [100%]

=================================== FAILURES ===================================
/home/james/projects/cs6223/our_proptest_data/doc_and_code/mutants_2/decimal.Decimal.as_integer_ratio/mutant_1.py:9: assert 2 == 1
/home/james/projects/cs6223/our_proptest_data/doc_and_code/mutants_2/decimal.Decimal.as_integer_ratio/mutant_1.py:15: assert 2 == 1
/home/james/projects/cs6223/our_proptest_data/doc_and_code/mutants_2/decimal.Decimal.as_integer_ratio/mutant_1.py:33: assert 2 == 1
/home/james/projects/cs6223/our_proptest_data/doc_and_code/mutants_2/decimal.Decimal.as_integer_ratio/mutant_2.py:9: assert -1 > 0
/home/james/projects/cs6223/our_proptest_data/doc_and_code/mutants_2/decimal.Decimal.as_integer_ratio/mutant_2.py:15: assert 0 > 0
/home/james/projects/cs6223/our_proptest_data/doc_and_code/mutants_2/decimal.Decimal.as_integer_ratio/mutant_2.py:21: assert -1 > 0
/home/james/projects/cs6223/our_proptest_data/doc_and_code/mutants_2/decimal.Decimal.as_integer_ratio/mutant_2.py:27: assert -10 > 0
/home/james/projects/cs6223/our_proptest_data/doc_and_code/mutants_2/decimal.Decimal.as_integer_ratio/mutant_2.py:33: assert -2 > 0
/home/james/projects/cs6223/our_proptest_data/doc_and_code/mutants_2/decimal.Decimal.as_integer_ratio/mutant_3.py:10: AssertionError: assert (Decimal('1') / Decimal('1')) == Decimal('0')
/home/james/projects/cs6223/our_proptest_data/doc_and_code/mutants_2/decimal.Decimal.as_integer_ratio/mutant_3.py:17: AssertionError: assert (Decimal('1') / Decimal('2')) == Decimal('1')
/home/james/projects/cs6223/our_proptest_data/doc_and_code/mutants_2/decimal.Decimal.as_integer_ratio/mutant_3.py:24: AssertionError: assert (Decimal('2') / Decimal('1')) == Decimal('1')
/home/james/projects/cs6223/our_proptest_data/doc_and_code/mutants_2/decimal.Decimal.as_integer_ratio/mutant_3.py:31: AssertionError: assert (Decimal('1') / Decimal('2')) == Decimal('1')
/home/james/projects/cs6223/our_proptest_data/doc_and_code/mutants_2/decimal.Decimal.as_integer_ratio/mutant_3.py:38: AssertionError: assert (Decimal('1') / Decimal('2')) == Decimal('0')
/home/james/projects/cs6223/our_proptest_data/doc_and_code/mutants_2/decimal.Decimal.as_integer_ratio/mutant_4.py:6: hypothesis.errors.FailedHealthCheck: Tests run under @given should return None, but test_violation_of_decimal_as_integer_ratio_1 returned (1, 1) instead.
/home/james/projects/cs6223/our_proptest_data/doc_and_code/mutants_2/decimal.Decimal.as_integer_ratio/mutant_4.py:12: hypothesis.errors.FailedHealthCheck: Tests run under @given should return None, but test_violation_of_decimal_as_integer_ratio_2 returned [1, 1] instead.
/home/james/projects/cs6223/our_proptest_data/doc_and_code/mutants_2/decimal.Decimal.as_integer_ratio/mutant_4.py:18: hypothesis.errors.FailedHealthCheck: Tests run under @given should return None, but test_violation_of_decimal_as_integer_ratio_3 returned 'Not an error' instead.
/home/james/projects/cs6223/our_proptest_data/doc_and_code/mutants_2/decimal.Decimal.as_integer_ratio/mutant_4.py:33: ValueError: This is not an OverflowError
/home/james/projects/cs6223/our_proptest_data/doc_and_code/mutants_2/decimal.Decimal.as_integer_ratio/mutant_5.py:9: ValueError: cannot convert NaN to integer ratio
/home/james/projects/cs6223/our_proptest_data/doc_and_code/mutants_2/decimal.Decimal.as_integer_ratio/mutant_5.py:13: hypothesis.errors.FailedHealthCheck: Tests run under @given should return None, but test_violation_of_decimal_Decimal_as_integer_ratio_2 returned (0, 1) instead.
/home/james/projects/cs6223/our_proptest_data/doc_and_code/mutants_2/decimal.Decimal.as_integer_ratio/mutant_5.py:24: ValueError: cannot convert NaN to integer ratio
/home/james/projects/cs6223/our_proptest_data/doc_and_code/mutants_2/decimal.Decimal.as_integer_ratio/mutant_5.py:28: hypothesis.errors.FailedHealthCheck: Tests run under @given should return None, but test_violation_of_decimal_Decimal_as_integer_ratio_4 returned (1, 0) instead.
/home/james/projects/cs6223/our_proptest_data/doc_and_code/mutants_2/decimal.Decimal.as_integer_ratio/mutant_5.py:38: ValueError: cannot convert NaN to integer ratio
=========================== short test summary info ============================
FAILED doc_and_code/mutants_2/decimal.Decimal.as_integer_ratio/mutant_1.py::test_violation_of_decimal_Decimal_as_integer_ratio_1
FAILED doc_and_code/mutants_2/decimal.Decimal.as_integer_ratio/mutant_1.py::test_violation_of_decimal_Decimal_as_integer_ratio_2
FAILED doc_and_code/mutants_2/decimal.Decimal.as_integer_ratio/mutant_1.py::test_violation_of_decimal_Decimal_as_integer_ratio_5
FAILED doc_and_code/mutants_2/decimal.Decimal.as_integer_ratio/mutant_2.py::test_violation_of_decimal_Decimal_as_integer_ratio_1
FAILED doc_and_code/mutants_2/decimal.Decimal.as_integer_ratio/mutant_2.py::test_violation_of_decimal_Decimal_as_integer_ratio_2
FAILED doc_and_code/mutants_2/decimal.Decimal.as_integer_ratio/mutant_2.py::test_violation_of_decimal_Decimal_as_integer_ratio_3
FAILED doc_and_code/mutants_2/decimal.Decimal.as_integer_ratio/mutant_2.py::test_violation_of_decimal_Decimal_as_integer_ratio_4
FAILED doc_and_code/mutants_2/decimal.Decimal.as_integer_ratio/mutant_2.py::test_violation_of_decimal_Decimal_as_integer_ratio_5
FAILED doc_and_code/mutants_2/decimal.Decimal.as_integer_ratio/mutant_3.py::test_violation_of_decimal_Decimal_as_integer_ratio_1
FAILED doc_and_code/mutants_2/decimal.Decimal.as_integer_ratio/mutant_3.py::test_violation_of_decimal_Decimal_as_integer_ratio_2
FAILED doc_and_code/mutants_2/decimal.Decimal.as_integer_ratio/mutant_3.py::test_violation_of_decimal_Decimal_as_integer_ratio_3
FAILED doc_and_code/mutants_2/decimal.Decimal.as_integer_ratio/mutant_3.py::test_violation_of_decimal_Decimal_as_integer_ratio_4
FAILED doc_and_code/mutants_2/decimal.Decimal.as_integer_ratio/mutant_3.py::test_violation_of_decimal_Decimal_as_integer_ratio_5
FAILED doc_and_code/mutants_2/decimal.Decimal.as_integer_ratio/mutant_4.py::test_violation_of_decimal_as_integer_ratio_1
FAILED doc_and_code/mutants_2/decimal.Decimal.as_integer_ratio/mutant_4.py::test_violation_of_decimal_as_integer_ratio_2
FAILED doc_and_code/mutants_2/decimal.Decimal.as_integer_ratio/mutant_4.py::test_violation_of_decimal_as_integer_ratio_3
FAILED doc_and_code/mutants_2/decimal.Decimal.as_integer_ratio/mutant_4.py::test_violation_of_decimal_as_integer_ratio_5
FAILED doc_and_code/mutants_2/decimal.Decimal.as_integer_ratio/mutant_5.py::test_violation_of_decimal_Decimal_as_integer_ratio_1
FAILED doc_and_code/mutants_2/decimal.Decimal.as_integer_ratio/mutant_5.py::test_violation_of_decimal_Decimal_as_integer_ratio_2
FAILED doc_and_code/mutants_2/decimal.Decimal.as_integer_ratio/mutant_5.py::test_violation_of_decimal_Decimal_as_integer_ratio_3
FAILED doc_and_code/mutants_2/decimal.Decimal.as_integer_ratio/mutant_5.py::test_violation_of_decimal_Decimal_as_integer_ratio_4
FAILED doc_and_code/mutants_2/decimal.Decimal.as_integer_ratio/mutant_5.py::test_violation_of_decimal_Decimal_as_integer_ratio_5
========================= 22 failed, 3 passed in 5.41s =========================
