============================= test session starts ==============================
platform linux -- Python 3.10.12, pytest-8.3.3, pluggy-1.5.0
rootdir: /home/james/projects/cs6223/our_proptest_data
plugins: hypothesis-6.112.2, timeout-2.3.1
collected 25 items

doc_and_code/mutants_2/html.escape/mutant_1.py FFFFF                     [ 20%]
doc_and_code/mutants_2/html.escape/mutant_2.py F.FFF                     [ 40%]
doc_and_code/mutants_2/html.escape/mutant_3.py FFFFF                     [ 60%]
doc_and_code/mutants_2/html.escape/mutant_4.py FFFFF                     [ 80%]
doc_and_code/mutants_2/html.escape/mutant_5.py .F...                     [100%]

=================================== FAILURES ===================================
/home/james/projects/cs6223/our_proptest_data/doc_and_code/mutants_2/html.escape/mutant_1.py:8: assert False
/home/james/projects/cs6223/our_proptest_data/doc_and_code/mutants_2/html.escape/mutant_1.py:13: assert False
/home/james/projects/cs6223/our_proptest_data/doc_and_code/mutants_2/html.escape/mutant_1.py:18: assert False
/home/james/projects/cs6223/our_proptest_data/doc_and_code/mutants_2/html.escape/mutant_1.py:23: assert False
/home/james/projects/cs6223/our_proptest_data/doc_and_code/mutants_2/html.escape/mutant_1.py:28: assert False
/home/james/projects/cs6223/our_proptest_data/doc_and_code/mutants_2/html.escape/mutant_2.py:11: AssertionError: assert 0 >= (1 - 0)
/home/james/projects/cs6223/our_proptest_data/doc_and_code/mutants_2/html.escape/mutant_2.py:27: AssertionError: assert 0 >= (1 - 0)
/home/james/projects/cs6223/our_proptest_data/doc_and_code/mutants_2/html.escape/mutant_2.py:35: AssertionError: assert 0 >= (1 - 0)
/home/james/projects/cs6223/our_proptest_data/doc_and_code/mutants_2/html.escape/mutant_2.py:43: AssertionError: assert 0 >= (1 - 0)
/home/james/projects/cs6223/our_proptest_data/doc_and_code/mutants_2/html.escape/mutant_3.py:7: hypothesis.errors.InvalidArgument: Too many positional arguments for test_violation_of_html_escape_1() were passed to @given - expected at most 0 arguments, but got 1 (data(),)
/home/james/projects/cs6223/our_proptest_data/doc_and_code/mutants_2/html.escape/mutant_3.py:12: hypothesis.errors.InvalidArgument: Too many positional arguments for test_violation_of_html_escape_2() were passed to @given - expected at most 0 arguments, but got 1 (data(),)
/home/james/projects/cs6223/our_proptest_data/doc_and_code/mutants_2/html.escape/mutant_3.py:17: hypothesis.errors.InvalidArgument: Too many positional arguments for test_violation_of_html_escape_3() were passed to @given - expected at most 0 arguments, but got 1 (data(),)
/home/james/projects/cs6223/our_proptest_data/doc_and_code/mutants_2/html.escape/mutant_3.py:22: hypothesis.errors.InvalidArgument: Too many positional arguments for test_violation_of_html_escape_4() were passed to @given - expected at most 0 arguments, but got 1 (data(),)
/home/james/projects/cs6223/our_proptest_data/doc_and_code/mutants_2/html.escape/mutant_3.py:27: hypothesis.errors.InvalidArgument: Too many positional arguments for test_violation_of_html_escape_5() were passed to @given - expected at most 0 arguments, but got 1 (data(),)
/home/james/projects/cs6223/our_proptest_data/doc_and_code/mutants_2/html.escape/mutant_4.py:11: assert False
/home/james/projects/cs6223/our_proptest_data/doc_and_code/mutants_2/html.escape/mutant_4.py:19: assert False
/home/james/projects/cs6223/our_proptest_data/doc_and_code/mutants_2/html.escape/mutant_4.py:27: assert False
/home/james/projects/cs6223/our_proptest_data/doc_and_code/mutants_2/html.escape/mutant_4.py:35: assert False
/home/james/projects/cs6223/our_proptest_data/doc_and_code/mutants_2/html.escape/mutant_4.py:43: assert False
/home/james/projects/cs6223/our_proptest_data/doc_and_code/mutants_2/html.escape/mutant_5.py:17: assert False
=========================== short test summary info ============================
FAILED doc_and_code/mutants_2/html.escape/mutant_1.py::test_violation_of_html_escape_1
FAILED doc_and_code/mutants_2/html.escape/mutant_1.py::test_violation_of_html_escape_2
FAILED doc_and_code/mutants_2/html.escape/mutant_1.py::test_violation_of_html_escape_3
FAILED doc_and_code/mutants_2/html.escape/mutant_1.py::test_violation_of_html_escape_4
FAILED doc_and_code/mutants_2/html.escape/mutant_1.py::test_violation_of_html_escape_5
FAILED doc_and_code/mutants_2/html.escape/mutant_2.py::test_violation_of_html_escape_1
FAILED doc_and_code/mutants_2/html.escape/mutant_2.py::test_violation_of_html_escape_3
FAILED doc_and_code/mutants_2/html.escape/mutant_2.py::test_violation_of_html_escape_4
FAILED doc_and_code/mutants_2/html.escape/mutant_2.py::test_violation_of_html_escape_5
FAILED doc_and_code/mutants_2/html.escape/mutant_3.py::test_violation_of_html_escape_1
FAILED doc_and_code/mutants_2/html.escape/mutant_3.py::test_violation_of_html_escape_2
FAILED doc_and_code/mutants_2/html.escape/mutant_3.py::test_violation_of_html_escape_3
FAILED doc_and_code/mutants_2/html.escape/mutant_3.py::test_violation_of_html_escape_4
FAILED doc_and_code/mutants_2/html.escape/mutant_3.py::test_violation_of_html_escape_5
FAILED doc_and_code/mutants_2/html.escape/mutant_4.py::test_violation_of_html_escape_1
FAILED doc_and_code/mutants_2/html.escape/mutant_4.py::test_violation_of_html_escape_2
FAILED doc_and_code/mutants_2/html.escape/mutant_4.py::test_violation_of_html_escape_3
FAILED doc_and_code/mutants_2/html.escape/mutant_4.py::test_violation_of_html_escape_4
FAILED doc_and_code/mutants_2/html.escape/mutant_4.py::test_violation_of_html_escape_5
FAILED doc_and_code/mutants_2/html.escape/mutant_5.py::test_violation_of_html_escape_2
========================= 20 failed, 5 passed in 2.63s =========================
