============================= test session starts ==============================
platform linux -- Python 3.10.12, pytest-8.3.3, pluggy-1.5.0
rootdir: /home/james/projects/cs6223/our_proptest_data
plugins: hypothesis-6.112.2, timeout-2.3.1
collected 20 items

doc_and_code/mutants_2/networkx.algorithms.bipartite.basic.color/mutant_1.py F [  5%]
FFFF                                                                     [ 25%]
doc_and_code/mutants_2/networkx.algorithms.bipartite.basic.color/mutant_2.py F [ 30%]
FFFF                                                                     [ 50%]
doc_and_code/mutants_2/networkx.algorithms.bipartite.basic.color/mutant_3.py F [ 55%]
FFFF                                                                     [ 75%]
doc_and_code/mutants_2/networkx.algorithms.bipartite.basic.color/mutant_4.py F [ 80%]
FFFF                                                                     [100%]

=================================== FAILURES ===================================
/home/james/projects/cs6223/our_proptest_data/doc_and_code/mutants_2/networkx.algorithms.bipartite.basic.color/mutant_1.py:8: hypothesis.errors.InvalidArgument: Too many positional arguments for test_violation_of_networkx_algorithms_bipartite_basic_color_1() were passed to @given - expected at most 0 arguments, but got 1 (data(),)
/home/james/projects/cs6223/our_proptest_data/doc_and_code/mutants_2/networkx.algorithms.bipartite.basic.color/mutant_1.py:21: hypothesis.errors.InvalidArgument: Too many positional arguments for test_violation_of_networkx_algorithms_bipartite_basic_color_2() were passed to @given - expected at most 0 arguments, but got 1 (data(),)
/home/james/projects/cs6223/our_proptest_data/doc_and_code/mutants_2/networkx.algorithms.bipartite.basic.color/mutant_1.py:32: hypothesis.errors.InvalidArgument: Too many positional arguments for test_violation_of_networkx_algorithms_bipartite_basic_color_3() were passed to @given - expected at most 0 arguments, but got 1 (data(),)
/home/james/projects/cs6223/our_proptest_data/doc_and_code/mutants_2/networkx.algorithms.bipartite.basic.color/mutant_1.py:43: hypothesis.errors.InvalidArgument: Too many positional arguments for test_violation_of_networkx_algorithms_bipartite_basic_color_4() were passed to @given - expected at most 0 arguments, but got 1 (data(),)
/home/james/projects/cs6223/our_proptest_data/doc_and_code/mutants_2/networkx.algorithms.bipartite.basic.color/mutant_1.py:54: hypothesis.errors.InvalidArgument: Too many positional arguments for test_violation_of_networkx_algorithms_bipartite_basic_color_5() were passed to @given - expected at most 0 arguments, but got 1 (data(),)
/home/james/projects/cs6223/our_proptest_data/doc_and_code/mutants_2/networkx.algorithms.bipartite.basic.color/mutant_2.py:8: hypothesis.errors.InvalidArgument: Too many positional arguments for test_violation_of_networkx_algorithms_bipartite_basic_color_1() were passed to @given - expected at most 0 arguments, but got 1 (data(),)
/home/james/projects/cs6223/our_proptest_data/doc_and_code/mutants_2/networkx.algorithms.bipartite.basic.color/mutant_2.py:19: hypothesis.errors.InvalidArgument: Too many positional arguments for test_violation_of_networkx_algorithms_bipartite_basic_color_2() were passed to @given - expected at most 0 arguments, but got 1 (data(),)
/home/james/projects/cs6223/our_proptest_data/doc_and_code/mutants_2/networkx.algorithms.bipartite.basic.color/mutant_2.py:30: hypothesis.errors.InvalidArgument: Too many positional arguments for test_violation_of_networkx_algorithms_bipartite_basic_color_3() were passed to @given - expected at most 0 arguments, but got 1 (data(),)
/home/james/projects/cs6223/our_proptest_data/doc_and_code/mutants_2/networkx.algorithms.bipartite.basic.color/mutant_2.py:42: hypothesis.errors.InvalidArgument: Too many positional arguments for test_violation_of_networkx_algorithms_bipartite_basic_color_4() were passed to @given - expected at most 0 arguments, but got 1 (data(),)
/home/james/projects/cs6223/our_proptest_data/doc_and_code/mutants_2/networkx.algorithms.bipartite.basic.color/mutant_2.py:53: hypothesis.errors.InvalidArgument: Too many positional arguments for test_violation_of_networkx_algorithms_bipartite_basic_color_5() were passed to @given - expected at most 0 arguments, but got 1 (data(),)
/home/james/projects/cs6223/our_proptest_data/doc_and_code/mutants_2/networkx.algorithms.bipartite.basic.color/mutant_3.py:8: hypothesis.errors.InvalidArgument: Too many positional arguments for test_violation_of_networkx_algorithms_bipartite_basic_color_1() were passed to @given - expected at most 0 arguments, but got 1 (data(),)
/home/james/projects/cs6223/our_proptest_data/doc_and_code/mutants_2/networkx.algorithms.bipartite.basic.color/mutant_3.py:18: hypothesis.errors.InvalidArgument: Too many positional arguments for test_violation_of_networkx_algorithms_bipartite_basic_color_2() were passed to @given - expected at most 0 arguments, but got 1 (data(),)
/home/james/projects/cs6223/our_proptest_data/doc_and_code/mutants_2/networkx.algorithms.bipartite.basic.color/mutant_3.py:28: hypothesis.errors.InvalidArgument: Too many positional arguments for test_violation_of_networkx_algorithms_bipartite_basic_color_3() were passed to @given - expected at most 0 arguments, but got 1 (data(),)
/home/james/projects/cs6223/our_proptest_data/doc_and_code/mutants_2/networkx.algorithms.bipartite.basic.color/mutant_3.py:38: hypothesis.errors.InvalidArgument: Too many positional arguments for test_violation_of_networkx_algorithms_bipartite_basic_color_4() were passed to @given - expected at most 0 arguments, but got 1 (data(),)
/home/james/projects/cs6223/our_proptest_data/doc_and_code/mutants_2/networkx.algorithms.bipartite.basic.color/mutant_3.py:49: hypothesis.errors.InvalidArgument: Too many positional arguments for test_violation_of_networkx_algorithms_bipartite_basic_color_5() were passed to @given - expected at most 0 arguments, but got 1 (data(),)
/home/james/projects/cs6223/our_proptest_data/doc_and_code/mutants_2/networkx.algorithms.bipartite.basic.color/mutant_4.py:8: hypothesis.errors.InvalidArgument: Too many positional arguments for test_violation_of_networkx_algorithms_bipartite_basic_color_1() were passed to @given - expected at most 0 arguments, but got 1 (data(),)
/home/james/projects/cs6223/our_proptest_data/doc_and_code/mutants_2/networkx.algorithms.bipartite.basic.color/mutant_4.py:19: hypothesis.errors.InvalidArgument: Too many positional arguments for test_violation_of_networkx_algorithms_bipartite_basic_color_2() were passed to @given - expected at most 0 arguments, but got 1 (data(),)
/home/james/projects/cs6223/our_proptest_data/doc_and_code/mutants_2/networkx.algorithms.bipartite.basic.color/mutant_4.py:30: hypothesis.errors.InvalidArgument: Too many positional arguments for test_violation_of_networkx_algorithms_bipartite_basic_color_3() were passed to @given - expected at most 0 arguments, but got 1 (data(),)
/home/james/projects/cs6223/our_proptest_data/doc_and_code/mutants_2/networkx.algorithms.bipartite.basic.color/mutant_4.py:41: hypothesis.errors.InvalidArgument: Too many positional arguments for test_violation_of_networkx_algorithms_bipartite_basic_color_4() were passed to @given - expected at most 0 arguments, but got 1 (data(),)
/home/james/projects/cs6223/our_proptest_data/doc_and_code/mutants_2/networkx.algorithms.bipartite.basic.color/mutant_4.py:52: hypothesis.errors.InvalidArgument: Too many positional arguments for test_violation_of_networkx_algorithms_bipartite_basic_color_5() were passed to @given - expected at most 0 arguments, but got 1 (data(),)
=========================== short test summary info ============================
FAILED doc_and_code/mutants_2/networkx.algorithms.bipartite.basic.color/mutant_1.py::test_violation_of_networkx_algorithms_bipartite_basic_color_1
FAILED doc_and_code/mutants_2/networkx.algorithms.bipartite.basic.color/mutant_1.py::test_violation_of_networkx_algorithms_bipartite_basic_color_2
FAILED doc_and_code/mutants_2/networkx.algorithms.bipartite.basic.color/mutant_1.py::test_violation_of_networkx_algorithms_bipartite_basic_color_3
FAILED doc_and_code/mutants_2/networkx.algorithms.bipartite.basic.color/mutant_1.py::test_violation_of_networkx_algorithms_bipartite_basic_color_4
FAILED doc_and_code/mutants_2/networkx.algorithms.bipartite.basic.color/mutant_1.py::test_violation_of_networkx_algorithms_bipartite_basic_color_5
FAILED doc_and_code/mutants_2/networkx.algorithms.bipartite.basic.color/mutant_2.py::test_violation_of_networkx_algorithms_bipartite_basic_color_1
FAILED doc_and_code/mutants_2/networkx.algorithms.bipartite.basic.color/mutant_2.py::test_violation_of_networkx_algorithms_bipartite_basic_color_2
FAILED doc_and_code/mutants_2/networkx.algorithms.bipartite.basic.color/mutant_2.py::test_violation_of_networkx_algorithms_bipartite_basic_color_3
FAILED doc_and_code/mutants_2/networkx.algorithms.bipartite.basic.color/mutant_2.py::test_violation_of_networkx_algorithms_bipartite_basic_color_4
FAILED doc_and_code/mutants_2/networkx.algorithms.bipartite.basic.color/mutant_2.py::test_violation_of_networkx_algorithms_bipartite_basic_color_5
FAILED doc_and_code/mutants_2/networkx.algorithms.bipartite.basic.color/mutant_3.py::test_violation_of_networkx_algorithms_bipartite_basic_color_1
FAILED doc_and_code/mutants_2/networkx.algorithms.bipartite.basic.color/mutant_3.py::test_violation_of_networkx_algorithms_bipartite_basic_color_2
FAILED doc_and_code/mutants_2/networkx.algorithms.bipartite.basic.color/mutant_3.py::test_violation_of_networkx_algorithms_bipartite_basic_color_3
FAILED doc_and_code/mutants_2/networkx.algorithms.bipartite.basic.color/mutant_3.py::test_violation_of_networkx_algorithms_bipartite_basic_color_4
FAILED doc_and_code/mutants_2/networkx.algorithms.bipartite.basic.color/mutant_3.py::test_violation_of_networkx_algorithms_bipartite_basic_color_5
FAILED doc_and_code/mutants_2/networkx.algorithms.bipartite.basic.color/mutant_4.py::test_violation_of_networkx_algorithms_bipartite_basic_color_1
FAILED doc_and_code/mutants_2/networkx.algorithms.bipartite.basic.color/mutant_4.py::test_violation_of_networkx_algorithms_bipartite_basic_color_2
FAILED doc_and_code/mutants_2/networkx.algorithms.bipartite.basic.color/mutant_4.py::test_violation_of_networkx_algorithms_bipartite_basic_color_3
FAILED doc_and_code/mutants_2/networkx.algorithms.bipartite.basic.color/mutant_4.py::test_violation_of_networkx_algorithms_bipartite_basic_color_4
FAILED doc_and_code/mutants_2/networkx.algorithms.bipartite.basic.color/mutant_4.py::test_violation_of_networkx_algorithms_bipartite_basic_color_5
============================== 20 failed in 0.13s ==============================
