============================= test session starts ==============================
platform linux -- Python 3.10.12, pytest-8.3.3, pluggy-1.5.0
rootdir: /home/james/projects/cs6223/our_proptest_data
plugins: hypothesis-6.112.2, timeout-2.3.1
collected 15 items

doc_and_code/mutants_2/statistics.median/mutant_1.py FFFFF               [ 33%]
doc_and_code/mutants_2/statistics.median/mutant_2.py FFFFF               [ 66%]
doc_and_code/mutants_2/statistics.median/mutant_3.py FFFFF               [100%]

=================================== FAILURES ===================================
/home/james/projects/cs6223/our_proptest_data/doc_and_code/mutants_2/statistics.median/mutant_1.py:11: assert 0 == 1
/home/james/projects/cs6223/our_proptest_data/doc_and_code/mutants_2/statistics.median/mutant_1.py:19: assert 0 == -1
/home/james/projects/cs6223/our_proptest_data/doc_and_code/mutants_2/statistics.median/mutant_1.py:27: assert 1 == 2
/home/james/projects/cs6223/our_proptest_data/doc_and_code/mutants_2/statistics.median/mutant_1.py:35: assert 1 == 0.5
/home/james/projects/cs6223/our_proptest_data/doc_and_code/mutants_2/statistics.median/mutant_1.py:43: assert 1 == -1
/home/james/projects/cs6223/our_proptest_data/doc_and_code/mutants_2/statistics.median/mutant_2.py:12: assert 0.0 == 1.0
/home/james/projects/cs6223/our_proptest_data/doc_and_code/mutants_2/statistics.median/mutant_2.py:21: assert 0.0 == -1.0
/home/james/projects/cs6223/our_proptest_data/doc_and_code/mutants_2/statistics.median/mutant_2.py:30: assert 0.5 == 1.0
/home/james/projects/cs6223/our_proptest_data/doc_and_code/mutants_2/statistics.median/mutant_2.py:39: assert 0.5 == 0.25
/home/james/projects/cs6223/our_proptest_data/doc_and_code/mutants_2/statistics.median/mutant_2.py:48: assert 0.5 == -0.5
/home/james/projects/cs6223/our_proptest_data/doc_and_code/mutants_2/statistics.median/mutant_3.py:10: assert False
/home/james/projects/cs6223/our_proptest_data/doc_and_code/mutants_2/statistics.median/mutant_3.py:19: assert False
/home/james/projects/cs6223/our_proptest_data/doc_and_code/mutants_2/statistics.median/mutant_3.py:28: assert False
/home/james/projects/cs6223/our_proptest_data/doc_and_code/mutants_2/statistics.median/mutant_3.py:37: assert False
/home/james/projects/cs6223/our_proptest_data/doc_and_code/mutants_2/statistics.median/mutant_3.py:46: assert False
=========================== short test summary info ============================
FAILED doc_and_code/mutants_2/statistics.median/mutant_1.py::test_violation_of_statistics_median_1
FAILED doc_and_code/mutants_2/statistics.median/mutant_1.py::test_violation_of_statistics_median_2
FAILED doc_and_code/mutants_2/statistics.median/mutant_1.py::test_violation_of_statistics_median_3
FAILED doc_and_code/mutants_2/statistics.median/mutant_1.py::test_violation_of_statistics_median_4
FAILED doc_and_code/mutants_2/statistics.median/mutant_1.py::test_violation_of_statistics_median_5
FAILED doc_and_code/mutants_2/statistics.median/mutant_2.py::test_violation_of_statistics_median_1
FAILED doc_and_code/mutants_2/statistics.median/mutant_2.py::test_violation_of_statistics_median_2
FAILED doc_and_code/mutants_2/statistics.median/mutant_2.py::test_violation_of_statistics_median_3
FAILED doc_and_code/mutants_2/statistics.median/mutant_2.py::test_violation_of_statistics_median_4
FAILED doc_and_code/mutants_2/statistics.median/mutant_2.py::test_violation_of_statistics_median_5
FAILED doc_and_code/mutants_2/statistics.median/mutant_3.py::test_violation_of_statistics_median_1
FAILED doc_and_code/mutants_2/statistics.median/mutant_3.py::test_violation_of_statistics_median_2
FAILED doc_and_code/mutants_2/statistics.median/mutant_3.py::test_violation_of_statistics_median_3
FAILED doc_and_code/mutants_2/statistics.median/mutant_3.py::test_violation_of_statistics_median_4
FAILED doc_and_code/mutants_2/statistics.median/mutant_3.py::test_violation_of_statistics_median_5
============================== 15 failed in 1.36s ==============================
