============================= test session starts ==============================
platform linux -- Python 3.10.12, pytest-8.3.3, pluggy-1.5.0
rootdir: /home/james/projects/cs6223/our_proptest_data
plugins: hypothesis-6.112.2, timeout-2.3.1
collected 10 items / 3 errors

doc_and_code/mutants/datetime.datetime.fromisoformat/mutant_2.py FFFFF   [ 50%]
doc_and_code/mutants/datetime.datetime.fromisoformat/mutant_4.py FFFFF   [100%]

==================================== ERRORS ====================================
_ ERROR collecting doc_and_code/mutants/datetime.datetime.fromisoformat/mutant_1.py _
E   NameError: name 'valid_iso_date_strings' is not defined
_ ERROR collecting doc_and_code/mutants/datetime.datetime.fromisoformat/mutant_3.py _
E   NameError: name 'valid_iso_date_strings' is not defined
_ ERROR collecting doc_and_code/mutants/datetime.datetime.fromisoformat/mutant_5.py _
E   NameError: name 'valid_iso_date_strings' is not defined
=================================== FAILURES ===================================
/home/james/projects/cs6223/our_proptest_data/doc_and_code/mutants/datetime.datetime.fromisoformat/mutant_2.py:8: hypothesis.errors.InvalidArgument: Too many positional arguments for test_violation_of_datetime_datetime_fromisoformat_1() were passed to @given - expected at most 0 arguments, but got 1 (data(),)
/home/james/projects/cs6223/our_proptest_data/doc_and_code/mutants/datetime.datetime.fromisoformat/mutant_2.py:24: hypothesis.errors.InvalidArgument: Too many positional arguments for test_violation_of_datetime_datetime_fromisoformat_2() were passed to @given - expected at most 0 arguments, but got 1 (data(),)
/home/james/projects/cs6223/our_proptest_data/doc_and_code/mutants/datetime.datetime.fromisoformat/mutant_2.py:40: hypothesis.errors.InvalidArgument: Too many positional arguments for test_violation_of_datetime_datetime_fromisoformat_3() were passed to @given - expected at most 0 arguments, but got 1 (data(),)
/home/james/projects/cs6223/our_proptest_data/doc_and_code/mutants/datetime.datetime.fromisoformat/mutant_2.py:56: hypothesis.errors.InvalidArgument: Too many positional arguments for test_violation_of_datetime_datetime_fromisoformat_4() were passed to @given - expected at most 0 arguments, but got 1 (data(),)
/home/james/projects/cs6223/our_proptest_data/doc_and_code/mutants/datetime.datetime.fromisoformat/mutant_2.py:72: hypothesis.errors.InvalidArgument: Too many positional arguments for test_violation_of_datetime_datetime_fromisoformat_5() were passed to @given - expected at most 0 arguments, but got 1 (data(),)
/home/james/projects/cs6223/our_proptest_data/doc_and_code/mutants/datetime.datetime.fromisoformat/mutant_4.py:9: AssertionError: Expected ValueError for invalid date string:
/home/james/projects/cs6223/our_proptest_data/doc_and_code/mutants/datetime.datetime.fromisoformat/mutant_4.py:15: AssertionError: Expected ValueError for invalid date string:
/home/james/projects/cs6223/our_proptest_data/doc_and_code/mutants/datetime.datetime.fromisoformat/mutant_4.py:21: AssertionError: Expected ValueError for invalid date string:
/home/james/projects/cs6223/our_proptest_data/doc_and_code/mutants/datetime.datetime.fromisoformat/mutant_4.py:27: AssertionError: Expected ValueError for invalid date string:
/home/james/projects/cs6223/our_proptest_data/doc_and_code/mutants/datetime.datetime.fromisoformat/mutant_4.py:33: AssertionError: Expected ValueError for invalid date string:
=========================== short test summary info ============================
FAILED doc_and_code/mutants/datetime.datetime.fromisoformat/mutant_2.py::test_violation_of_datetime_datetime_fromisoformat_1
FAILED doc_and_code/mutants/datetime.datetime.fromisoformat/mutant_2.py::test_violation_of_datetime_datetime_fromisoformat_2
FAILED doc_and_code/mutants/datetime.datetime.fromisoformat/mutant_2.py::test_violation_of_datetime_datetime_fromisoformat_3
FAILED doc_and_code/mutants/datetime.datetime.fromisoformat/mutant_2.py::test_violation_of_datetime_datetime_fromisoformat_4
FAILED doc_and_code/mutants/datetime.datetime.fromisoformat/mutant_2.py::test_violation_of_datetime_datetime_fromisoformat_5
FAILED doc_and_code/mutants/datetime.datetime.fromisoformat/mutant_4.py::test_violation_of_datetime_datetime_fromisoformat_1
FAILED doc_and_code/mutants/datetime.datetime.fromisoformat/mutant_4.py::test_violation_of_datetime_datetime_fromisoformat_2
FAILED doc_and_code/mutants/datetime.datetime.fromisoformat/mutant_4.py::test_violation_of_datetime_datetime_fromisoformat_3
FAILED doc_and_code/mutants/datetime.datetime.fromisoformat/mutant_4.py::test_violation_of_datetime_datetime_fromisoformat_4
FAILED doc_and_code/mutants/datetime.datetime.fromisoformat/mutant_4.py::test_violation_of_datetime_datetime_fromisoformat_5
ERROR doc_and_code/mutants/datetime.datetime.fromisoformat/mutant_1.py - Name...
ERROR doc_and_code/mutants/datetime.datetime.fromisoformat/mutant_3.py - Name...
ERROR doc_and_code/mutants/datetime.datetime.fromisoformat/mutant_5.py - Name...
========================= 10 failed, 3 errors in 2.01s =========================
