============================= test session starts ==============================
platform linux -- Python 3.10.12, pytest-8.3.3, pluggy-1.5.0
rootdir: /home/james/projects/cs6223/our_proptest_data
plugins: hypothesis-6.112.2, timeout-2.3.1
collected 20 items

doc_and_code/mutants/decimal.Decimal.adjusted/mutant_1.py FFFFF          [ 25%]
doc_and_code/mutants/decimal.Decimal.adjusted/mutant_2.py FFFFF          [ 50%]
doc_and_code/mutants/decimal.Decimal.adjusted/mutant_3.py ..F.F          [ 75%]
doc_and_code/mutants/decimal.Decimal.adjusted/mutant_4.py FFFFF          [100%]

=================================== FAILURES ===================================
/home/james/projects/cs6223/our_proptest_data/doc_and_code/mutants/decimal.Decimal.adjusted/mutant_1.py:9: assert False
/home/james/projects/cs6223/our_proptest_data/doc_and_code/mutants/decimal.Decimal.adjusted/mutant_1.py:15: AssertionError: assert False
/home/james/projects/cs6223/our_proptest_data/doc_and_code/mutants/decimal.Decimal.adjusted/mutant_1.py:21: assert False
/home/james/projects/cs6223/our_proptest_data/doc_and_code/mutants/decimal.Decimal.adjusted/mutant_1.py:27: assert False
/home/james/projects/cs6223/our_proptest_data/doc_and_code/mutants/decimal.Decimal.adjusted/mutant_1.py:33: assert False
/home/james/projects/cs6223/our_proptest_data/doc_and_code/mutants/decimal.Decimal.adjusted/mutant_2.py:9: assert 0 == 1
/home/james/projects/cs6223/our_proptest_data/doc_and_code/mutants/decimal.Decimal.adjusted/mutant_2.py:15: assert 0 == -1
/home/james/projects/cs6223/our_proptest_data/doc_and_code/mutants/decimal.Decimal.adjusted/mutant_2.py:21: assert 0 == 10
/home/james/projects/cs6223/our_proptest_data/doc_and_code/mutants/decimal.Decimal.adjusted/mutant_2.py:27: assert 0 == 100
/home/james/projects/cs6223/our_proptest_data/doc_and_code/mutants/decimal.Decimal.adjusted/mutant_2.py:33: assert 0 == -100
/home/james/projects/cs6223/our_proptest_data/doc_and_code/mutants/decimal.Decimal.adjusted/mutant_3.py:21: AssertionError: assert -10 >= 0
/home/james/projects/cs6223/our_proptest_data/doc_and_code/mutants/decimal.Decimal.adjusted/mutant_3.py:33: AssertionError: assert -1 >= 0
/home/james/projects/cs6223/our_proptest_data/doc_and_code/mutants/decimal.Decimal.adjusted/mutant_4.py:9: assert 0 == 1
/home/james/projects/cs6223/our_proptest_data/doc_and_code/mutants/decimal.Decimal.adjusted/mutant_4.py:15: assert 0 == -1
/home/james/projects/cs6223/our_proptest_data/doc_and_code/mutants/decimal.Decimal.adjusted/mutant_4.py:21: assert 0 == 10
/home/james/projects/cs6223/our_proptest_data/doc_and_code/mutants/decimal.Decimal.adjusted/mutant_4.py:27: assert 0 == 100
/home/james/projects/cs6223/our_proptest_data/doc_and_code/mutants/decimal.Decimal.adjusted/mutant_4.py:33: assert 0 == -100
=========================== short test summary info ============================
FAILED doc_and_code/mutants/decimal.Decimal.adjusted/mutant_1.py::test_violation_of_decimal_Decimal_adjusted_1
FAILED doc_and_code/mutants/decimal.Decimal.adjusted/mutant_1.py::test_violation_of_decimal_Decimal_adjusted_2
FAILED doc_and_code/mutants/decimal.Decimal.adjusted/mutant_1.py::test_violation_of_decimal_Decimal_adjusted_3
FAILED doc_and_code/mutants/decimal.Decimal.adjusted/mutant_1.py::test_violation_of_decimal_Decimal_adjusted_4
FAILED doc_and_code/mutants/decimal.Decimal.adjusted/mutant_1.py::test_violation_of_decimal_Decimal_adjusted_5
FAILED doc_and_code/mutants/decimal.Decimal.adjusted/mutant_2.py::test_violation_of_decimal_Decimal_adjusted_1
FAILED doc_and_code/mutants/decimal.Decimal.adjusted/mutant_2.py::test_violation_of_decimal_Decimal_adjusted_2
FAILED doc_and_code/mutants/decimal.Decimal.adjusted/mutant_2.py::test_violation_of_decimal_Decimal_adjusted_3
FAILED doc_and_code/mutants/decimal.Decimal.adjusted/mutant_2.py::test_violation_of_decimal_Decimal_adjusted_4
FAILED doc_and_code/mutants/decimal.Decimal.adjusted/mutant_2.py::test_violation_of_decimal_Decimal_adjusted_5
FAILED doc_and_code/mutants/decimal.Decimal.adjusted/mutant_3.py::test_violation_of_decimal_Decimal_adjusted_3
FAILED doc_and_code/mutants/decimal.Decimal.adjusted/mutant_3.py::test_violation_of_decimal_Decimal_adjusted_5
FAILED doc_and_code/mutants/decimal.Decimal.adjusted/mutant_4.py::test_violation_of_decimal_Decimal_adjusted_1
FAILED doc_and_code/mutants/decimal.Decimal.adjusted/mutant_4.py::test_violation_of_decimal_Decimal_adjusted_2
FAILED doc_and_code/mutants/decimal.Decimal.adjusted/mutant_4.py::test_violation_of_decimal_Decimal_adjusted_3
FAILED doc_and_code/mutants/decimal.Decimal.adjusted/mutant_4.py::test_violation_of_decimal_Decimal_adjusted_4
FAILED doc_and_code/mutants/decimal.Decimal.adjusted/mutant_4.py::test_violation_of_decimal_Decimal_adjusted_5
========================= 17 failed, 3 passed in 4.80s =========================
