============================= test session starts ==============================
platform linux -- Python 3.10.12, pytest-8.3.3, pluggy-1.5.0
rootdir: /home/james/projects/cs6223/our_proptest_data
plugins: hypothesis-6.112.2, timeout-2.3.1
collected 25 items

doc_and_code/mutants/networkx.algorithms.cycles.find_cycle/mutant_1.py F [  4%]
....                                                                     [ 20%]
doc_and_code/mutants/networkx.algorithms.cycles.find_cycle/mutant_2.py F [ 24%]
FF.F                                                                     [ 40%]
doc_and_code/mutants/networkx.algorithms.cycles.find_cycle/mutant_3.py . [ 44%]
....                                                                     [ 60%]
doc_and_code/mutants/networkx.algorithms.cycles.find_cycle/mutant_4.py F [ 64%]
....                                                                     [ 80%]
doc_and_code/mutants/networkx.algorithms.cycles.find_cycle/mutant_5.py F [ 84%]
FFFF                                                                     [100%]

=================================== FAILURES ===================================
/home/james/projects/cs6223/our_proptest_data/doc_and_code/mutants/networkx.algorithms.cycles.find_cycle/mutant_1.py:12: assert 0 > 0
/home/james/projects/cs6223/our_proptest_data/doc_and_code/mutants/networkx.algorithms.cycles.find_cycle/mutant_2.py:16: assert 0 == 1
/home/james/projects/cs6223/our_proptest_data/doc_and_code/mutants/networkx.algorithms.cycles.find_cycle/mutant_2.py:31: assert 1 == 0
/home/james/projects/cs6223/our_proptest_data/doc_and_code/mutants/networkx.algorithms.cycles.find_cycle/mutant_2.py:46: assert 0 == 1
/home/james/projects/cs6223/our_proptest_data/doc_and_code/mutants/networkx.algorithms.cycles.find_cycle/mutant_2.py:74: IndexError: list index out of range
/home/james/projects/cs6223/our_proptest_data/doc_and_code/mutants/networkx.algorithms.cycles.find_cycle/mutant_4.py:16: assert False
/home/james/projects/cs6223/our_proptest_data/doc_and_code/mutants/networkx.algorithms.cycles.find_cycle/mutant_5.py:6: exceptiongroup.ExceptionGroup: Hypothesis found 2 distinct failures. (2 sub-exceptions)
/home/james/projects/cs6223/our_proptest_data/doc_and_code/mutants/networkx.algorithms.cycles.find_cycle/mutant_5.py:28: NameError: name 'NetworkXNoCycle' is not defined
/home/james/projects/cs6223/our_proptest_data/doc_and_code/mutants/networkx.algorithms.cycles.find_cycle/mutant_5.py:42: NameError: name 'NetworkXNoCycle' is not defined
/home/james/projects/cs6223/our_proptest_data/doc_and_code/mutants/networkx.algorithms.cycles.find_cycle/mutant_5.py:56: NameError: name 'NetworkXNoCycle' is not defined
/home/james/projects/cs6223/our_proptest_data/doc_and_code/mutants/networkx.algorithms.cycles.find_cycle/mutant_5.py:60: exceptiongroup.ExceptionGroup: Hypothesis found 2 distinct failures. (2 sub-exceptions)
=========================== short test summary info ============================
FAILED doc_and_code/mutants/networkx.algorithms.cycles.find_cycle/mutant_1.py::test_violation_of_networkx_algorithms_cycles_find_cycle_1
FAILED doc_and_code/mutants/networkx.algorithms.cycles.find_cycle/mutant_2.py::test_violation_of_networkx_algorithms_cycles_find_cycle_1
FAILED doc_and_code/mutants/networkx.algorithms.cycles.find_cycle/mutant_2.py::test_violation_of_networkx_algorithms_cycles_find_cycle_2
FAILED doc_and_code/mutants/networkx.algorithms.cycles.find_cycle/mutant_2.py::test_violation_of_networkx_algorithms_cycles_find_cycle_3
FAILED doc_and_code/mutants/networkx.algorithms.cycles.find_cycle/mutant_2.py::test_violation_of_networkx_algorithms_cycles_find_cycle_5
FAILED doc_and_code/mutants/networkx.algorithms.cycles.find_cycle/mutant_4.py::test_violation_of_networkx_algorithms_cycles_find_cycle_1
FAILED doc_and_code/mutants/networkx.algorithms.cycles.find_cycle/mutant_5.py::test_violation_of_networkx_algorithms_cycles_find_cycle_1
FAILED doc_and_code/mutants/networkx.algorithms.cycles.find_cycle/mutant_5.py::test_violation_of_networkx_algorithms_cycles_find_cycle_2
FAILED doc_and_code/mutants/networkx.algorithms.cycles.find_cycle/mutant_5.py::test_violation_of_networkx_algorithms_cycles_find_cycle_3
FAILED doc_and_code/mutants/networkx.algorithms.cycles.find_cycle/mutant_5.py::test_violation_of_networkx_algorithms_cycles_find_cycle_4
FAILED doc_and_code/mutants/networkx.algorithms.cycles.find_cycle/mutant_5.py::test_violation_of_networkx_algorithms_cycles_find_cycle_5
======================== 11 failed, 14 passed in 5.63s =========================
