============================= test session starts ==============================
platform linux -- Python 3.10.12, pytest-8.3.3, pluggy-1.5.0
rootdir: /home/james/projects/cs6223/our_proptest_data
plugins: hypothesis-6.112.2, timeout-2.3.1
collected 17 items

proptest/_old_statistics_variance/pbt_1.py F.FFF                         [ 29%]
proptest/_old_statistics_variance/pbt_2.py F                             [ 35%]
proptest/_old_statistics_variance/pbt_3.py F.FFF                         [ 64%]
proptest/_old_statistics_variance/pbt_4.py F                             [ 70%]
proptest/_old_statistics_variance/pbt_5.py F.FFF                         [100%]

=================================== FAILURES ===================================
/home/james/projects/cs6223/our_proptest_data/proptest/_old_statistics_variance/pbt_1.py:5: exceptiongroup.ExceptionGroup: Hypothesis found 3 distinct failures. (3 sub-exceptions)
/home/james/projects/cs6223/our_proptest_data/proptest/_old_statistics_variance/pbt_1.py:16: exceptiongroup.ExceptionGroup: Hypothesis found 4 distinct failures. (4 sub-exceptions)
/home/james/projects/cs6223/our_proptest_data/proptest/_old_statistics_variance/pbt_1.py:23: exceptiongroup.ExceptionGroup: Hypothesis found 5 distinct failures. (5 sub-exceptions)
/home/james/projects/cs6223/our_proptest_data/proptest/_old_statistics_variance/pbt_1.py:30: exceptiongroup.ExceptionGroup: Hypothesis found 4 distinct failures. (4 sub-exceptions)
/home/james/projects/cs6223/our_proptest_data/proptest/_old_statistics_variance/pbt_2.py:6: exceptiongroup.ExceptionGroup: Hypothesis found 4 distinct failures. (4 sub-exceptions)
/home/james/projects/cs6223/our_proptest_data/proptest/_old_statistics_variance/pbt_3.py:5: exceptiongroup.ExceptionGroup: Hypothesis found 3 distinct failures. (3 sub-exceptions)
/home/james/projects/cs6223/our_proptest_data/proptest/_old_statistics_variance/pbt_3.py:16: exceptiongroup.ExceptionGroup: Hypothesis found 4 distinct failures. (4 sub-exceptions)
/home/james/projects/cs6223/our_proptest_data/proptest/_old_statistics_variance/pbt_3.py:23: exceptiongroup.ExceptionGroup: Hypothesis found 4 distinct failures. (4 sub-exceptions)
/home/james/projects/cs6223/our_proptest_data/proptest/_old_statistics_variance/pbt_3.py:30: exceptiongroup.ExceptionGroup: Hypothesis found 4 distinct failures. (4 sub-exceptions)
/home/james/projects/cs6223/our_proptest_data/proptest/_old_statistics_variance/pbt_4.py:5: exceptiongroup.ExceptionGroup: Hypothesis found 4 distinct failures. (4 sub-exceptions)
/home/james/projects/cs6223/our_proptest_data/proptest/_old_statistics_variance/pbt_5.py:5: exceptiongroup.ExceptionGroup: Hypothesis found 3 distinct failures. (3 sub-exceptions)
/home/james/projects/cs6223/our_proptest_data/proptest/_old_statistics_variance/pbt_5.py:16: exceptiongroup.ExceptionGroup: Hypothesis found 4 distinct failures. (4 sub-exceptions)
/home/james/projects/cs6223/our_proptest_data/proptest/_old_statistics_variance/pbt_5.py:24: exceptiongroup.ExceptionGroup: Hypothesis found 5 distinct failures. (5 sub-exceptions)
/home/james/projects/cs6223/our_proptest_data/proptest/_old_statistics_variance/pbt_5.py:30: exceptiongroup.ExceptionGroup: Hypothesis found 4 distinct failures. (4 sub-exceptions)
=========================== short test summary info ============================
FAILED proptest/_old_statistics_variance/pbt_1.py::test_statistics_variance_non_negative
FAILED proptest/_old_statistics_variance/pbt_1.py::test_statistics_variance_increasing_spread
FAILED proptest/_old_statistics_variance/pbt_1.py::test_statistics_variance_consistent_mean
FAILED proptest/_old_statistics_variance/pbt_1.py::test_statistics_variance_spread_relationship
FAILED proptest/_old_statistics_variance/pbt_2.py::test_statistics_variance_property
FAILED proptest/_old_statistics_variance/pbt_3.py::test_statistics_variance_non_negative
FAILED proptest/_old_statistics_variance/pbt_3.py::test_statistics_variance_predictable_modification
FAILED proptest/_old_statistics_variance/pbt_3.py::test_statistics_variance_mean_argument
FAILED proptest/_old_statistics_variance/pbt_3.py::test_statistics_variance_spread
FAILED proptest/_old_statistics_variance/pbt_4.py::test_statistics_variance_property
FAILED proptest/_old_statistics_variance/pbt_5.py::test_statistics_variance_non_negative
FAILED proptest/_old_statistics_variance/pbt_5.py::test_statistics_variance_predictable_changes
FAILED proptest/_old_statistics_variance/pbt_5.py::test_statistics_variance_with_mean
FAILED proptest/_old_statistics_variance/pbt_5.py::test_statistics_variance_increasing_spread
======================== 14 failed, 3 passed in 16.23s =========================
