============================= test session starts ==============================
platform linux -- Python 3.10.12, pytest-8.3.3, pluggy-1.5.0
rootdir: /home/james/projects/cs6223/our_proptest_data
plugins: hypothesis-6.112.2, timeout-2.3.1
collected 20 items / 1 error

proptest/datetime.datetime.fromisoformat/pbt_1.py .FFFF                  [ 25%]
proptest/datetime.datetime.fromisoformat/pbt_2.py .....                  [ 50%]
proptest/datetime.datetime.fromisoformat/pbt_4.py FFFF.                  [ 75%]
proptest/datetime.datetime.fromisoformat/pbt_5.py FFFFF                  [100%]

==================================== ERRORS ====================================
______ ERROR collecting proptest/datetime.datetime.fromisoformat/pbt_3.py ______
E   AttributeError: module 'hypothesis.strategies' has no attribute 'regex'
=================================== FAILURES ===================================
/home/james/projects/cs6223/our_proptest_data/proptest/datetime.datetime.fromisoformat/pbt_1.py:49: ValueError: Invalid isoformat string: '1-01-01'
/home/james/projects/cs6223/our_proptest_data/proptest/datetime.datetime.fromisoformat/pbt_1.py:60: ValueError: Invalid isoformat string: '1-01-01'
/home/james/projects/cs6223/our_proptest_data/proptest/datetime.datetime.fromisoformat/pbt_1.py:71: ValueError: Invalid isoformat string: '1-01-01'
/home/james/projects/cs6223/our_proptest_data/proptest/datetime.datetime.fromisoformat/pbt_1.py:80: ValueError: Invalid isoformat string: '1-01-01'
/home/james/projects/cs6223/our_proptest_data/proptest/datetime.datetime.fromisoformat/pbt_4.py:30: ValueError: Invalid isoformat string: '0001-01-01T00:00:00.000000Z'
/home/james/projects/cs6223/our_proptest_data/proptest/datetime.datetime.fromisoformat/pbt_4.py:36: ValueError: Invalid isoformat string: '0001-01-01T00:00:00.000000Z'
/home/james/projects/cs6223/our_proptest_data/proptest/datetime.datetime.fromisoformat/pbt_4.py:45: ValueError: Invalid isoformat string: '0001-01-01T00:00:00.000000Z'
/home/james/projects/cs6223/our_proptest_data/proptest/datetime.datetime.fromisoformat/pbt_4.py:61: ValueError: Invalid isoformat string: '0001-01-01T00:00:00.000000Z'
/home/james/projects/cs6223/our_proptest_data/proptest/datetime.datetime.fromisoformat/pbt_5.py:21: hypothesis.errors.FailedHealthCheck: It looks like your strategy is filtering out a lot of data. Health check found 50 filtered examples but only 8 good ones. This will make your tests much slower, and also will probably distort the data generation quite a lot. You should adapt your strategy to filter less. This can also be caused by a low max_leaves parameter in recursive() calls
/home/james/projects/cs6223/our_proptest_data/proptest/datetime.datetime.fromisoformat/pbt_5.py:30: ValueError: Invalid isoformat string: '20111104'
/home/james/projects/cs6223/our_proptest_data/proptest/datetime.datetime.fromisoformat/pbt_5.py:40: ValueError: Invalid isoformat string: '20111104'
/home/james/projects/cs6223/our_proptest_data/proptest/datetime.datetime.fromisoformat/pbt_5.py:50: ValueError: Invalid isoformat string: '20111104'
/home/james/projects/cs6223/our_proptest_data/proptest/datetime.datetime.fromisoformat/pbt_5.py:63: ValueError: Invalid isoformat string: '20111104'
=========================== short test summary info ============================
FAILED proptest/datetime.datetime.fromisoformat/pbt_1.py::test_output_date_attributes_property
FAILED proptest/datetime.datetime.fromisoformat/pbt_1.py::test_output_time_attributes_property
FAILED proptest/datetime.datetime.fromisoformat/pbt_1.py::test_output_timezone_property
FAILED proptest/datetime.datetime.fromisoformat/pbt_1.py::test_default_midnight_property
FAILED proptest/datetime.datetime.fromisoformat/pbt_4.py::test_output_is_valid_datetime_property
FAILED proptest/datetime.datetime.fromisoformat/pbt_4.py::test_date_attributes_match_input_property
FAILED proptest/datetime.datetime.fromisoformat/pbt_4.py::test_time_attributes_match_input_property
FAILED proptest/datetime.datetime.fromisoformat/pbt_4.py::test_timezone_info_property
FAILED proptest/datetime.datetime.fromisoformat/pbt_5.py::test_output_validity_property
FAILED proptest/datetime.datetime.fromisoformat/pbt_5.py::test_date_attributes_property
FAILED proptest/datetime.datetime.fromisoformat/pbt_5.py::test_time_attributes_property
FAILED proptest/datetime.datetime.fromisoformat/pbt_5.py::test_tzinfo_property
FAILED proptest/datetime.datetime.fromisoformat/pbt_5.py::test_default_midnight_property
ERROR proptest/datetime.datetime.fromisoformat/pbt_3.py - AttributeError: mod...
==================== 13 failed, 7 passed, 1 error in 29.46s ====================
