============================= test session starts ==============================
platform linux -- Python 3.10.12, pytest-8.3.3, pluggy-1.5.0
rootdir: /home/james/projects/cs6223/our_proptest_data
plugins: hypothesis-6.112.2, timeout-2.3.1
collected 20 items / 1 error

code_only/proptest/dateutil.parser.isoparse/pbt_1.py .....               [ 25%]
code_only/proptest/dateutil.parser.isoparse/pbt_3.py .....               [ 50%]
code_only/proptest/dateutil.parser.isoparse/pbt_4.py .....               [ 75%]
code_only/proptest/dateutil.parser.isoparse/pbt_5.py ..F.F               [100%]

==================================== ERRORS ====================================
____ ERROR collecting code_only/proptest/dateutil.parser.isoparse/pbt_2.py _____
../../.venv/lib/python3.10/site-packages/_pytest/python.py:493: in importtestmodule
    mod = import_path(
../../.venv/lib/python3.10/site-packages/_pytest/pathlib.py:582: in import_path
    importlib.import_module(module_name)
/usr/lib/python3.10/importlib/__init__.py:126: in import_module
    return _bootstrap._gcd_import(name[level:], package, level)
<frozen importlib._bootstrap>:1050: in _gcd_import
    ???
<frozen importlib._bootstrap>:1027: in _find_and_load
    ???
<frozen importlib._bootstrap>:1006: in _find_and_load_unlocked
    ???
<frozen importlib._bootstrap>:688: in _load_unlocked
    ???
../../.venv/lib/python3.10/site-packages/_pytest/assertion/rewrite.py:175: in exec_module
    source_stat, co = _rewrite_test(fn, self.config)
../../.venv/lib/python3.10/site-packages/_pytest/assertion/rewrite.py:355: in _rewrite_test
    tree = ast.parse(source, filename=strfn)
/usr/lib/python3.10/ast.py:50: in parse
    return compile(source, filename, mode, flags,
E     File "/home/james/projects/cs6223/our_proptest_data/code_only/proptest/dateutil.parser.isoparse/pbt_2.py", line 50
E       Note: The `_parse_components` function is a placeholder in the `test_output_matches_input_components` test. You'd need to implement or replace it with a function that extracts components from the ISO string for comparison.
E                                                                                                                      ^
E   SyntaxError: unterminated string literal (detected at line 50)
=================================== FAILURES ===================================
/home/james/projects/cs6223/our_proptest_data/code_only/proptest/dateutil.parser.isoparse/pbt_5.py:22: AttributeError: module 'dateutil.parser' has no attribute '_parse_isodate'
/home/james/projects/cs6223/our_proptest_data/code_only/proptest/dateutil.parser.isoparse/pbt_5.py:41: exceptiongroup.ExceptionGroup: Hypothesis found 2 distinct failures. (2 sub-exceptions)
=========================== short test summary info ============================
FAILED code_only/proptest/dateutil.parser.isoparse/pbt_5.py::test_output_year_month_day_hour_minute_second_property
FAILED code_only/proptest/dateutil.parser.isoparse/pbt_5.py::test_timezone_information_property
ERROR code_only/proptest/dateutil.parser.isoparse/pbt_2.py
==================== 2 failed, 18 passed, 1 error in 0.89s =====================
