============================= test session starts ==============================
platform linux -- Python 3.10.12, pytest-8.3.3, pluggy-1.5.0
rootdir: /home/james/projects/cs6223/our_proptest_data
plugins: hypothesis-6.112.2, timeout-2.3.1
collected 25 items

code_only/proptest/datetime.date.isocalendar/pbt_1.py .....              [ 20%]
code_only/proptest/datetime.date.isocalendar/pbt_2.py F....              [ 40%]
code_only/proptest/datetime.date.isocalendar/pbt_3.py .....              [ 60%]
code_only/proptest/datetime.date.isocalendar/pbt_4.py .....              [ 80%]
code_only/proptest/datetime.date.isocalendar/pbt_5.py .....              [100%]

=================================== FAILURES ===================================
/home/james/projects/cs6223/our_proptest_data/code_only/proptest/datetime.date.isocalendar/pbt_2.py:13: assert 1999 == 2000
=========================== short test summary info ============================
FAILED code_only/proptest/datetime.date.isocalendar/pbt_2.py::test_output_year_property
========================= 1 failed, 24 passed in 0.18s =========================
