============================= test session starts ==============================
platform linux -- Python 3.10.12, pytest-8.3.3, pluggy-1.5.0
rootdir: /home/james/projects/cs6223/our_proptest_data
plugins: hypothesis-6.112.2, timeout-2.3.1
collected 20 items / 1 error

code_only/proptest/decimal.Decimal.adjusted/pbt_1.py FFFFF               [ 25%]
code_only/proptest/decimal.Decimal.adjusted/pbt_3.py .F.FF               [ 50%]
code_only/proptest/decimal.Decimal.adjusted/pbt_4.py .F.FF               [ 75%]
code_only/proptest/decimal.Decimal.adjusted/pbt_5.py .F.FF               [100%]

==================================== ERRORS ====================================
____ ERROR collecting code_only/proptest/decimal.Decimal.adjusted/pbt_2.py _____
E   TypeError: decimals() got an unexpected keyword argument 'allow_infinite'
=================================== FAILURES ===================================
/home/james/projects/cs6223/our_proptest_data/code_only/proptest/decimal.Decimal.adjusted/pbt_1.py:10: decimal.InvalidOperation: [<class 'decimal.ConversionSyntax'>]
/home/james/projects/cs6223/our_proptest_data/code_only/proptest/decimal.Decimal.adjusted/pbt_1.py:17: exceptiongroup.ExceptionGroup: Hypothesis found 2 distinct failures. (2 sub-exceptions)
/home/james/projects/cs6223/our_proptest_data/code_only/proptest/decimal.Decimal.adjusted/pbt_1.py:31: TypeError: 'SampledFromStrategy' object is not callable
/home/james/projects/cs6223/our_proptest_data/code_only/proptest/decimal.Decimal.adjusted/pbt_1.py:43: decimal.InvalidOperation: [<class 'decimal.ConversionSyntax'>]
/home/james/projects/cs6223/our_proptest_data/code_only/proptest/decimal.Decimal.adjusted/pbt_1.py:50: exceptiongroup.ExceptionGroup: Hypothesis found 2 distinct failures. (2 sub-exceptions)
/home/james/projects/cs6223/our_proptest_data/code_only/proptest/decimal.Decimal.adjusted/pbt_3.py:13: AttributeError: 'decimal.Decimal' object has no attribute '_exp'. Did you mean: 'exp'?
/home/james/projects/cs6223/our_proptest_data/code_only/proptest/decimal.Decimal.adjusted/pbt_3.py:27: assert -1 >= 0
/home/james/projects/cs6223/our_proptest_data/code_only/proptest/decimal.Decimal.adjusted/pbt_3.py:32: AttributeError: 'decimal.Decimal' object has no attribute '_exp'. Did you mean: 'exp'?
/home/james/projects/cs6223/our_proptest_data/code_only/proptest/decimal.Decimal.adjusted/pbt_4.py:12: AttributeError: 'decimal.Decimal' object has no attribute '_exp'. Did you mean: 'exp'?
/home/james/projects/cs6223/our_proptest_data/code_only/proptest/decimal.Decimal.adjusted/pbt_4.py:24: assert -1 >= 0
/home/james/projects/cs6223/our_proptest_data/code_only/proptest/decimal.Decimal.adjusted/pbt_4.py:29: AttributeError: 'decimal.Decimal' object has no attribute '_exp'. Did you mean: 'exp'?
/home/james/projects/cs6223/our_proptest_data/code_only/proptest/decimal.Decimal.adjusted/pbt_5.py:11: AttributeError: 'decimal.Decimal' object has no attribute '_exp'. Did you mean: 'exp'?
/home/james/projects/cs6223/our_proptest_data/code_only/proptest/decimal.Decimal.adjusted/pbt_5.py:24: assert -1 >= 0
/home/james/projects/cs6223/our_proptest_data/code_only/proptest/decimal.Decimal.adjusted/pbt_5.py:28: AttributeError: 'decimal.Decimal' object has no attribute '_exp'. Did you mean: 'exp'?
=========================== short test summary info ============================
FAILED code_only/proptest/decimal.Decimal.adjusted/pbt_1.py::test_output_is_integer_property
FAILED code_only/proptest/decimal.Decimal.adjusted/pbt_1.py::test_adjusted_for_finite_values_property
FAILED code_only/proptest/decimal.Decimal.adjusted/pbt_1.py::test_adjusted_for_nan_infinity_property
FAILED code_only/proptest/decimal.Decimal.adjusted/pbt_1.py::test_output_non_negative_for_finite_property
FAILED code_only/proptest/decimal.Decimal.adjusted/pbt_1.py::test_output_consistency_with_integer_length_property
FAILED code_only/proptest/decimal.Decimal.adjusted/pbt_3.py::test_decimal_Decimal_adjusted_finite_output_calculation
FAILED code_only/proptest/decimal.Decimal.adjusted/pbt_3.py::test_decimal_Decimal_adjusted_finite_output_not_negative
FAILED code_only/proptest/decimal.Decimal.adjusted/pbt_3.py::test_decimal_Decimal_adjusted_output_consistency
FAILED code_only/proptest/decimal.Decimal.adjusted/pbt_4.py::test_decimal_Decimal_adjusted_correctly_calculates_finite_property
FAILED code_only/proptest/decimal.Decimal.adjusted/pbt_4.py::test_decimal_Decimal_adjusted_non_negative_property
FAILED code_only/proptest/decimal.Decimal.adjusted/pbt_4.py::test_decimal_Decimal_adjusted_consistency_with_changes_property
FAILED code_only/proptest/decimal.Decimal.adjusted/pbt_5.py::test_decimal_Decimal_adjusted_finite_output_calculation_property
FAILED code_only/proptest/decimal.Decimal.adjusted/pbt_5.py::test_decimal_Decimal_adjusted_non_negative_output_property
FAILED code_only/proptest/decimal.Decimal.adjusted/pbt_5.py::test_decimal_Decimal_adjusted_output_reflects_changes_property
ERROR code_only/proptest/decimal.Decimal.adjusted/pbt_2.py - TypeError: decim...
==================== 14 failed, 6 passed, 1 error in 6.45s =====================
