============================= test session starts ==============================
platform linux -- Python 3.10.12, pytest-8.3.3, pluggy-1.5.0
rootdir: /home/james/projects/cs6223/our_proptest_data
plugins: hypothesis-6.112.2, timeout-2.3.1
collected 25 items

doc_and_code/mutants_2/datetime.datetime.combine/mutant_1.py FFFFF       [ 20%]
doc_and_code/mutants_2/datetime.datetime.combine/mutant_2.py FFFFF       [ 40%]
doc_and_code/mutants_2/datetime.datetime.combine/mutant_3.py FFFFF       [ 60%]
doc_and_code/mutants_2/datetime.datetime.combine/mutant_4.py FF.FF       [ 80%]
doc_and_code/mutants_2/datetime.datetime.combine/mutant_5.py FFFFF       [100%]

=================================== FAILURES ===================================
/home/james/projects/cs6223/our_proptest_data/doc_and_code/mutants_2/datetime.datetime.combine/mutant_1.py:9: assert 2001 == 2000
/home/james/projects/cs6223/our_proptest_data/doc_and_code/mutants_2/datetime.datetime.combine/mutant_1.py:14: exceptiongroup.ExceptionGroup: Hypothesis found 2 distinct failures. (2 sub-exceptions)
/home/james/projects/cs6223/our_proptest_data/doc_and_code/mutants_2/datetime.datetime.combine/mutant_1.py:22: exceptiongroup.ExceptionGroup: Hypothesis found 2 distinct failures. (2 sub-exceptions)
/home/james/projects/cs6223/our_proptest_data/doc_and_code/mutants_2/datetime.datetime.combine/mutant_1.py:33: assert 1999 == 2000
/home/james/projects/cs6223/our_proptest_data/doc_and_code/mutants_2/datetime.datetime.combine/mutant_1.py:42: assert 12 == 1
/home/james/projects/cs6223/our_proptest_data/doc_and_code/mutants_2/datetime.datetime.combine/mutant_2.py:9: assert 1 == 0
/home/james/projects/cs6223/our_proptest_data/doc_and_code/mutants_2/datetime.datetime.combine/mutant_2.py:19: assert 1 == 0
/home/james/projects/cs6223/our_proptest_data/doc_and_code/mutants_2/datetime.datetime.combine/mutant_2.py:29: assert 1 == 0
/home/james/projects/cs6223/our_proptest_data/doc_and_code/mutants_2/datetime.datetime.combine/mutant_2.py:39: assert 1 == 0
/home/james/projects/cs6223/our_proptest_data/doc_and_code/mutants_2/datetime.datetime.combine/mutant_2.py:45: assert 2 == 0
/home/james/projects/cs6223/our_proptest_data/doc_and_code/mutants_2/datetime.datetime.combine/mutant_3.py:7: AttributeError: module 'datetime' has no attribute 'combine'
/home/james/projects/cs6223/our_proptest_data/doc_and_code/mutants_2/datetime.datetime.combine/mutant_3.py:15: AttributeError: module 'datetime' has no attribute 'combine'
/home/james/projects/cs6223/our_proptest_data/doc_and_code/mutants_2/datetime.datetime.combine/mutant_3.py:23: AttributeError: module 'datetime' has no attribute 'combine'
/home/james/projects/cs6223/our_proptest_data/doc_and_code/mutants_2/datetime.datetime.combine/mutant_3.py:31: AttributeError: module 'datetime' has no attribute 'combine'
/home/james/projects/cs6223/our_proptest_data/doc_and_code/mutants_2/datetime.datetime.combine/mutant_3.py:39: AttributeError: module 'datetime' has no attribute 'combine'
/home/james/projects/cs6223/our_proptest_data/doc_and_code/mutants_2/datetime.datetime.combine/mutant_4.py:10: assert datetime.date(2001, 1, 1) == datetime.date(2000, 1, 1)
/home/james/projects/cs6223/our_proptest_data/doc_and_code/mutants_2/datetime.datetime.combine/mutant_4.py:14: exceptiongroup.ExceptionGroup: Hypothesis found 2 distinct failures. (2 sub-exceptions)
/home/james/projects/cs6223/our_proptest_data/doc_and_code/mutants_2/datetime.datetime.combine/mutant_4.py:30: exceptiongroup.ExceptionGroup: Hypothesis found 2 distinct failures. (2 sub-exceptions)
/home/james/projects/cs6223/our_proptest_data/doc_and_code/mutants_2/datetime.datetime.combine/mutant_4.py:38: exceptiongroup.ExceptionGroup: Hypothesis found 2 distinct failures. (2 sub-exceptions)
/home/james/projects/cs6223/our_proptest_data/doc_and_code/mutants_2/datetime.datetime.combine/mutant_5.py:9: assert 1 == 0
/home/james/projects/cs6223/our_proptest_data/doc_and_code/mutants_2/datetime.datetime.combine/mutant_5.py:15: assert 0 == 1
/home/james/projects/cs6223/our_proptest_data/doc_and_code/mutants_2/datetime.datetime.combine/mutant_5.py:21: assert 1 == 0
/home/james/projects/cs6223/our_proptest_data/doc_and_code/mutants_2/datetime.datetime.combine/mutant_5.py:26: ValueError: fold must be either 0 or 1
/home/james/projects/cs6223/our_proptest_data/doc_and_code/mutants_2/datetime.datetime.combine/mutant_5.py:32: ValueError: fold must be either 0 or 1
=========================== short test summary info ============================
FAILED doc_and_code/mutants_2/datetime.datetime.combine/mutant_1.py::test_violation_of_datetime_datetime_combine_1
FAILED doc_and_code/mutants_2/datetime.datetime.combine/mutant_1.py::test_violation_of_datetime_datetime_combine_2
FAILED doc_and_code/mutants_2/datetime.datetime.combine/mutant_1.py::test_violation_of_datetime_datetime_combine_3
FAILED doc_and_code/mutants_2/datetime.datetime.combine/mutant_1.py::test_violation_of_datetime_datetime_combine_4
FAILED doc_and_code/mutants_2/datetime.datetime.combine/mutant_1.py::test_violation_of_datetime_datetime_combine_5
FAILED doc_and_code/mutants_2/datetime.datetime.combine/mutant_2.py::test_violation_of_datetime_datetime_combine_1
FAILED doc_and_code/mutants_2/datetime.datetime.combine/mutant_2.py::test_violation_of_datetime_datetime_combine_2
FAILED doc_and_code/mutants_2/datetime.datetime.combine/mutant_2.py::test_violation_of_datetime_datetime_combine_3
FAILED doc_and_code/mutants_2/datetime.datetime.combine/mutant_2.py::test_violation_of_datetime_datetime_combine_4
FAILED doc_and_code/mutants_2/datetime.datetime.combine/mutant_2.py::test_violation_of_datetime_datetime_combine_5
FAILED doc_and_code/mutants_2/datetime.datetime.combine/mutant_3.py::test_violation_of_datetime_datetime_combine_1
FAILED doc_and_code/mutants_2/datetime.datetime.combine/mutant_3.py::test_violation_of_datetime_datetime_combine_2
FAILED doc_and_code/mutants_2/datetime.datetime.combine/mutant_3.py::test_violation_of_datetime_datetime_combine_3
FAILED doc_and_code/mutants_2/datetime.datetime.combine/mutant_3.py::test_violation_of_datetime_datetime_combine_4
FAILED doc_and_code/mutants_2/datetime.datetime.combine/mutant_3.py::test_violation_of_datetime_datetime_combine_5
FAILED doc_and_code/mutants_2/datetime.datetime.combine/mutant_4.py::test_violation_of_datetime_datetime_combine_1
FAILED doc_and_code/mutants_2/datetime.datetime.combine/mutant_4.py::test_violation_of_datetime_datetime_combine_2
FAILED doc_and_code/mutants_2/datetime.datetime.combine/mutant_4.py::test_violation_of_datetime_datetime_combine_4
FAILED doc_and_code/mutants_2/datetime.datetime.combine/mutant_4.py::test_violation_of_datetime_datetime_combine_5
FAILED doc_and_code/mutants_2/datetime.datetime.combine/mutant_5.py::test_violation_of_datetime_datetime_combine_1
FAILED doc_and_code/mutants_2/datetime.datetime.combine/mutant_5.py::test_violation_of_datetime_datetime_combine_2
FAILED doc_and_code/mutants_2/datetime.datetime.combine/mutant_5.py::test_violation_of_datetime_datetime_combine_3
FAILED doc_and_code/mutants_2/datetime.datetime.combine/mutant_5.py::test_violation_of_datetime_datetime_combine_4
FAILED doc_and_code/mutants_2/datetime.datetime.combine/mutant_5.py::test_violation_of_datetime_datetime_combine_5
======================== 24 failed, 1 passed in 35.66s =========================
