============================= test session starts ==============================
platform linux -- Python 3.10.12, pytest-8.3.3, pluggy-1.5.0
rootdir: /home/james/projects/cs6223/our_proptest_data
plugins: hypothesis-6.112.2, timeout-2.3.1
collected 15 items

doc_and_code/mutants_2/datetime.timedelta.total_seconds/mutant_1.py FFFF [ 26%]
F                                                                        [ 33%]
doc_and_code/mutants_2/datetime.timedelta.total_seconds/mutant_2.py F..F [ 60%]
F                                                                        [ 66%]
doc_and_code/mutants_2/datetime.timedelta.total_seconds/mutant_3.py FFFF [ 93%]
F                                                                        [100%]

=================================== FAILURES ===================================
/home/james/projects/cs6223/our_proptest_data/doc_and_code/mutants_2/datetime.timedelta.total_seconds/mutant_1.py:8: assert 0.0 == ((((0 * 86400) + 0) + (0 / 1000000)) + 1)
/home/james/projects/cs6223/our_proptest_data/doc_and_code/mutants_2/datetime.timedelta.total_seconds/mutant_1.py:13: assert 86400.0 == ((((1 * 86400) + 0) + (0 / 1000000)) / 2)
/home/james/projects/cs6223/our_proptest_data/doc_and_code/mutants_2/datetime.timedelta.total_seconds/mutant_1.py:18: assert 86400.0 == ((((1 * 86400) + 0) + (0 / 1000000)) * 2)
/home/james/projects/cs6223/our_proptest_data/doc_and_code/mutants_2/datetime.timedelta.total_seconds/mutant_1.py:23: assert 86400.0 == 0
/home/james/projects/cs6223/our_proptest_data/doc_and_code/mutants_2/datetime.timedelta.total_seconds/mutant_1.py:28: assert 86400.0 == -(((1 * 86400) + 0) + (0 / 1000000))
/home/james/projects/cs6223/our_proptest_data/doc_and_code/mutants_2/datetime.timedelta.total_seconds/mutant_2.py:9: assert 0.0 != 0.0
/home/james/projects/cs6223/our_proptest_data/doc_and_code/mutants_2/datetime.timedelta.total_seconds/mutant_2.py:27: assert 0.0 != (0.0 * 2)
/home/james/projects/cs6223/our_proptest_data/doc_and_code/mutants_2/datetime.timedelta.total_seconds/mutant_2.py:33: assert 0.0 != (0.0 / 2)
/home/james/projects/cs6223/our_proptest_data/doc_and_code/mutants_2/datetime.timedelta.total_seconds/mutant_3.py:8: assert 0.0 != (((((0 * 86400) + 0) * (10 ** 6)) + 0) / (10 ** 6))
/home/james/projects/cs6223/our_proptest_data/doc_and_code/mutants_2/datetime.timedelta.total_seconds/mutant_3.py:13: assert 0.0 == ((((((0 * 86400) + 0) * (10 ** 6)) + 0) / (10 ** 6)) + 1)
/home/james/projects/cs6223/our_proptest_data/doc_and_code/mutants_2/datetime.timedelta.total_seconds/mutant_3.py:18: assert 0.0 == ((((((0 * 86400) + 0) * (10 ** 6)) + 0) / (10 ** 6)) - 1)
/home/james/projects/cs6223/our_proptest_data/doc_and_code/mutants_2/datetime.timedelta.total_seconds/mutant_3.py:23: assert 0.0 == (((((0 * 86400) + 0) * (10 ** 6)) + (0 + 1000)) / (10 ** 6))
/home/james/projects/cs6223/our_proptest_data/doc_and_code/mutants_2/datetime.timedelta.total_seconds/mutant_3.py:28: assert 1e-06 == (((((0 * 86400) + 0) * (10 ** 6)) + (1 // 2)) / (10 ** 6))
=========================== short test summary info ============================
FAILED doc_and_code/mutants_2/datetime.timedelta.total_seconds/mutant_1.py::test_violation_of_datetime_timedelta_total_seconds_1
FAILED doc_and_code/mutants_2/datetime.timedelta.total_seconds/mutant_1.py::test_violation_of_datetime_timedelta_total_seconds_2
FAILED doc_and_code/mutants_2/datetime.timedelta.total_seconds/mutant_1.py::test_violation_of_datetime_timedelta_total_seconds_3
FAILED doc_and_code/mutants_2/datetime.timedelta.total_seconds/mutant_1.py::test_violation_of_datetime_timedelta_total_seconds_4
FAILED doc_and_code/mutants_2/datetime.timedelta.total_seconds/mutant_1.py::test_violation_of_datetime_timedelta_total_seconds_5
FAILED doc_and_code/mutants_2/datetime.timedelta.total_seconds/mutant_2.py::test_violation_of_datetime_timedelta_total_seconds_1
FAILED doc_and_code/mutants_2/datetime.timedelta.total_seconds/mutant_2.py::test_violation_of_datetime_timedelta_total_seconds_4
FAILED doc_and_code/mutants_2/datetime.timedelta.total_seconds/mutant_2.py::test_violation_of_datetime_timedelta_total_seconds_5
FAILED doc_and_code/mutants_2/datetime.timedelta.total_seconds/mutant_3.py::test_violation_of_datetime_timedelta_total_seconds_1
FAILED doc_and_code/mutants_2/datetime.timedelta.total_seconds/mutant_3.py::test_violation_of_datetime_timedelta_total_seconds_2
FAILED doc_and_code/mutants_2/datetime.timedelta.total_seconds/mutant_3.py::test_violation_of_datetime_timedelta_total_seconds_3
FAILED doc_and_code/mutants_2/datetime.timedelta.total_seconds/mutant_3.py::test_violation_of_datetime_timedelta_total_seconds_4
FAILED doc_and_code/mutants_2/datetime.timedelta.total_seconds/mutant_3.py::test_violation_of_datetime_timedelta_total_seconds_5
========================= 13 failed, 2 passed in 1.48s =========================
