============================= test session starts ==============================
platform linux -- Python 3.10.12, pytest-8.3.3, pluggy-1.5.0
rootdir: /home/james/projects/cs6223/our_proptest_data
plugins: hypothesis-6.112.2, timeout-2.3.1
collected 15 items

doc_and_code/mutants_2/decimal.Decimal.exp/mutant_1.py FFFFF             [ 33%]
doc_and_code/mutants_2/decimal.Decimal.exp/mutant_2.py .....             [ 66%]
doc_and_code/mutants_2/decimal.Decimal.exp/mutant_3.py .....             [100%]

=================================== FAILURES ===================================
/home/james/projects/cs6223/our_proptest_data/doc_and_code/mutants_2/decimal.Decimal.exp/mutant_1.py:10: AssertionError: assert Decimal('1') == Decimal('2')
/home/james/projects/cs6223/our_proptest_data/doc_and_code/mutants_2/decimal.Decimal.exp/mutant_1.py:16: AssertionError: assert Decimal('1') == Decimal('-1')
/home/james/projects/cs6223/our_proptest_data/doc_and_code/mutants_2/decimal.Decimal.exp/mutant_1.py:22: AssertionError: assert Decimal('1') == Decimal('0')
/home/james/projects/cs6223/our_proptest_data/doc_and_code/mutants_2/decimal.Decimal.exp/mutant_1.py:28: AssertionError: assert Decimal('1') == Decimal('3')
/home/james/projects/cs6223/our_proptest_data/doc_and_code/mutants_2/decimal.Decimal.exp/mutant_1.py:34: AssertionError: assert Decimal('1') == Decimal('10')
=========================== short test summary info ============================
FAILED doc_and_code/mutants_2/decimal.Decimal.exp/mutant_1.py::test_violation_of_decimal_Decimal_exp_1
FAILED doc_and_code/mutants_2/decimal.Decimal.exp/mutant_1.py::test_violation_of_decimal_Decimal_exp_2
FAILED doc_and_code/mutants_2/decimal.Decimal.exp/mutant_1.py::test_violation_of_decimal_Decimal_exp_3
FAILED doc_and_code/mutants_2/decimal.Decimal.exp/mutant_1.py::test_violation_of_decimal_Decimal_exp_4
FAILED doc_and_code/mutants_2/decimal.Decimal.exp/mutant_1.py::test_violation_of_decimal_Decimal_exp_5
========================= 5 failed, 10 passed in 0.24s =========================
