============================= test session starts ==============================
platform linux -- Python 3.10.12, pytest-8.3.3, pluggy-1.5.0
rootdir: /home/james/projects/cs6223/our_proptest_data
plugins: hypothesis-6.112.2, timeout-2.3.1
collected 15 items / 1 error

doc_and_code/mutants_2/statistics.geometric_mean/mutant_1.py F....       [ 33%]
doc_and_code/mutants_2/statistics.geometric_mean/mutant_2.py FFFFF       [ 66%]
doc_and_code/mutants_2/statistics.geometric_mean/mutant_4.py FFFFF       [100%]

==================================== ERRORS ====================================
_ ERROR collecting doc_and_code/mutants_2/statistics.geometric_mean/mutant_3.py _
E   NameError: name 'math' is not defined
=================================== FAILURES ===================================
/home/james/projects/cs6223/our_proptest_data/doc_and_code/mutants_2/statistics.geometric_mean/mutant_1.py:7: TypeError: unsupported operand type(s) for +: 'float' and 'str'
/home/james/projects/cs6223/our_proptest_data/doc_and_code/mutants_2/statistics.geometric_mean/mutant_2.py:10: AssertionError: Expected StatisticsError for empty input
/home/james/projects/cs6223/our_proptest_data/doc_and_code/mutants_2/statistics.geometric_mean/mutant_2.py:17: AssertionError: Expected StatisticsError for empty input
/home/james/projects/cs6223/our_proptest_data/doc_and_code/mutants_2/statistics.geometric_mean/mutant_2.py:24: AssertionError: Expected StatisticsError for empty input
/home/james/projects/cs6223/our_proptest_data/doc_and_code/mutants_2/statistics.geometric_mean/mutant_2.py:31: AssertionError: Expected StatisticsError for empty input
/home/james/projects/cs6223/our_proptest_data/doc_and_code/mutants_2/statistics.geometric_mean/mutant_2.py:38: AssertionError: Expected StatisticsError for empty input
/home/james/projects/cs6223/our_proptest_data/doc_and_code/mutants_2/statistics.geometric_mean/mutant_4.py:9: assert 2.0 <= 1.0
/home/james/projects/cs6223/our_proptest_data/doc_and_code/mutants_2/statistics.geometric_mean/mutant_4.py:15: assert 2.0 <= 1.0
/home/james/projects/cs6223/our_proptest_data/doc_and_code/mutants_2/statistics.geometric_mean/mutant_4.py:21: assert 1.5 <= 1.0
/home/james/projects/cs6223/our_proptest_data/doc_and_code/mutants_2/statistics.geometric_mean/mutant_4.py:27: assert 2.0 <= 1.5
/home/james/projects/cs6223/our_proptest_data/doc_and_code/mutants_2/statistics.geometric_mean/mutant_4.py:33: assert 1001.0 <= 1.0
=========================== short test summary info ============================
FAILED doc_and_code/mutants_2/statistics.geometric_mean/mutant_1.py::test_violation_of_statistics_geometric_mean_1
FAILED doc_and_code/mutants_2/statistics.geometric_mean/mutant_2.py::test_violation_of_statistics_geometric_mean_1
FAILED doc_and_code/mutants_2/statistics.geometric_mean/mutant_2.py::test_violation_of_statistics_geometric_mean_2
FAILED doc_and_code/mutants_2/statistics.geometric_mean/mutant_2.py::test_violation_of_statistics_geometric_mean_3
FAILED doc_and_code/mutants_2/statistics.geometric_mean/mutant_2.py::test_violation_of_statistics_geometric_mean_4
FAILED doc_and_code/mutants_2/statistics.geometric_mean/mutant_2.py::test_violation_of_statistics_geometric_mean_5
FAILED doc_and_code/mutants_2/statistics.geometric_mean/mutant_4.py::test_violation_of_statistics_geometric_mean_1
FAILED doc_and_code/mutants_2/statistics.geometric_mean/mutant_4.py::test_violation_of_statistics_geometric_mean_2
FAILED doc_and_code/mutants_2/statistics.geometric_mean/mutant_4.py::test_violation_of_statistics_geometric_mean_3
FAILED doc_and_code/mutants_2/statistics.geometric_mean/mutant_4.py::test_violation_of_statistics_geometric_mean_4
FAILED doc_and_code/mutants_2/statistics.geometric_mean/mutant_4.py::test_violation_of_statistics_geometric_mean_5
ERROR doc_and_code/mutants_2/statistics.geometric_mean/mutant_3.py - NameErro...
==================== 11 failed, 4 passed, 1 error in 5.87s =====================
