============================= test session starts ==============================
platform linux -- Python 3.10.12, pytest-8.3.3, pluggy-1.5.0
rootdir: /home/james/projects/cs6223/our_proptest_data
plugins: hypothesis-6.112.2, timeout-2.3.1
collected 25 items

doc_and_code/proptest/html.escape/pbt_1.py F....                         [ 20%]
doc_and_code/proptest/html.escape/pbt_2.py F....                         [ 40%]
doc_and_code/proptest/html.escape/pbt_3.py ....F                         [ 60%]
doc_and_code/proptest/html.escape/pbt_4.py ....F                         [ 80%]
doc_and_code/proptest/html.escape/pbt_5.py FFFFF                         [100%]

=================================== FAILURES ===================================
/home/james/projects/cs6223/our_proptest_data/doc_and_code/proptest/html.escape/pbt_1.py:7: assert False
/home/james/projects/cs6223/our_proptest_data/doc_and_code/proptest/html.escape/pbt_2.py:7: assert False
/home/james/projects/cs6223/our_proptest_data/doc_and_code/proptest/html.escape/pbt_3.py:28: assert (True and False)
/home/james/projects/cs6223/our_proptest_data/doc_and_code/proptest/html.escape/pbt_4.py:28: assert False == True
/home/james/projects/cs6223/our_proptest_data/doc_and_code/proptest/html.escape/pbt_5.py:6: hypothesis.errors.InvalidArgument: Too many positional arguments for test_output_contains_no_special_characters_with_quote() were passed to @given - expected at most 0 arguments, but got 1 (text(),)
/home/james/projects/cs6223/our_proptest_data/doc_and_code/proptest/html.escape/pbt_5.py:12: hypothesis.errors.InvalidArgument: Too many positional arguments for test_output_length_restriction() were passed to @given - expected at most 0 arguments, but got 1 (text(),)
/home/james/projects/cs6223/our_proptest_data/doc_and_code/proptest/html.escape/pbt_5.py:18: hypothesis.errors.InvalidArgument: Too many positional arguments for test_empty_input_results_in_empty_output() were passed to @given - expected at most 0 arguments, but got 1 (text(),)
/home/james/projects/cs6223/our_proptest_data/doc_and_code/proptest/html.escape/pbt_5.py:23: hypothesis.errors.InvalidArgument: Too many positional arguments for test_no_escaping_when_no_special_characters() were passed to @given - expected at most 0 arguments, but got 1 (text(),)
/home/james/projects/cs6223/our_proptest_data/doc_and_code/proptest/html.escape/pbt_5.py:29: hypothesis.errors.InvalidArgument: Too many positional arguments for test_only_specific_characters_escaped_when_quote_false() were passed to @given - expected at most 0 arguments, but got 1 (text(),)
=========================== short test summary info ============================
FAILED doc_and_code/proptest/html.escape/pbt_1.py::test_output_contains_no_special_characters_when_quote_true
FAILED doc_and_code/proptest/html.escape/pbt_2.py::test_output_does_not_contain_special_characters_if_quote_true
FAILED doc_and_code/proptest/html.escape/pbt_3.py::test_quote_false_only_escapes_specific_characters
FAILED doc_and_code/proptest/html.escape/pbt_4.py::test_character_escape_if_quote_false
FAILED doc_and_code/proptest/html.escape/pbt_5.py::test_output_contains_no_special_characters_with_quote
FAILED doc_and_code/proptest/html.escape/pbt_5.py::test_output_length_restriction
FAILED doc_and_code/proptest/html.escape/pbt_5.py::test_empty_input_results_in_empty_output
FAILED doc_and_code/proptest/html.escape/pbt_5.py::test_no_escaping_when_no_special_characters
FAILED doc_and_code/proptest/html.escape/pbt_5.py::test_only_specific_characters_escaped_when_quote_false
========================= 9 failed, 16 passed in 0.41s =========================
