============================= test session starts ==============================
platform linux -- Python 3.10.12, pytest-8.3.3, pluggy-1.5.0
rootdir: /home/james/projects/cs6223/our_proptest_data
plugins: hypothesis-6.112.2, timeout-2.3.1
collected 20 items / 1 error

doc_and_code/proptest/networkx.algorithms.cycles.find_cycle/pbt_1.py FFF [ 15%]
.F                                                                       [ 25%]
doc_and_code/proptest/networkx.algorithms.cycles.find_cycle/pbt_2.py ... [ 40%]
F.                                                                       [ 50%]
doc_and_code/proptest/networkx.algorithms.cycles.find_cycle/pbt_3.py FF. [ 65%]
.F                                                                       [ 75%]
doc_and_code/proptest/networkx.algorithms.cycles.find_cycle/pbt_4.py ..F [ 90%]
F.                                                                       [100%]

==================================== ERRORS ====================================
_ ERROR collecting doc_and_code/proptest/networkx.algorithms.cycles.find_cycle/pbt_5.py _
E   AttributeError: 'LazyStrategy' object has no attribute 'distinct'
=================================== FAILURES ===================================
/home/james/projects/.venv/lib/python3.10/site-packages/networkx/algorithms/cycles.py:1023: networkx.exception.NetworkXNoCycle: No cycle found.
/home/james/projects/.venv/lib/python3.10/site-packages/networkx/algorithms/cycles.py:1023: networkx.exception.NetworkXNoCycle: No cycle found.
/home/james/projects/cs6223/our_proptest_data/doc_and_code/proptest/networkx.algorithms.cycles.find_cycle/pbt_1.py:21: exceptiongroup.ExceptionGroup: Hypothesis found 2 distinct failures. (2 sub-exceptions)
/home/james/projects/.venv/lib/python3.10/site-packages/networkx/algorithms/cycles.py:1023: networkx.exception.NetworkXNoCycle: No cycle found.
/home/james/projects/.venv/lib/python3.10/site-packages/networkx/algorithms/cycles.py:1023: networkx.exception.NetworkXNoCycle: No cycle found.
/home/james/projects/cs6223/our_proptest_data/doc_and_code/proptest/networkx.algorithms.cycles.find_cycle/pbt_3.py:6: exceptiongroup.ExceptionGroup: Hypothesis found 2 distinct failures. (2 sub-exceptions)
/home/james/projects/.venv/lib/python3.10/site-packages/networkx/classes/graph.py:2027: networkx.exception.NetworkXError: nbunch is not a node or a sequence of nodes.
/home/james/projects/.venv/lib/python3.10/site-packages/networkx/classes/graph.py:2027: networkx.exception.NetworkXError: nbunch is not a node or a sequence of nodes.
/home/james/projects/cs6223/our_proptest_data/doc_and_code/proptest/networkx.algorithms.cycles.find_cycle/pbt_4.py:48: assert False
/home/james/projects/cs6223/our_proptest_data/doc_and_code/proptest/networkx.algorithms.cycles.find_cycle/pbt_4.py:64: assert False
=========================== short test summary info ============================
FAILED doc_and_code/proptest/networkx.algorithms.cycles.find_cycle/pbt_1.py::test_cycle_found_property
FAILED doc_and_code/proptest/networkx.algorithms.cycles.find_cycle/pbt_1.py::test_cycle_closed_loop_property
FAILED doc_and_code/proptest/networkx.algorithms.cycles.find_cycle/pbt_1.py::test_orientation_respected_property
FAILED doc_and_code/proptest/networkx.algorithms.cycles.find_cycle/pbt_1.py::test_edges_ordered_correctly_property
FAILED doc_and_code/proptest/networkx.algorithms.cycles.find_cycle/pbt_2.py::test_find_cycle_no_cycle_property
FAILED doc_and_code/proptest/networkx.algorithms.cycles.find_cycle/pbt_3.py::test_cycle_found_property
FAILED doc_and_code/proptest/networkx.algorithms.cycles.find_cycle/pbt_3.py::test_cycle_closed_loop_property
FAILED doc_and_code/proptest/networkx.algorithms.cycles.find_cycle/pbt_3.py::test_edges_in_traversal_order_property
FAILED doc_and_code/proptest/networkx.algorithms.cycles.find_cycle/pbt_4.py::test_orientation_respect_property
FAILED doc_and_code/proptest/networkx.algorithms.cycles.find_cycle/pbt_4.py::test_no_cycle_exception_property
ERROR doc_and_code/proptest/networkx.algorithms.cycles.find_cycle/pbt_5.py - ...
==================== 10 failed, 10 passed, 1 error in 6.67s ====================
