============================= test session starts ==============================
platform linux -- Python 3.10.12, pytest-8.3.3, pluggy-1.5.0
rootdir: /home/james/projects/cs6223/our_proptest_data
plugins: hypothesis-6.112.2, timeout-2.3.1
collected 25 items

doc_and_code/proptest/networkx.algorithms.assortativity.average_neighbor_degree/pbt_1.py . [  4%]
....                                                                     [ 20%]
doc_and_code/proptest/networkx.algorithms.assortativity.average_neighbor_degree/pbt_2.py . [ 24%]
..F.                                                                     [ 40%]
doc_and_code/proptest/networkx.algorithms.assortativity.average_neighbor_degree/pbt_3.py . [ 44%]
....                                                                     [ 60%]
doc_and_code/proptest/networkx.algorithms.assortativity.average_neighbor_degree/pbt_4.py . [ 64%]
....                                                                     [ 80%]
doc_and_code/proptest/networkx.algorithms.assortativity.average_neighbor_degree/pbt_5.py F [ 84%]
FFFF                                                                     [100%]

=================================== FAILURES ===================================
/home/james/projects/cs6223/our_proptest_data/doc_and_code/proptest/networkx.algorithms.assortativity.average_neighbor_degree/pbt_2.py:49: assert False
/home/james/projects/.venv/lib/python3.10/site-packages/networkx/algorithms/assortativity/neighbor_degree.py:121: networkx.exception.NetworkXError: source and target arguments are only supported for directed graphs
/home/james/projects/.venv/lib/python3.10/site-packages/networkx/algorithms/assortativity/neighbor_degree.py:121: networkx.exception.NetworkXError: source and target arguments are only supported for directed graphs
/home/james/projects/.venv/lib/python3.10/site-packages/networkx/algorithms/assortativity/neighbor_degree.py:121: networkx.exception.NetworkXError: source and target arguments are only supported for directed graphs
/home/james/projects/cs6223/our_proptest_data/doc_and_code/proptest/networkx.algorithms.assortativity.average_neighbor_degree/pbt_5.py:25: exceptiongroup.ExceptionGroup: Hypothesis found 2 distinct failures. (2 sub-exceptions)
/home/james/projects/.venv/lib/python3.10/site-packages/networkx/algorithms/assortativity/neighbor_degree.py:121: networkx.exception.NetworkXError: source and target arguments are only supported for directed graphs
=============================== warnings summary ===============================
doc_and_code/proptest/networkx.algorithms.assortativity.average_neighbor_degree/pbt_1.py::test_average_neighbor_degree_contains_all_nodes_property
  /home/james/projects/.venv/lib/python3.10/site-packages/hypothesis/strategies/_internal/core.py:1217: SmallSearchSpaceWarning: from_type(thing=Graph) resolved to builds(Graph), because we could not find any (non-varargs) arguments. Use st.register_type_strategy() to resolve to a strategy which can generate more than one value, or silence this warning.
    lambda thing: deferred(lambda: _from_type(thing)),

doc_and_code/proptest/networkx.algorithms.assortativity.average_neighbor_degree/pbt_4.py::test_output_contains_all_nodes_property
doc_and_code/proptest/networkx.algorithms.assortativity.average_neighbor_degree/pbt_4.py::test_average_neighbor_degree_non_negative_property
doc_and_code/proptest/networkx.algorithms.assortativity.average_neighbor_degree/pbt_4.py::test_average_neighbor_degree_calculation_property
doc_and_code/proptest/networkx.algorithms.assortativity.average_neighbor_degree/pbt_4.py::test_stable_output_property
  /usr/lib/python3.10/contextlib.py:142: HypothesisDeprecationWarning: Do not use the `random` module inside strategies; instead consider  `st.randoms()`, `st.sampled_from()`, etc.  Draw 1: from builds(gnp_random_graph, n=integers(min_value=1, max_value=100), p=floats(min_value=0, max_value=1))
    next(self.gen)

-- Docs: https://docs.pytest.org/en/stable/how-to/capture-warnings.html
=========================== short test summary info ============================
FAILED doc_and_code/proptest/networkx.algorithms.assortativity.average_neighbor_degree/pbt_2.py::test_correct_average_calculation_property
FAILED doc_and_code/proptest/networkx.algorithms.assortativity.average_neighbor_degree/pbt_5.py::test_output_contains_all_nodes_property
FAILED doc_and_code/proptest/networkx.algorithms.assortativity.average_neighbor_degree/pbt_5.py::test_average_neighbor_degree_non_negative_property
FAILED doc_and_code/proptest/networkx.algorithms.assortativity.average_neighbor_degree/pbt_5.py::test_degree_zero_average_property
FAILED doc_and_code/proptest/networkx.algorithms.assortativity.average_neighbor_degree/pbt_5.py::test_average_neighbor_degree_correctness_property
FAILED doc_and_code/proptest/networkx.algorithms.assortativity.average_neighbor_degree/pbt_5.py::test_output_stability_property
=================== 6 failed, 19 passed, 5 warnings in 9.42s ===================
