============================= test session starts ==============================
platform linux -- Python 3.10.12, pytest-8.3.3, pluggy-1.5.0
rootdir: /home/james/projects/cs6223/our_proptest_data
plugins: hypothesis-6.112.2, timeout-2.3.1
collected 25 items

code_only/mutants_2/networkx.algorithms.bipartite.basic.color/mutant_1.py F [  4%]
FFFF                                                                     [ 20%]
code_only/mutants_2/networkx.algorithms.bipartite.basic.color/mutant_2.py F [ 24%]
FFFF                                                                     [ 40%]
code_only/mutants_2/networkx.algorithms.bipartite.basic.color/mutant_3.py F [ 44%]
FFFF                                                                     [ 60%]
code_only/mutants_2/networkx.algorithms.bipartite.basic.color/mutant_4.py F [ 64%]
FFFF                                                                     [ 80%]
code_only/mutants_2/networkx.algorithms.bipartite.basic.color/mutant_5.py F [ 84%]
FFFF                                                                     [100%]

=================================== FAILURES ===================================
/home/james/projects/cs6223/our_proptest_data/code_only/mutants_2/networkx.algorithms.bipartite.basic.color/mutant_1.py:7: hypothesis.errors.InvalidArgument: Too many positional arguments for test_violation_of_networkx_algorithms_bipartite_basic_color_1() were passed to @given - expected at most 0 arguments, but got 1 (data(),)
/home/james/projects/cs6223/our_proptest_data/code_only/mutants_2/networkx.algorithms.bipartite.basic.color/mutant_1.py:17: hypothesis.errors.InvalidArgument: Too many positional arguments for test_violation_of_networkx_algorithms_bipartite_basic_color_2() were passed to @given - expected at most 0 arguments, but got 1 (data(),)
/home/james/projects/cs6223/our_proptest_data/code_only/mutants_2/networkx.algorithms.bipartite.basic.color/mutant_1.py:27: hypothesis.errors.InvalidArgument: Too many positional arguments for test_violation_of_networkx_algorithms_bipartite_basic_color_3() were passed to @given - expected at most 0 arguments, but got 1 (data(),)
/home/james/projects/cs6223/our_proptest_data/code_only/mutants_2/networkx.algorithms.bipartite.basic.color/mutant_1.py:37: hypothesis.errors.InvalidArgument: Too many positional arguments for test_violation_of_networkx_algorithms_bipartite_basic_color_4() were passed to @given - expected at most 0 arguments, but got 1 (data(),)
/home/james/projects/cs6223/our_proptest_data/code_only/mutants_2/networkx.algorithms.bipartite.basic.color/mutant_1.py:47: hypothesis.errors.InvalidArgument: Too many positional arguments for test_violation_of_networkx_algorithms_bipartite_basic_color_5() were passed to @given - expected at most 0 arguments, but got 1 (data(),)
/home/james/projects/cs6223/our_proptest_data/code_only/mutants_2/networkx.algorithms.bipartite.basic.color/mutant_2.py:9: AssertionError: assert {'node1': 'red'} == {}
/home/james/projects/cs6223/our_proptest_data/code_only/mutants_2/networkx.algorithms.bipartite.basic.color/mutant_2.py:15: AssertionError: assert {'node2': 'blue'} == {}
/home/james/projects/cs6223/our_proptest_data/code_only/mutants_2/networkx.algorithms.bipartite.basic.color/mutant_2.py:21: AssertionError: assert {'node3': 'green'} == {}
/home/james/projects/cs6223/our_proptest_data/code_only/mutants_2/networkx.algorithms.bipartite.basic.color/mutant_2.py:27: AssertionError: assert {'node4': 'yellow'} == {}
/home/james/projects/cs6223/our_proptest_data/code_only/mutants_2/networkx.algorithms.bipartite.basic.color/mutant_2.py:33: AssertionError: assert {'node5': 'purple'} == {}
/home/james/projects/cs6223/our_proptest_data/code_only/mutants_2/networkx.algorithms.bipartite.basic.color/mutant_3.py:13: assert False
/home/james/projects/cs6223/our_proptest_data/code_only/mutants_2/networkx.algorithms.bipartite.basic.color/mutant_3.py:23: assert False
/home/james/projects/cs6223/our_proptest_data/code_only/mutants_2/networkx.algorithms.bipartite.basic.color/mutant_3.py:33: assert False
/home/james/projects/cs6223/our_proptest_data/code_only/mutants_2/networkx.algorithms.bipartite.basic.color/mutant_3.py:43: assert False
/home/james/projects/cs6223/our_proptest_data/code_only/mutants_2/networkx.algorithms.bipartite.basic.color/mutant_3.py:53: assert False
/home/james/projects/cs6223/our_proptest_data/code_only/mutants_2/networkx.algorithms.bipartite.basic.color/mutant_4.py:7: hypothesis.errors.InvalidArgument: Too many positional arguments for test_violation_of_networkx_algorithms_bipartite_basic_color_1() were passed to @given - expected at most 0 arguments, but got 1 (data(),)
/home/james/projects/cs6223/our_proptest_data/code_only/mutants_2/networkx.algorithms.bipartite.basic.color/mutant_4.py:17: hypothesis.errors.InvalidArgument: Too many positional arguments for test_violation_of_networkx_algorithms_bipartite_basic_color_2() were passed to @given - expected at most 0 arguments, but got 1 (data(),)
/home/james/projects/cs6223/our_proptest_data/code_only/mutants_2/networkx.algorithms.bipartite.basic.color/mutant_4.py:27: hypothesis.errors.InvalidArgument: Too many positional arguments for test_violation_of_networkx_algorithms_bipartite_basic_color_3() were passed to @given - expected at most 0 arguments, but got 1 (data(),)
/home/james/projects/cs6223/our_proptest_data/code_only/mutants_2/networkx.algorithms.bipartite.basic.color/mutant_4.py:37: hypothesis.errors.InvalidArgument: Too many positional arguments for test_violation_of_networkx_algorithms_bipartite_basic_color_4() were passed to @given - expected at most 0 arguments, but got 1 (data(),)
/home/james/projects/cs6223/our_proptest_data/code_only/mutants_2/networkx.algorithms.bipartite.basic.color/mutant_4.py:47: hypothesis.errors.InvalidArgument: Too many positional arguments for test_violation_of_networkx_algorithms_bipartite_basic_color_5() were passed to @given - expected at most 0 arguments, but got 1 (data(),)
/home/james/projects/.venv/lib/python3.10/site-packages/networkx/algorithms/bipartite/basic.py:77: networkx.exception.NetworkXError: Graph is not bipartite.
/home/james/projects/.venv/lib/python3.10/site-packages/networkx/algorithms/bipartite/basic.py:77: networkx.exception.NetworkXError: Graph is not bipartite.
/home/james/projects/cs6223/our_proptest_data/code_only/mutants_2/networkx.algorithms.bipartite.basic.color/mutant_5.py:27: AssertionError: Expected NetworkXError for non-bipartite graph
/home/james/projects/.venv/lib/python3.10/site-packages/networkx/algorithms/bipartite/basic.py:77: networkx.exception.NetworkXError: Graph is not bipartite.
/home/james/projects/cs6223/our_proptest_data/code_only/mutants_2/networkx.algorithms.bipartite.basic.color/mutant_5.py:43: AssertionError: Expected NetworkXError for non-bipartite graph
=========================== short test summary info ============================
FAILED code_only/mutants_2/networkx.algorithms.bipartite.basic.color/mutant_1.py::test_violation_of_networkx_algorithms_bipartite_basic_color_1
FAILED code_only/mutants_2/networkx.algorithms.bipartite.basic.color/mutant_1.py::test_violation_of_networkx_algorithms_bipartite_basic_color_2
FAILED code_only/mutants_2/networkx.algorithms.bipartite.basic.color/mutant_1.py::test_violation_of_networkx_algorithms_bipartite_basic_color_3
FAILED code_only/mutants_2/networkx.algorithms.bipartite.basic.color/mutant_1.py::test_violation_of_networkx_algorithms_bipartite_basic_color_4
FAILED code_only/mutants_2/networkx.algorithms.bipartite.basic.color/mutant_1.py::test_violation_of_networkx_algorithms_bipartite_basic_color_5
FAILED code_only/mutants_2/networkx.algorithms.bipartite.basic.color/mutant_2.py::test_violation_of_networkx_algorithms_bipartite_basic_color_1
FAILED code_only/mutants_2/networkx.algorithms.bipartite.basic.color/mutant_2.py::test_violation_of_networkx_algorithms_bipartite_basic_color_2
FAILED code_only/mutants_2/networkx.algorithms.bipartite.basic.color/mutant_2.py::test_violation_of_networkx_algorithms_bipartite_basic_color_3
FAILED code_only/mutants_2/networkx.algorithms.bipartite.basic.color/mutant_2.py::test_violation_of_networkx_algorithms_bipartite_basic_color_4
FAILED code_only/mutants_2/networkx.algorithms.bipartite.basic.color/mutant_2.py::test_violation_of_networkx_algorithms_bipartite_basic_color_5
FAILED code_only/mutants_2/networkx.algorithms.bipartite.basic.color/mutant_3.py::test_violation_of_networkx_algorithms_bipartite_basic_color_1
FAILED code_only/mutants_2/networkx.algorithms.bipartite.basic.color/mutant_3.py::test_violation_of_networkx_algorithms_bipartite_basic_color_2
FAILED code_only/mutants_2/networkx.algorithms.bipartite.basic.color/mutant_3.py::test_violation_of_networkx_algorithms_bipartite_basic_color_3
FAILED code_only/mutants_2/networkx.algorithms.bipartite.basic.color/mutant_3.py::test_violation_of_networkx_algorithms_bipartite_basic_color_4
FAILED code_only/mutants_2/networkx.algorithms.bipartite.basic.color/mutant_3.py::test_violation_of_networkx_algorithms_bipartite_basic_color_5
FAILED code_only/mutants_2/networkx.algorithms.bipartite.basic.color/mutant_4.py::test_violation_of_networkx_algorithms_bipartite_basic_color_1
FAILED code_only/mutants_2/networkx.algorithms.bipartite.basic.color/mutant_4.py::test_violation_of_networkx_algorithms_bipartite_basic_color_2
FAILED code_only/mutants_2/networkx.algorithms.bipartite.basic.color/mutant_4.py::test_violation_of_networkx_algorithms_bipartite_basic_color_3
FAILED code_only/mutants_2/networkx.algorithms.bipartite.basic.color/mutant_4.py::test_violation_of_networkx_algorithms_bipartite_basic_color_4
FAILED code_only/mutants_2/networkx.algorithms.bipartite.basic.color/mutant_4.py::test_violation_of_networkx_algorithms_bipartite_basic_color_5
FAILED code_only/mutants_2/networkx.algorithms.bipartite.basic.color/mutant_5.py::test_violation_of_networkx_algorithms_bipartite_basic_color_1
FAILED code_only/mutants_2/networkx.algorithms.bipartite.basic.color/mutant_5.py::test_violation_of_networkx_algorithms_bipartite_basic_color_2
FAILED code_only/mutants_2/networkx.algorithms.bipartite.basic.color/mutant_5.py::test_violation_of_networkx_algorithms_bipartite_basic_color_3
FAILED code_only/mutants_2/networkx.algorithms.bipartite.basic.color/mutant_5.py::test_violation_of_networkx_algorithms_bipartite_basic_color_4
FAILED code_only/mutants_2/networkx.algorithms.bipartite.basic.color/mutant_5.py::test_violation_of_networkx_algorithms_bipartite_basic_color_5
============================== 25 failed in 0.32s ==============================
