============================= test session starts ==============================
platform linux -- Python 3.10.12, pytest-8.3.3, pluggy-1.5.0
rootdir: /home/james/projects/cs6223/our_proptest_data
plugins: hypothesis-6.112.2, timeout-2.3.1
collected 25 items

code_only/mutants_2/networkx.algorithms.clique.find_cliques/mutant_1.py F [  4%]
FFFF                                                                     [ 20%]
code_only/mutants_2/networkx.algorithms.clique.find_cliques/mutant_2.py . [ 24%]
....                                                                     [ 40%]
code_only/mutants_2/networkx.algorithms.clique.find_cliques/mutant_3.py F [ 44%]
FFFF                                                                     [ 60%]
code_only/mutants_2/networkx.algorithms.clique.find_cliques/mutant_4.py F [ 64%]
FFFF                                                                     [ 80%]
code_only/mutants_2/networkx.algorithms.clique.find_cliques/mutant_5.py F [ 84%]
FFFF                                                                     [100%]

=================================== FAILURES ===================================
/home/james/projects/cs6223/our_proptest_data/code_only/mutants_2/networkx.algorithms.clique.find_cliques/mutant_1.py:8: hypothesis.errors.InvalidArgument: Too many positional arguments for test_violation_of_networkx_algorithms_clique_find_cliques_1() were passed to @given - expected at most 0 arguments, but got 1 (data(),)
/home/james/projects/cs6223/our_proptest_data/code_only/mutants_2/networkx.algorithms.clique.find_cliques/mutant_1.py:16: hypothesis.errors.InvalidArgument: Too many positional arguments for test_violation_of_networkx_algorithms_clique_find_cliques_2() were passed to @given - expected at most 0 arguments, but got 1 (data(),)
/home/james/projects/cs6223/our_proptest_data/code_only/mutants_2/networkx.algorithms.clique.find_cliques/mutant_1.py:24: hypothesis.errors.InvalidArgument: Too many positional arguments for test_violation_of_networkx_algorithms_clique_find_cliques_3() were passed to @given - expected at most 0 arguments, but got 1 (data(),)
/home/james/projects/cs6223/our_proptest_data/code_only/mutants_2/networkx.algorithms.clique.find_cliques/mutant_1.py:32: hypothesis.errors.InvalidArgument: Too many positional arguments for test_violation_of_networkx_algorithms_clique_find_cliques_4() were passed to @given - expected at most 0 arguments, but got 1 (data(),)
/home/james/projects/cs6223/our_proptest_data/code_only/mutants_2/networkx.algorithms.clique.find_cliques/mutant_1.py:40: hypothesis.errors.InvalidArgument: Too many positional arguments for test_violation_of_networkx_algorithms_clique_find_cliques_5() were passed to @given - expected at most 0 arguments, but got 1 (data(),)
/home/james/projects/cs6223/our_proptest_data/code_only/mutants_2/networkx.algorithms.clique.find_cliques/mutant_3.py:8: hypothesis.errors.InvalidArgument: Too many positional arguments for test_violation_of_networkx_algorithms_clique_find_cliques_1() were passed to @given - expected at most 0 arguments, but got 1 (data(),)
/home/james/projects/cs6223/our_proptest_data/code_only/mutants_2/networkx.algorithms.clique.find_cliques/mutant_3.py:20: hypothesis.errors.InvalidArgument: Too many positional arguments for test_violation_of_networkx_algorithms_clique_find_cliques_2() were passed to @given - expected at most 0 arguments, but got 1 (data(),)
/home/james/projects/cs6223/our_proptest_data/code_only/mutants_2/networkx.algorithms.clique.find_cliques/mutant_3.py:33: hypothesis.errors.InvalidArgument: Too many positional arguments for test_violation_of_networkx_algorithms_clique_find_cliques_3() were passed to @given - expected at most 0 arguments, but got 1 (data(),)
/home/james/projects/cs6223/our_proptest_data/code_only/mutants_2/networkx.algorithms.clique.find_cliques/mutant_3.py:46: hypothesis.errors.InvalidArgument: Too many positional arguments for test_violation_of_networkx_algorithms_clique_find_cliques_4() were passed to @given - expected at most 0 arguments, but got 1 (data(),)
/home/james/projects/cs6223/our_proptest_data/code_only/mutants_2/networkx.algorithms.clique.find_cliques/mutant_3.py:59: hypothesis.errors.InvalidArgument: Too many positional arguments for test_violation_of_networkx_algorithms_clique_find_cliques_5() were passed to @given - expected at most 0 arguments, but got 1 (data(),)
/home/james/projects/cs6223/our_proptest_data/code_only/mutants_2/networkx.algorithms.clique.find_cliques/mutant_4.py:10: assert [[0]] == []
/home/james/projects/cs6223/our_proptest_data/code_only/mutants_2/networkx.algorithms.clique.find_cliques/mutant_4.py:16: assert [[], []] == []
/home/james/projects/cs6223/our_proptest_data/code_only/mutants_2/networkx.algorithms.clique.find_cliques/mutant_4.py:22: assert [[1, 2]] == []
/home/james/projects/cs6223/our_proptest_data/code_only/mutants_2/networkx.algorithms.clique.find_cliques/mutant_4.py:28: assert [[3]] == []
/home/james/projects/cs6223/our_proptest_data/code_only/mutants_2/networkx.algorithms.clique.find_cliques/mutant_4.py:34: assert [[4, 5, 6]] == []
/home/james/projects/cs6223/our_proptest_data/code_only/mutants_2/networkx.algorithms.clique.find_cliques/mutant_5.py:14: assert {2} == {0, 1}
/home/james/projects/cs6223/our_proptest_data/code_only/mutants_2/networkx.algorithms.clique.find_cliques/mutant_5.py:24: assert {0, 1, 2} == {0, 1}
/home/james/projects/cs6223/our_proptest_data/code_only/mutants_2/networkx.algorithms.clique.find_cliques/mutant_5.py:34: assert {0} == {1}
/home/james/projects/cs6223/our_proptest_data/code_only/mutants_2/networkx.algorithms.clique.find_cliques/mutant_5.py:41: TypeError: 'set' object is not subscriptable
/home/james/projects/cs6223/our_proptest_data/code_only/mutants_2/networkx.algorithms.clique.find_cliques/mutant_5.py:51: TypeError: 'set' object is not subscriptable
=========================== short test summary info ============================
FAILED code_only/mutants_2/networkx.algorithms.clique.find_cliques/mutant_1.py::test_violation_of_networkx_algorithms_clique_find_cliques_1
FAILED code_only/mutants_2/networkx.algorithms.clique.find_cliques/mutant_1.py::test_violation_of_networkx_algorithms_clique_find_cliques_2
FAILED code_only/mutants_2/networkx.algorithms.clique.find_cliques/mutant_1.py::test_violation_of_networkx_algorithms_clique_find_cliques_3
FAILED code_only/mutants_2/networkx.algorithms.clique.find_cliques/mutant_1.py::test_violation_of_networkx_algorithms_clique_find_cliques_4
FAILED code_only/mutants_2/networkx.algorithms.clique.find_cliques/mutant_1.py::test_violation_of_networkx_algorithms_clique_find_cliques_5
FAILED code_only/mutants_2/networkx.algorithms.clique.find_cliques/mutant_3.py::test_violation_of_networkx_algorithms_clique_find_cliques_1
FAILED code_only/mutants_2/networkx.algorithms.clique.find_cliques/mutant_3.py::test_violation_of_networkx_algorithms_clique_find_cliques_2
FAILED code_only/mutants_2/networkx.algorithms.clique.find_cliques/mutant_3.py::test_violation_of_networkx_algorithms_clique_find_cliques_3
FAILED code_only/mutants_2/networkx.algorithms.clique.find_cliques/mutant_3.py::test_violation_of_networkx_algorithms_clique_find_cliques_4
FAILED code_only/mutants_2/networkx.algorithms.clique.find_cliques/mutant_3.py::test_violation_of_networkx_algorithms_clique_find_cliques_5
FAILED code_only/mutants_2/networkx.algorithms.clique.find_cliques/mutant_4.py::test_violation_of_networkx_algorithms_clique_find_cliques_1
FAILED code_only/mutants_2/networkx.algorithms.clique.find_cliques/mutant_4.py::test_violation_of_networkx_algorithms_clique_find_cliques_2
FAILED code_only/mutants_2/networkx.algorithms.clique.find_cliques/mutant_4.py::test_violation_of_networkx_algorithms_clique_find_cliques_3
FAILED code_only/mutants_2/networkx.algorithms.clique.find_cliques/mutant_4.py::test_violation_of_networkx_algorithms_clique_find_cliques_4
FAILED code_only/mutants_2/networkx.algorithms.clique.find_cliques/mutant_4.py::test_violation_of_networkx_algorithms_clique_find_cliques_5
FAILED code_only/mutants_2/networkx.algorithms.clique.find_cliques/mutant_5.py::test_violation_of_networkx_algorithms_clique_find_cliques_1
FAILED code_only/mutants_2/networkx.algorithms.clique.find_cliques/mutant_5.py::test_violation_of_networkx_algorithms_clique_find_cliques_2
FAILED code_only/mutants_2/networkx.algorithms.clique.find_cliques/mutant_5.py::test_violation_of_networkx_algorithms_clique_find_cliques_3
FAILED code_only/mutants_2/networkx.algorithms.clique.find_cliques/mutant_5.py::test_violation_of_networkx_algorithms_clique_find_cliques_4
FAILED code_only/mutants_2/networkx.algorithms.clique.find_cliques/mutant_5.py::test_violation_of_networkx_algorithms_clique_find_cliques_5
========================= 20 failed, 5 passed in 1.12s =========================
