============================= test session starts ==============================
platform linux -- Python 3.10.12, pytest-8.3.3, pluggy-1.5.0
rootdir: /home/james/projects/cs6223/our_proptest_data
plugins: hypothesis-6.112.2, timeout-2.3.1
collected 5 items

code_only/mutants_2/statistics.linear_regression/mutant_1.py FFFFF       [100%]

=================================== FAILURES ===================================
/home/james/projects/cs6223/our_proptest_data/code_only/mutants_2/statistics.linear_regression/mutant_1.py:10: NameError: name 'linear_regression' is not defined
/home/james/projects/cs6223/our_proptest_data/code_only/mutants_2/statistics.linear_regression/mutant_1.py:18: NameError: name 'linear_regression' is not defined
/home/james/projects/cs6223/our_proptest_data/code_only/mutants_2/statistics.linear_regression/mutant_1.py:26: NameError: name 'linear_regression' is not defined
/home/james/projects/cs6223/our_proptest_data/code_only/mutants_2/statistics.linear_regression/mutant_1.py:34: NameError: name 'linear_regression' is not defined
/home/james/projects/cs6223/our_proptest_data/code_only/mutants_2/statistics.linear_regression/mutant_1.py:42: NameError: name 'linear_regression' is not defined
=========================== short test summary info ============================
FAILED code_only/mutants_2/statistics.linear_regression/mutant_1.py::test_violation_of_statistics_linear_regression_1
FAILED code_only/mutants_2/statistics.linear_regression/mutant_1.py::test_violation_of_statistics_linear_regression_2
FAILED code_only/mutants_2/statistics.linear_regression/mutant_1.py::test_violation_of_statistics_linear_regression_3
FAILED code_only/mutants_2/statistics.linear_regression/mutant_1.py::test_violation_of_statistics_linear_regression_4
FAILED code_only/mutants_2/statistics.linear_regression/mutant_1.py::test_violation_of_statistics_linear_regression_5
============================== 5 failed in 11.05s ==============================
