============================= test session starts ==============================
platform linux -- Python 3.10.12, pytest-8.3.3, pluggy-1.5.0
rootdir: /home/james/projects/cs6223/our_proptest_data
plugins: hypothesis-6.112.2, timeout-2.3.1
collected 25 items

doc_only/proptest/dateutil.parser.isoparse/pbt_1.py FFFFF                [ 20%]
doc_only/proptest/dateutil.parser.isoparse/pbt_2.py .....                [ 40%]
doc_only/proptest/dateutil.parser.isoparse/pbt_3.py ....F                [ 60%]
doc_only/proptest/dateutil.parser.isoparse/pbt_4.py .....                [ 80%]
doc_only/proptest/dateutil.parser.isoparse/pbt_5.py FFFFF                [100%]

=================================== FAILURES ===================================
/home/james/projects/cs6223/our_proptest_data/doc_only/proptest/dateutil.parser.isoparse/pbt_1.py:8: hypothesis.errors.InvalidArgument: Too many positional arguments for test_dateutil_parser_isoparse_correct_parsing() were passed to @given - expected at most 0 arguments, but got 1 (text(),)
/home/james/projects/cs6223/our_proptest_data/doc_only/proptest/dateutil.parser.isoparse/pbt_1.py:17: hypothesis.errors.InvalidArgument: Too many positional arguments for test_dateutil_parser_isoparse_timezone_adjustment() were passed to @given - expected at most 0 arguments, but got 1 (text(),)
/home/james/projects/cs6223/our_proptest_data/doc_only/proptest/dateutil.parser.isoparse/pbt_1.py:26: hypothesis.errors.InvalidArgument: Too many positional arguments for test_dateutil_parser_isoparse_default_minimum_values() were passed to @given - expected at most 0 arguments, but got 1 (text(),)
/home/james/projects/cs6223/our_proptest_data/doc_only/proptest/dateutil.parser.isoparse/pbt_1.py:34: hypothesis.errors.InvalidArgument: Too many positional arguments for test_dateutil_parser_isoparse_midnight_representation() were passed to @given - expected at most 0 arguments, but got 1 (text(),)
/home/james/projects/cs6223/our_proptest_data/doc_only/proptest/dateutil.parser.isoparse/pbt_1.py:42: hypothesis.errors.InvalidArgument: Too many positional arguments for test_dateutil_parser_isoparse_invalid_string_handling() were passed to @given - expected at most 0 arguments, but got 1 (text(),)
/home/james/projects/cs6223/our_proptest_data/doc_only/proptest/dateutil.parser.isoparse/pbt_3.py:48: exceptiongroup.ExceptionGroup: Hypothesis found 4 distinct failures. (4 sub-exceptions)
/home/james/projects/cs6223/our_proptest_data/doc_only/proptest/dateutil.parser.isoparse/pbt_5.py:7: hypothesis.errors.InvalidArgument: Too many positional arguments for test_output_datetime_represents_input_date_time() were passed to @given - expected at most 0 arguments, but got 1 (text(),)
/home/james/projects/cs6223/our_proptest_data/doc_only/proptest/dateutil.parser.isoparse/pbt_5.py:22: hypothesis.errors.InvalidArgument: Too many positional arguments for test_timezone_offset_correctly_adjusts_utc() were passed to @given - expected at most 0 arguments, but got 1 (text(),)
/home/james/projects/cs6223/our_proptest_data/doc_only/proptest/dateutil.parser.isoparse/pbt_5.py:30: hypothesis.errors.InvalidArgument: Too many positional arguments for test_unspecified_components_default_to_minimum_values() were passed to @given - expected at most 0 arguments, but got 1 (text(),)
/home/james/projects/cs6223/our_proptest_data/doc_only/proptest/dateutil.parser.isoparse/pbt_5.py:41: hypothesis.errors.InvalidArgument: Too many positional arguments for test_midnight_representations_are_equivalent() were passed to @given - expected at most 0 arguments, but got 1 (text(),)
/home/james/projects/cs6223/our_proptest_data/doc_only/proptest/dateutil.parser.isoparse/pbt_5.py:50: hypothesis.errors.InvalidArgument: Too many positional arguments for test_invalid_iso_strings_raise_errors() were passed to @given - expected at most 0 arguments, but got 1 (text(),)
=========================== short test summary info ============================
FAILED doc_only/proptest/dateutil.parser.isoparse/pbt_1.py::test_dateutil_parser_isoparse_correct_parsing
FAILED doc_only/proptest/dateutil.parser.isoparse/pbt_1.py::test_dateutil_parser_isoparse_timezone_adjustment
FAILED doc_only/proptest/dateutil.parser.isoparse/pbt_1.py::test_dateutil_parser_isoparse_default_minimum_values
FAILED doc_only/proptest/dateutil.parser.isoparse/pbt_1.py::test_dateutil_parser_isoparse_midnight_representation
FAILED doc_only/proptest/dateutil.parser.isoparse/pbt_1.py::test_dateutil_parser_isoparse_invalid_string_handling
FAILED doc_only/proptest/dateutil.parser.isoparse/pbt_3.py::test_isoparse_invalid_string_property
FAILED doc_only/proptest/dateutil.parser.isoparse/pbt_5.py::test_output_datetime_represents_input_date_time
FAILED doc_only/proptest/dateutil.parser.isoparse/pbt_5.py::test_timezone_offset_correctly_adjusts_utc
FAILED doc_only/proptest/dateutil.parser.isoparse/pbt_5.py::test_unspecified_components_default_to_minimum_values
FAILED doc_only/proptest/dateutil.parser.isoparse/pbt_5.py::test_midnight_representations_are_equivalent
FAILED doc_only/proptest/dateutil.parser.isoparse/pbt_5.py::test_invalid_iso_strings_raise_errors
======================== 11 failed, 14 passed in 2.16s =========================
