============================= test session starts ==============================
platform linux -- Python 3.10.12, pytest-8.3.3, pluggy-1.5.0
rootdir: /home/james/projects/cs6223/our_proptest_data
plugins: hypothesis-6.112.2, timeout-2.3.1
collected 20 items / 1 error

doc_only/proptest/decimal.Decimal.adjusted/pbt_2.py ...F.                [ 25%]
doc_only/proptest/decimal.Decimal.adjusted/pbt_3.py .FFF.                [ 50%]
doc_only/proptest/decimal.Decimal.adjusted/pbt_4.py FFFFF                [ 75%]
doc_only/proptest/decimal.Decimal.adjusted/pbt_5.py ..FF.                [100%]

==================================== ERRORS ====================================
_____ ERROR collecting doc_only/proptest/decimal.Decimal.adjusted/pbt_1.py _____
E   TypeError: decimals() got an unexpected keyword argument 'allow_infinite'
=================================== FAILURES ===================================
/home/james/projects/cs6223/our_proptest_data/doc_only/proptest/decimal.Decimal.adjusted/pbt_2.py:21: AssertionError: assert -1 == (1 - 1)
/home/james/projects/cs6223/our_proptest_data/doc_only/proptest/decimal.Decimal.adjusted/pbt_3.py:12: AssertionError: assert -1 <= -2
/home/james/projects/cs6223/our_proptest_data/doc_only/proptest/decimal.Decimal.adjusted/pbt_3.py:17: AssertionError: assert 0 == Decimal('-Infinity')
/home/james/projects/cs6223/our_proptest_data/doc_only/proptest/decimal.Decimal.adjusted/pbt_3.py:24: assert -100 == (1 - 1)
/home/james/projects/cs6223/our_proptest_data/doc_only/proptest/decimal.Decimal.adjusted/pbt_4.py:8: TypeError: '>=' not supported between instances of 'int' and 'str'
/home/james/projects/cs6223/our_proptest_data/doc_only/proptest/decimal.Decimal.adjusted/pbt_4.py:16: TypeError: can only concatenate str (not "int") to str
/home/james/projects/cs6223/our_proptest_data/doc_only/proptest/decimal.Decimal.adjusted/pbt_4.py:23: AssertionError: assert 0 == -inf
/home/james/projects/cs6223/our_proptest_data/doc_only/proptest/decimal.Decimal.adjusted/pbt_4.py:30: assert 0 == (0 - 1)
/home/james/projects/cs6223/our_proptest_data/doc_only/proptest/decimal.Decimal.adjusted/pbt_4.py:36: decimal.InvalidOperation: [<class 'decimal.InvalidOperation'>]
/home/james/projects/cs6223/our_proptest_data/doc_only/proptest/decimal.Decimal.adjusted/pbt_5.py:19: AssertionError: assert 0 == -inf
/home/james/projects/cs6223/our_proptest_data/doc_only/proptest/decimal.Decimal.adjusted/pbt_5.py:26: assert -1 == (1 - 1)
=========================== short test summary info ============================
FAILED doc_only/proptest/decimal.Decimal.adjusted/pbt_2.py::test_adjusted_exponent_digit_count_property
FAILED doc_only/proptest/decimal.Decimal.adjusted/pbt_3.py::test_adjusted_exponent_max_property
FAILED doc_only/proptest/decimal.Decimal.adjusted/pbt_3.py::test_adjusted_exponent_zero_property
FAILED doc_only/proptest/decimal.Decimal.adjusted/pbt_3.py::test_adjusted_exponent_digit_count_property
FAILED doc_only/proptest/decimal.Decimal.adjusted/pbt_4.py::test_adjusted_exponent_minimum_property
FAILED doc_only/proptest/decimal.Decimal.adjusted/pbt_4.py::test_adjusted_exponent_maximum_property
FAILED doc_only/proptest/decimal.Decimal.adjusted/pbt_4.py::test_adjusted_exponent_zero_property
FAILED doc_only/proptest/decimal.Decimal.adjusted/pbt_4.py::test_adjusted_exponent_digit_count_property
FAILED doc_only/proptest/decimal.Decimal.adjusted/pbt_4.py::test_adjusted_exponent_invariance_property
FAILED doc_only/proptest/decimal.Decimal.adjusted/pbt_5.py::test_adjusted_exponent_zero_property
FAILED doc_only/proptest/decimal.Decimal.adjusted/pbt_5.py::test_adjusted_exponent_digit_count_property
ERROR doc_only/proptest/decimal.Decimal.adjusted/pbt_1.py - TypeError: decima...
==================== 11 failed, 9 passed, 1 error in 1.62s =====================
