============================= test session starts ==============================
platform linux -- Python 3.10.12, pytest-8.3.3, pluggy-1.5.0
rootdir: /home/james/projects/cs6223/our_proptest_data
plugins: hypothesis-6.112.2, timeout-2.3.1
collected 25 items

doc_only/mutants/datetime.date.isocalendar/mutant_1.py FFFFF             [ 20%]
doc_only/mutants/datetime.date.isocalendar/mutant_2.py FFFFF             [ 40%]
doc_only/mutants/datetime.date.isocalendar/mutant_3.py FFFFF             [ 60%]
doc_only/mutants/datetime.date.isocalendar/mutant_4.py .....             [ 80%]
doc_only/mutants/datetime.date.isocalendar/mutant_5.py FFFF.             [100%]

=================================== FAILURES ===================================
/home/james/projects/cs6223/our_proptest_data/doc_only/mutants/datetime.date.isocalendar/mutant_1.py:9: assert 2000 != 2000
/home/james/projects/cs6223/our_proptest_data/doc_only/mutants/datetime.date.isocalendar/mutant_1.py:15: assert 2001 == (2001 + 1)
/home/james/projects/cs6223/our_proptest_data/doc_only/mutants/datetime.date.isocalendar/mutant_1.py:21: assert 2001 == (2001 - 1)
/home/james/projects/cs6223/our_proptest_data/doc_only/mutants/datetime.date.isocalendar/mutant_1.py:27: assert 2001 == 9999
/home/james/projects/cs6223/our_proptest_data/doc_only/mutants/datetime.date.isocalendar/mutant_1.py:33: assert 2001 == -1
/home/james/projects/cs6223/our_proptest_data/doc_only/mutants/datetime.date.isocalendar/mutant_2.py:10: assert 1 <= 0
/home/james/projects/cs6223/our_proptest_data/doc_only/mutants/datetime.date.isocalendar/mutant_2.py:17: assert 54 <= 53
/home/james/projects/cs6223/our_proptest_data/doc_only/mutants/datetime.date.isocalendar/mutant_2.py:24: assert 1 <= -1
/home/james/projects/cs6223/our_proptest_data/doc_only/mutants/datetime.date.isocalendar/mutant_2.py:31: assert 100 <= 53
/home/james/projects/cs6223/our_proptest_data/doc_only/mutants/datetime.date.isocalendar/mutant_2.py:38: assert 101 <= 53
/home/james/projects/cs6223/our_proptest_data/doc_only/mutants/datetime.date.isocalendar/mutant_3.py:9: assert 1 <= (1 - 2)
/home/james/projects/cs6223/our_proptest_data/doc_only/mutants/datetime.date.isocalendar/mutant_3.py:15: assert (6 + 2) <= 7
/home/james/projects/cs6223/our_proptest_data/doc_only/mutants/datetime.date.isocalendar/mutant_3.py:21: assert 1 <= (6 - 6)
/home/james/projects/cs6223/our_proptest_data/doc_only/mutants/datetime.date.isocalendar/mutant_3.py:27: assert (7 + 1) <= 7
/home/james/projects/cs6223/our_proptest_data/doc_only/mutants/datetime.date.isocalendar/mutant_3.py:33: assert 1 <= (6 - 10)
/home/james/projects/cs6223/our_proptest_data/doc_only/mutants/datetime.date.isocalendar/mutant_5.py:12: assert 1 <= 0
/home/james/projects/cs6223/our_proptest_data/doc_only/mutants/datetime.date.isocalendar/mutant_5.py:23: assert 1 <= 0
/home/james/projects/cs6223/our_proptest_data/doc_only/mutants/datetime.date.isocalendar/mutant_5.py:32: assert 54 <= 53
/home/james/projects/cs6223/our_proptest_data/doc_only/mutants/datetime.date.isocalendar/mutant_5.py:43: assert 8 <= 7
=========================== short test summary info ============================
FAILED doc_only/mutants/datetime.date.isocalendar/mutant_1.py::test_violation_of_datetime_date_isocalendar_1
FAILED doc_only/mutants/datetime.date.isocalendar/mutant_1.py::test_violation_of_datetime_date_isocalendar_2
FAILED doc_only/mutants/datetime.date.isocalendar/mutant_1.py::test_violation_of_datetime_date_isocalendar_3
FAILED doc_only/mutants/datetime.date.isocalendar/mutant_1.py::test_violation_of_datetime_date_isocalendar_4
FAILED doc_only/mutants/datetime.date.isocalendar/mutant_1.py::test_violation_of_datetime_date_isocalendar_5
FAILED doc_only/mutants/datetime.date.isocalendar/mutant_2.py::test_violation_of_datetime_date_isocalendar_1
FAILED doc_only/mutants/datetime.date.isocalendar/mutant_2.py::test_violation_of_datetime_date_isocalendar_2
FAILED doc_only/mutants/datetime.date.isocalendar/mutant_2.py::test_violation_of_datetime_date_isocalendar_3
FAILED doc_only/mutants/datetime.date.isocalendar/mutant_2.py::test_violation_of_datetime_date_isocalendar_4
FAILED doc_only/mutants/datetime.date.isocalendar/mutant_2.py::test_violation_of_datetime_date_isocalendar_5
FAILED doc_only/mutants/datetime.date.isocalendar/mutant_3.py::test_violation_of_datetime_date_isocalendar_1
FAILED doc_only/mutants/datetime.date.isocalendar/mutant_3.py::test_violation_of_datetime_date_isocalendar_2
FAILED doc_only/mutants/datetime.date.isocalendar/mutant_3.py::test_violation_of_datetime_date_isocalendar_3
FAILED doc_only/mutants/datetime.date.isocalendar/mutant_3.py::test_violation_of_datetime_date_isocalendar_4
FAILED doc_only/mutants/datetime.date.isocalendar/mutant_3.py::test_violation_of_datetime_date_isocalendar_5
FAILED doc_only/mutants/datetime.date.isocalendar/mutant_5.py::test_violation_of_datetime_date_isocalendar_1
FAILED doc_only/mutants/datetime.date.isocalendar/mutant_5.py::test_violation_of_datetime_date_isocalendar_2
FAILED doc_only/mutants/datetime.date.isocalendar/mutant_5.py::test_violation_of_datetime_date_isocalendar_3
FAILED doc_only/mutants/datetime.date.isocalendar/mutant_5.py::test_violation_of_datetime_date_isocalendar_4
========================= 19 failed, 6 passed in 3.81s =========================
