============================= test session starts ==============================
platform linux -- Python 3.10.12, pytest-8.3.3, pluggy-1.5.0
rootdir: /home/james/projects/cs6223/our_proptest_data
plugins: hypothesis-6.112.2, timeout-2.3.1
collected 25 items

doc_only/mutants/dateutil.parser.isoparse/mutant_1.py .....              [ 20%]
doc_only/mutants/dateutil.parser.isoparse/mutant_2.py .....              [ 40%]
doc_only/mutants/dateutil.parser.isoparse/mutant_3.py FFFFF              [ 60%]
doc_only/mutants/dateutil.parser.isoparse/mutant_4.py .....              [ 80%]
doc_only/mutants/dateutil.parser.isoparse/mutant_5.py FFFFF              [100%]

=================================== FAILURES ===================================
/home/james/projects/cs6223/our_proptest_data/doc_only/mutants/dateutil.parser.isoparse/mutant_3.py:7: hypothesis.errors.InvalidArgument: Too many positional arguments for test_violation_of_dateutil_parser_isoparse_1() were passed to @given - expected at most 0 arguments, but got 1 (text(),)
/home/james/projects/cs6223/our_proptest_data/doc_only/mutants/dateutil.parser.isoparse/mutant_3.py:19: hypothesis.errors.InvalidArgument: Too many positional arguments for test_violation_of_dateutil_parser_isoparse_2() were passed to @given - expected at most 0 arguments, but got 1 (text(),)
/home/james/projects/cs6223/our_proptest_data/doc_only/mutants/dateutil.parser.isoparse/mutant_3.py:31: hypothesis.errors.InvalidArgument: Too many positional arguments for test_violation_of_dateutil_parser_isoparse_3() were passed to @given - expected at most 0 arguments, but got 1 (text(),)
/home/james/projects/cs6223/our_proptest_data/doc_only/mutants/dateutil.parser.isoparse/mutant_3.py:43: hypothesis.errors.InvalidArgument: Too many positional arguments for test_violation_of_dateutil_parser_isoparse_4() were passed to @given - expected at most 0 arguments, but got 1 (text(),)
/home/james/projects/cs6223/our_proptest_data/doc_only/mutants/dateutil.parser.isoparse/mutant_3.py:55: hypothesis.errors.InvalidArgument: Too many positional arguments for test_violation_of_dateutil_parser_isoparse_5() were passed to @given - expected at most 0 arguments, but got 1 (text(),)
/home/james/projects/.venv/lib/python3.10/site-packages/dateutil/__init__.py:17: AttributeError: module 'dateutil' has not attribute 'datetime'
/home/james/projects/.venv/lib/python3.10/site-packages/dateutil/__init__.py:17: AttributeError: module 'dateutil' has not attribute 'datetime'
/home/james/projects/.venv/lib/python3.10/site-packages/dateutil/__init__.py:17: AttributeError: module 'dateutil' has not attribute 'datetime'
/home/james/projects/.venv/lib/python3.10/site-packages/dateutil/__init__.py:17: AttributeError: module 'dateutil' has not attribute 'datetime'
/home/james/projects/.venv/lib/python3.10/site-packages/dateutil/__init__.py:17: AttributeError: module 'dateutil' has not attribute 'datetime'
=========================== short test summary info ============================
FAILED doc_only/mutants/dateutil.parser.isoparse/mutant_3.py::test_violation_of_dateutil_parser_isoparse_1
FAILED doc_only/mutants/dateutil.parser.isoparse/mutant_3.py::test_violation_of_dateutil_parser_isoparse_2
FAILED doc_only/mutants/dateutil.parser.isoparse/mutant_3.py::test_violation_of_dateutil_parser_isoparse_3
FAILED doc_only/mutants/dateutil.parser.isoparse/mutant_3.py::test_violation_of_dateutil_parser_isoparse_4
FAILED doc_only/mutants/dateutil.parser.isoparse/mutant_3.py::test_violation_of_dateutil_parser_isoparse_5
FAILED doc_only/mutants/dateutil.parser.isoparse/mutant_5.py::test_violation_of_dateutil_parser_isoparse_1
FAILED doc_only/mutants/dateutil.parser.isoparse/mutant_5.py::test_violation_of_dateutil_parser_isoparse_2
FAILED doc_only/mutants/dateutil.parser.isoparse/mutant_5.py::test_violation_of_dateutil_parser_isoparse_3
FAILED doc_only/mutants/dateutil.parser.isoparse/mutant_5.py::test_violation_of_dateutil_parser_isoparse_4
FAILED doc_only/mutants/dateutil.parser.isoparse/mutant_5.py::test_violation_of_dateutil_parser_isoparse_5
======================== 10 failed, 15 passed in 2.20s =========================
