============================= test session starts ==============================
platform linux -- Python 3.10.12, pytest-8.3.3, pluggy-1.5.0
rootdir: /home/james/projects/cs6223/our_proptest_data
plugins: hypothesis-6.112.2, timeout-2.3.1
collected 20 items

doc_only/mutants/networkx.algorithms.approximation.dominating_set.min_weighted_dominating_set/mutant_1.py F [  5%]
FFFF                                                                     [ 25%]
doc_only/mutants/networkx.algorithms.approximation.dominating_set.min_weighted_dominating_set/mutant_2.py F [ 30%]
FFFF                                                                     [ 50%]
doc_only/mutants/networkx.algorithms.approximation.dominating_set.min_weighted_dominating_set/mutant_3.py F [ 55%]
FFFF                                                                     [ 75%]
doc_only/mutants/networkx.algorithms.approximation.dominating_set.min_weighted_dominating_set/mutant_4.py F [ 80%]
FFFF                                                                     [100%]

=================================== FAILURES ===================================
/home/james/projects/cs6223/our_proptest_data/doc_only/mutants/networkx.algorithms.approximation.dominating_set.min_weighted_dominating_set/mutant_1.py:8: hypothesis.errors.InvalidArgument: Too many positional arguments for test_violation_of_networkx_algorithms_approximation_dominating_set_min_weighted_dominating_set_1() were passed to @given - expected at most 0 arguments, but got 1 (data(),)
/home/james/projects/cs6223/our_proptest_data/doc_only/mutants/networkx.algorithms.approximation.dominating_set.min_weighted_dominating_set/mutant_1.py:19: hypothesis.errors.InvalidArgument: Too many positional arguments for test_violation_of_networkx_algorithms_approximation_dominating_set_min_weighted_dominating_set_2() were passed to @given - expected at most 0 arguments, but got 1 (data(),)
/home/james/projects/cs6223/our_proptest_data/doc_only/mutants/networkx.algorithms.approximation.dominating_set.min_weighted_dominating_set/mutant_1.py:29: hypothesis.errors.InvalidArgument: Too many positional arguments for test_violation_of_networkx_algorithms_approximation_dominating_set_min_weighted_dominating_set_3() were passed to @given - expected at most 0 arguments, but got 1 (data(),)
/home/james/projects/cs6223/our_proptest_data/doc_only/mutants/networkx.algorithms.approximation.dominating_set.min_weighted_dominating_set/mutant_1.py:40: hypothesis.errors.InvalidArgument: Too many positional arguments for test_violation_of_networkx_algorithms_approximation_dominating_set_min_weighted_dominating_set_4() were passed to @given - expected at most 0 arguments, but got 1 (data(),)
/home/james/projects/cs6223/our_proptest_data/doc_only/mutants/networkx.algorithms.approximation.dominating_set.min_weighted_dominating_set/mutant_1.py:50: hypothesis.errors.InvalidArgument: Too many positional arguments for test_violation_of_networkx_algorithms_approximation_dominating_set_min_weighted_dominating_set_5() were passed to @given - expected at most 0 arguments, but got 1 (data(),)
/home/james/projects/cs6223/our_proptest_data/doc_only/mutants/networkx.algorithms.approximation.dominating_set.min_weighted_dominating_set/mutant_2.py:19: assert 1 > (1.0 * 1)
/home/james/projects/cs6223/our_proptest_data/doc_only/mutants/networkx.algorithms.approximation.dominating_set.min_weighted_dominating_set/mutant_2.py:34: assert 1 > (1.0 * (1 + 10))
/home/james/projects/cs6223/our_proptest_data/doc_only/mutants/networkx.algorithms.approximation.dominating_set.min_weighted_dominating_set/mutant_2.py:49: assert 1 > (1.0 * (1 * 2))
/home/james/projects/cs6223/our_proptest_data/doc_only/mutants/networkx.algorithms.approximation.dominating_set.min_weighted_dominating_set/mutant_2.py:64: assert 1 > (1.0 * (1 + 1))
/home/james/projects/cs6223/our_proptest_data/doc_only/mutants/networkx.algorithms.approximation.dominating_set.min_weighted_dominating_set/mutant_2.py:79: assert 1 > (1.0 * (1 ** 2))
/home/james/projects/cs6223/our_proptest_data/doc_only/mutants/networkx.algorithms.approximation.dominating_set.min_weighted_dominating_set/mutant_3.py:8: hypothesis.errors.InvalidArgument: Too many positional arguments for test_violation_of_networkx_algorithms_approximation_dominating_set_min_weighted_dominating_set_1() were passed to @given - expected at most 0 arguments, but got 1 (data(),)
/home/james/projects/cs6223/our_proptest_data/doc_only/mutants/networkx.algorithms.approximation.dominating_set.min_weighted_dominating_set/mutant_3.py:15: hypothesis.errors.InvalidArgument: Too many positional arguments for test_violation_of_networkx_algorithms_approximation_dominating_set_min_weighted_dominating_set_2() were passed to @given - expected at most 0 arguments, but got 1 (data(),)
/home/james/projects/cs6223/our_proptest_data/doc_only/mutants/networkx.algorithms.approximation.dominating_set.min_weighted_dominating_set/mutant_3.py:22: hypothesis.errors.InvalidArgument: Too many positional arguments for test_violation_of_networkx_algorithms_approximation_dominating_set_min_weighted_dominating_set_3() were passed to @given - expected at most 0 arguments, but got 1 (data(),)
/home/james/projects/cs6223/our_proptest_data/doc_only/mutants/networkx.algorithms.approximation.dominating_set.min_weighted_dominating_set/mutant_3.py:29: hypothesis.errors.InvalidArgument: Too many positional arguments for test_violation_of_networkx_algorithms_approximation_dominating_set_min_weighted_dominating_set_4() were passed to @given - expected at most 0 arguments, but got 1 (data(),)
/home/james/projects/cs6223/our_proptest_data/doc_only/mutants/networkx.algorithms.approximation.dominating_set.min_weighted_dominating_set/mutant_3.py:36: hypothesis.errors.InvalidArgument: Too many positional arguments for test_violation_of_networkx_algorithms_approximation_dominating_set_min_weighted_dominating_set_5() were passed to @given - expected at most 0 arguments, but got 1 (data(),)
/home/james/projects/cs6223/our_proptest_data/doc_only/mutants/networkx.algorithms.approximation.dominating_set.min_weighted_dominating_set/mutant_4.py:8: hypothesis.errors.InvalidArgument: Too many positional arguments for test_violation_of_networkx_algorithms_approximation_dominating_set_min_weighted_dominating_set_1() were passed to @given - expected at most 0 arguments, but got 1 (data(),)
/home/james/projects/cs6223/our_proptest_data/doc_only/mutants/networkx.algorithms.approximation.dominating_set.min_weighted_dominating_set/mutant_4.py:15: hypothesis.errors.InvalidArgument: Too many positional arguments for test_violation_of_networkx_algorithms_approximation_dominating_set_min_weighted_dominating_set_2() were passed to @given - expected at most 0 arguments, but got 1 (data(),)
/home/james/projects/cs6223/our_proptest_data/doc_only/mutants/networkx.algorithms.approximation.dominating_set.min_weighted_dominating_set/mutant_4.py:22: hypothesis.errors.InvalidArgument: Too many positional arguments for test_violation_of_networkx_algorithms_approximation_dominating_set_min_weighted_dominating_set_3() were passed to @given - expected at most 0 arguments, but got 1 (data(),)
/home/james/projects/cs6223/our_proptest_data/doc_only/mutants/networkx.algorithms.approximation.dominating_set.min_weighted_dominating_set/mutant_4.py:29: hypothesis.errors.InvalidArgument: Too many positional arguments for test_violation_of_networkx_algorithms_approximation_dominating_set_min_weighted_dominating_set_4() were passed to @given - expected at most 0 arguments, but got 1 (data(),)
/home/james/projects/cs6223/our_proptest_data/doc_only/mutants/networkx.algorithms.approximation.dominating_set.min_weighted_dominating_set/mutant_4.py:36: hypothesis.errors.InvalidArgument: Too many positional arguments for test_violation_of_networkx_algorithms_approximation_dominating_set_min_weighted_dominating_set_5() were passed to @given - expected at most 0 arguments, but got 1 (data(),)
=========================== short test summary info ============================
FAILED doc_only/mutants/networkx.algorithms.approximation.dominating_set.min_weighted_dominating_set/mutant_1.py::test_violation_of_networkx_algorithms_approximation_dominating_set_min_weighted_dominating_set_1
FAILED doc_only/mutants/networkx.algorithms.approximation.dominating_set.min_weighted_dominating_set/mutant_1.py::test_violation_of_networkx_algorithms_approximation_dominating_set_min_weighted_dominating_set_2
FAILED doc_only/mutants/networkx.algorithms.approximation.dominating_set.min_weighted_dominating_set/mutant_1.py::test_violation_of_networkx_algorithms_approximation_dominating_set_min_weighted_dominating_set_3
FAILED doc_only/mutants/networkx.algorithms.approximation.dominating_set.min_weighted_dominating_set/mutant_1.py::test_violation_of_networkx_algorithms_approximation_dominating_set_min_weighted_dominating_set_4
FAILED doc_only/mutants/networkx.algorithms.approximation.dominating_set.min_weighted_dominating_set/mutant_1.py::test_violation_of_networkx_algorithms_approximation_dominating_set_min_weighted_dominating_set_5
FAILED doc_only/mutants/networkx.algorithms.approximation.dominating_set.min_weighted_dominating_set/mutant_2.py::test_violation_of_networkx_algorithms_approximation_dominating_set_min_weighted_dominating_set_1
FAILED doc_only/mutants/networkx.algorithms.approximation.dominating_set.min_weighted_dominating_set/mutant_2.py::test_violation_of_networkx_algorithms_approximation_dominating_set_min_weighted_dominating_set_2
FAILED doc_only/mutants/networkx.algorithms.approximation.dominating_set.min_weighted_dominating_set/mutant_2.py::test_violation_of_networkx_algorithms_approximation_dominating_set_min_weighted_dominating_set_3
FAILED doc_only/mutants/networkx.algorithms.approximation.dominating_set.min_weighted_dominating_set/mutant_2.py::test_violation_of_networkx_algorithms_approximation_dominating_set_min_weighted_dominating_set_4
FAILED doc_only/mutants/networkx.algorithms.approximation.dominating_set.min_weighted_dominating_set/mutant_2.py::test_violation_of_networkx_algorithms_approximation_dominating_set_min_weighted_dominating_set_5
FAILED doc_only/mutants/networkx.algorithms.approximation.dominating_set.min_weighted_dominating_set/mutant_3.py::test_violation_of_networkx_algorithms_approximation_dominating_set_min_weighted_dominating_set_1
FAILED doc_only/mutants/networkx.algorithms.approximation.dominating_set.min_weighted_dominating_set/mutant_3.py::test_violation_of_networkx_algorithms_approximation_dominating_set_min_weighted_dominating_set_2
FAILED doc_only/mutants/networkx.algorithms.approximation.dominating_set.min_weighted_dominating_set/mutant_3.py::test_violation_of_networkx_algorithms_approximation_dominating_set_min_weighted_dominating_set_3
FAILED doc_only/mutants/networkx.algorithms.approximation.dominating_set.min_weighted_dominating_set/mutant_3.py::test_violation_of_networkx_algorithms_approximation_dominating_set_min_weighted_dominating_set_4
FAILED doc_only/mutants/networkx.algorithms.approximation.dominating_set.min_weighted_dominating_set/mutant_3.py::test_violation_of_networkx_algorithms_approximation_dominating_set_min_weighted_dominating_set_5
FAILED doc_only/mutants/networkx.algorithms.approximation.dominating_set.min_weighted_dominating_set/mutant_4.py::test_violation_of_networkx_algorithms_approximation_dominating_set_min_weighted_dominating_set_1
FAILED doc_only/mutants/networkx.algorithms.approximation.dominating_set.min_weighted_dominating_set/mutant_4.py::test_violation_of_networkx_algorithms_approximation_dominating_set_min_weighted_dominating_set_2
FAILED doc_only/mutants/networkx.algorithms.approximation.dominating_set.min_weighted_dominating_set/mutant_4.py::test_violation_of_networkx_algorithms_approximation_dominating_set_min_weighted_dominating_set_3
FAILED doc_only/mutants/networkx.algorithms.approximation.dominating_set.min_weighted_dominating_set/mutant_4.py::test_violation_of_networkx_algorithms_approximation_dominating_set_min_weighted_dominating_set_4
FAILED doc_only/mutants/networkx.algorithms.approximation.dominating_set.min_weighted_dominating_set/mutant_4.py::test_violation_of_networkx_algorithms_approximation_dominating_set_min_weighted_dominating_set_5
============================== 20 failed in 0.98s ==============================
