============================= test session starts ==============================
platform linux -- Python 3.10.12, pytest-8.3.3, pluggy-1.5.0
rootdir: /home/james/projects/cs6223/our_proptest_data
plugins: hypothesis-6.112.2, timeout-2.3.1
collected 20 items

doc_only/mutants/numpy.linalg.norm/mutant_1.py FFFFF                     [ 25%]
doc_only/mutants/numpy.linalg.norm/mutant_2.py FFFFF                     [ 50%]
doc_only/mutants/numpy.linalg.norm/mutant_3.py .F..F                     [ 75%]
doc_only/mutants/numpy.linalg.norm/mutant_4.py .....                     [100%]

=================================== FAILURES ===================================
/home/james/projects/cs6223/our_proptest_data/doc_only/mutants/numpy.linalg.norm/mutant_1.py:9: assert -1.0 >= 0
/home/james/projects/cs6223/our_proptest_data/doc_only/mutants/numpy.linalg.norm/mutant_1.py:16: assert -1.0 >= 0
/home/james/projects/cs6223/our_proptest_data/doc_only/mutants/numpy.linalg.norm/mutant_1.py:21: exceptiongroup.ExceptionGroup: Hypothesis found 2 distinct failures. (2 sub-exceptions)
/home/james/projects/cs6223/our_proptest_data/doc_only/mutants/numpy.linalg.norm/mutant_1.py:30: assert nan >= 0
/home/james/projects/cs6223/our_proptest_data/doc_only/mutants/numpy.linalg.norm/mutant_1.py:35: exceptiongroup.ExceptionGroup: Hypothesis found 2 distinct failures. (2 sub-exceptions)
/home/james/projects/cs6223/our_proptest_data/doc_only/mutants/numpy.linalg.norm/mutant_2.py:9: assert nan >= 0
/home/james/projects/cs6223/our_proptest_data/doc_only/mutants/numpy.linalg.norm/mutant_2.py:15: exceptiongroup.ExceptionGroup: Hypothesis found 2 distinct failures. (2 sub-exceptions)
/home/james/projects/cs6223/our_proptest_data/doc_only/mutants/numpy.linalg.norm/mutant_2.py:23: exceptiongroup.ExceptionGroup: Hypothesis found 2 distinct failures. (2 sub-exceptions)
/home/james/projects/cs6223/our_proptest_data/doc_only/mutants/numpy.linalg.norm/mutant_2.py:31: exceptiongroup.ExceptionGroup: Hypothesis found 2 distinct failures. (2 sub-exceptions)
/home/james/projects/cs6223/our_proptest_data/doc_only/mutants/numpy.linalg.norm/mutant_2.py:39: exceptiongroup.ExceptionGroup: Hypothesis found 2 distinct failures. (2 sub-exceptions)
/home/james/projects/cs6223/our_proptest_data/doc_only/mutants/numpy.linalg.norm/mutant_3.py:15: exceptiongroup.ExceptionGroup: Hypothesis found 2 distinct failures. (2 sub-exceptions)
/home/james/projects/cs6223/our_proptest_data/doc_only/mutants/numpy.linalg.norm/mutant_3.py:39: exceptiongroup.ExceptionGroup: Hypothesis found 2 distinct failures. (2 sub-exceptions)
=============================== warnings summary ===============================
doc_only/mutants/numpy.linalg.norm/mutant_1.py::test_violation_of_numpy_linalg_norm_4
  /home/james/projects/cs6223/our_proptest_data/doc_only/mutants/numpy.linalg.norm/mutant_1.py:29: RuntimeWarning: invalid value encountered in scalar subtract
    norm_value = LA.norm(data) - abs(LA.norm(data))  # This will be zero for non-zero vectors

-- Docs: https://docs.pytest.org/en/stable/how-to/capture-warnings.html
=========================== short test summary info ============================
FAILED doc_only/mutants/numpy.linalg.norm/mutant_1.py::test_violation_of_numpy_linalg_norm_1
FAILED doc_only/mutants/numpy.linalg.norm/mutant_1.py::test_violation_of_numpy_linalg_norm_2
FAILED doc_only/mutants/numpy.linalg.norm/mutant_1.py::test_violation_of_numpy_linalg_norm_3
FAILED doc_only/mutants/numpy.linalg.norm/mutant_1.py::test_violation_of_numpy_linalg_norm_4
FAILED doc_only/mutants/numpy.linalg.norm/mutant_1.py::test_violation_of_numpy_linalg_norm_5
FAILED doc_only/mutants/numpy.linalg.norm/mutant_2.py::test_violation_of_numpy_linalg_norm_1
FAILED doc_only/mutants/numpy.linalg.norm/mutant_2.py::test_violation_of_numpy_linalg_norm_2
FAILED doc_only/mutants/numpy.linalg.norm/mutant_2.py::test_violation_of_numpy_linalg_norm_3
FAILED doc_only/mutants/numpy.linalg.norm/mutant_2.py::test_violation_of_numpy_linalg_norm_4
FAILED doc_only/mutants/numpy.linalg.norm/mutant_2.py::test_violation_of_numpy_linalg_norm_5
FAILED doc_only/mutants/numpy.linalg.norm/mutant_3.py::test_violation_of_numpy_linalg_norm_2
FAILED doc_only/mutants/numpy.linalg.norm/mutant_3.py::test_violation_of_numpy_linalg_norm_5
=================== 12 failed, 8 passed, 1 warning in 6.06s ====================
