============================= test session starts ==============================
platform linux -- Python 3.10.12, pytest-8.3.3, pluggy-1.5.0
rootdir: /home/james/projects/cs6223/our_proptest_data
plugins: hypothesis-6.112.2, timeout-2.3.1
collected 5 items

doc_only/mutants_2/statistics.correlation/mutant_1.py FFFFF              [100%]

=================================== FAILURES ===================================
/home/james/projects/cs6223/our_proptest_data/doc_only/mutants_2/statistics.correlation/mutant_1.py:8: NameError: name 'correlation' is not defined
/home/james/projects/cs6223/our_proptest_data/doc_only/mutants_2/statistics.correlation/mutant_1.py:14: NameError: name 'correlation' is not defined
/home/james/projects/cs6223/our_proptest_data/doc_only/mutants_2/statistics.correlation/mutant_1.py:20: NameError: name 'correlation' is not defined
/home/james/projects/cs6223/our_proptest_data/doc_only/mutants_2/statistics.correlation/mutant_1.py:26: NameError: name 'correlation' is not defined
/home/james/projects/cs6223/our_proptest_data/doc_only/mutants_2/statistics.correlation/mutant_1.py:32: NameError: name 'correlation' is not defined
=========================== short test summary info ============================
FAILED doc_only/mutants_2/statistics.correlation/mutant_1.py::test_violation_of_statistics_correlation_1
FAILED doc_only/mutants_2/statistics.correlation/mutant_1.py::test_violation_of_statistics_correlation_2
FAILED doc_only/mutants_2/statistics.correlation/mutant_1.py::test_violation_of_statistics_correlation_3
FAILED doc_only/mutants_2/statistics.correlation/mutant_1.py::test_violation_of_statistics_correlation_4
FAILED doc_only/mutants_2/statistics.correlation/mutant_1.py::test_violation_of_statistics_correlation_5
============================== 5 failed in 0.50s ===============================
