============================= test session starts ==============================
platform linux -- Python 3.10.12, pytest-8.3.3, pluggy-1.5.0
rootdir: /home/james/projects/cs6223/our_proptest_data
plugins: hypothesis-6.112.2, timeout-2.3.1
collected 5 items

doc_only/mutants_2/statistics.linear_regression/mutant_1.py F....        [100%]

=================================== FAILURES ===================================
/home/james/projects/cs6223/our_proptest_data/doc_only/mutants_2/statistics.linear_regression/mutant_1.py:6: exceptiongroup.ExceptionGroup: Hypothesis found 6 distinct failures. (6 sub-exceptions)
=========================== short test summary info ============================
FAILED doc_only/mutants_2/statistics.linear_regression/mutant_1.py::test_violation_of_statistics_linear_regression_1
========================= 1 failed, 4 passed in 11.72s =========================
