============================= test session starts ==============================
platform linux -- Python 3.10.12, pytest-8.3.3, pluggy-1.5.0
rootdir: /home/james/projects/cs6223/our_proptest_data
plugins: hypothesis-6.112.2, timeout-2.3.1
collected 25 items

doc_only/mutants_2/statistics.mean/mutant_1.py ...FF                     [ 20%]
doc_only/mutants_2/statistics.mean/mutant_2.py FFFFF                     [ 40%]
doc_only/mutants_2/statistics.mean/mutant_3.py FFFFF                     [ 60%]
doc_only/mutants_2/statistics.mean/mutant_4.py .....                     [ 80%]
doc_only/mutants_2/statistics.mean/mutant_5.py FFFFF                     [100%]

=================================== FAILURES ===================================
/home/james/projects/cs6223/our_proptest_data/doc_only/mutants_2/statistics.mean/mutant_1.py:26: AssertionError: assert False
/home/james/projects/cs6223/our_proptest_data/doc_only/mutants_2/statistics.mean/mutant_1.py:31: AssertionError: assert False
/home/james/projects/cs6223/our_proptest_data/doc_only/mutants_2/statistics.mean/mutant_2.py:9: assert 1.0 == 0.0
/home/james/projects/cs6223/our_proptest_data/doc_only/mutants_2/statistics.mean/mutant_2.py:15: assert 2.0 == 1.0
/home/james/projects/cs6223/our_proptest_data/doc_only/mutants_2/statistics.mean/mutant_2.py:21: assert -1.0 == 0.0
/home/james/projects/cs6223/our_proptest_data/doc_only/mutants_2/statistics.mean/mutant_2.py:27: assert 1.5 == 1.0
/home/james/projects/cs6223/our_proptest_data/doc_only/mutants_2/statistics.mean/mutant_2.py:33: assert 0.0 == 1.0
/home/james/projects/cs6223/our_proptest_data/doc_only/mutants_2/statistics.mean/mutant_3.py:8: NameError: name 'Fraction' is not defined
/home/james/projects/cs6223/our_proptest_data/doc_only/mutants_2/statistics.mean/mutant_3.py:13: NameError: name 'Fraction' is not defined
/home/james/projects/cs6223/our_proptest_data/doc_only/mutants_2/statistics.mean/mutant_3.py:18: NameError: name 'Fraction' is not defined
/home/james/projects/cs6223/our_proptest_data/doc_only/mutants_2/statistics.mean/mutant_3.py:23: NameError: name 'Fraction' is not defined
/home/james/projects/cs6223/our_proptest_data/doc_only/mutants_2/statistics.mean/mutant_3.py:28: NameError: name 'Fraction' is not defined
/home/james/projects/cs6223/our_proptest_data/doc_only/mutants_2/statistics.mean/mutant_5.py:8: assert (1.0 >= 0.0 and 1.0 <= 0.0)
/home/james/projects/cs6223/our_proptest_data/doc_only/mutants_2/statistics.mean/mutant_5.py:13: assert (-1.0 >= 0.0)
/home/james/projects/cs6223/our_proptest_data/doc_only/mutants_2/statistics.mean/mutant_5.py:18: assert (10.0 >= 0.0 and 10.0 <= 0.0)
/home/james/projects/cs6223/our_proptest_data/doc_only/mutants_2/statistics.mean/mutant_5.py:23: assert (-10.0 >= 0.0)
/home/james/projects/cs6223/our_proptest_data/doc_only/mutants_2/statistics.mean/mutant_5.py:28: assert (2.0 >= 1.0 and 2.0 <= 1.0)
=========================== short test summary info ============================
FAILED doc_only/mutants_2/statistics.mean/mutant_1.py::test_violation_of_statistics_mean_4
FAILED doc_only/mutants_2/statistics.mean/mutant_1.py::test_violation_of_statistics_mean_5
FAILED doc_only/mutants_2/statistics.mean/mutant_2.py::test_violation_of_statistics_mean_1
FAILED doc_only/mutants_2/statistics.mean/mutant_2.py::test_violation_of_statistics_mean_2
FAILED doc_only/mutants_2/statistics.mean/mutant_2.py::test_violation_of_statistics_mean_3
FAILED doc_only/mutants_2/statistics.mean/mutant_2.py::test_violation_of_statistics_mean_4
FAILED doc_only/mutants_2/statistics.mean/mutant_2.py::test_violation_of_statistics_mean_5
FAILED doc_only/mutants_2/statistics.mean/mutant_3.py::test_violation_of_statistics_mean_1
FAILED doc_only/mutants_2/statistics.mean/mutant_3.py::test_violation_of_statistics_mean_2
FAILED doc_only/mutants_2/statistics.mean/mutant_3.py::test_violation_of_statistics_mean_3
FAILED doc_only/mutants_2/statistics.mean/mutant_3.py::test_violation_of_statistics_mean_4
FAILED doc_only/mutants_2/statistics.mean/mutant_3.py::test_violation_of_statistics_mean_5
FAILED doc_only/mutants_2/statistics.mean/mutant_5.py::test_violation_of_statistics_mean_1
FAILED doc_only/mutants_2/statistics.mean/mutant_5.py::test_violation_of_statistics_mean_2
FAILED doc_only/mutants_2/statistics.mean/mutant_5.py::test_violation_of_statistics_mean_3
FAILED doc_only/mutants_2/statistics.mean/mutant_5.py::test_violation_of_statistics_mean_4
FAILED doc_only/mutants_2/statistics.mean/mutant_5.py::test_violation_of_statistics_mean_5
========================= 17 failed, 8 passed in 6.52s =========================
