============================= test session starts ==============================
platform linux -- Python 3.10.12, pytest-8.3.3, pluggy-1.5.0
rootdir: /home/james/projects/cs6223/our_proptest_data
plugins: hypothesis-6.112.2, timeout-2.3.1
collected 25 items

doc_only/mutants_2/datetime.datetime.fromisoformat/mutant_1.py FFFFF     [ 20%]
doc_only/mutants_2/datetime.datetime.fromisoformat/mutant_2.py FFFFF     [ 40%]
doc_only/mutants_2/datetime.datetime.fromisoformat/mutant_3.py FFFFF     [ 60%]
doc_only/mutants_2/datetime.datetime.fromisoformat/mutant_4.py FFFFF     [ 80%]
doc_only/mutants_2/datetime.datetime.fromisoformat/mutant_5.py FFFFF     [100%]

=================================== FAILURES ===================================
/home/james/projects/cs6223/our_proptest_data/doc_only/mutants_2/datetime.datetime.fromisoformat/mutant_1.py:8: ValueError: This will always raise an exception.
/home/james/projects/cs6223/our_proptest_data/doc_only/mutants_2/datetime.datetime.fromisoformat/mutant_1.py:14: TypeError: isinstance() arg 2 must be a type, a tuple of types, or a union
/home/james/projects/cs6223/our_proptest_data/doc_only/mutants_2/datetime.datetime.fromisoformat/mutant_1.py:20: TypeError: isinstance() arg 2 must be a type, a tuple of types, or a union
/home/james/projects/cs6223/our_proptest_data/doc_only/mutants_2/datetime.datetime.fromisoformat/mutant_1.py:26: TypeError: isinstance() arg 2 must be a type, a tuple of types, or a union
/home/james/projects/cs6223/our_proptest_data/doc_only/mutants_2/datetime.datetime.fromisoformat/mutant_1.py:32: TypeError: isinstance() arg 2 must be a type, a tuple of types, or a union
/home/james/projects/cs6223/our_proptest_data/doc_only/mutants_2/datetime.datetime.fromisoformat/mutant_2.py:8: AttributeError: module 'datetime' has no attribute 'fromisoformat'
/home/james/projects/cs6223/our_proptest_data/doc_only/mutants_2/datetime.datetime.fromisoformat/mutant_2.py:25: AttributeError: module 'datetime' has no attribute 'fromisoformat'
/home/james/projects/cs6223/our_proptest_data/doc_only/mutants_2/datetime.datetime.fromisoformat/mutant_2.py:42: AttributeError: module 'datetime' has no attribute 'fromisoformat'
/home/james/projects/cs6223/our_proptest_data/doc_only/mutants_2/datetime.datetime.fromisoformat/mutant_2.py:59: AttributeError: module 'datetime' has no attribute 'fromisoformat'
/home/james/projects/cs6223/our_proptest_data/doc_only/mutants_2/datetime.datetime.fromisoformat/mutant_2.py:76: AttributeError: module 'datetime' has no attribute 'fromisoformat'
/home/james/projects/cs6223/our_proptest_data/doc_only/mutants_2/datetime.datetime.fromisoformat/mutant_3.py:8: AttributeError: module 'datetime' has no attribute 'fromisoformat'
/home/james/projects/cs6223/our_proptest_data/doc_only/mutants_2/datetime.datetime.fromisoformat/mutant_3.py:19: AttributeError: module 'datetime' has no attribute 'fromisoformat'
/home/james/projects/cs6223/our_proptest_data/doc_only/mutants_2/datetime.datetime.fromisoformat/mutant_3.py:30: AttributeError: module 'datetime' has no attribute 'fromisoformat'
/home/james/projects/cs6223/our_proptest_data/doc_only/mutants_2/datetime.datetime.fromisoformat/mutant_3.py:41: AttributeError: module 'datetime' has no attribute 'fromisoformat'
/home/james/projects/cs6223/our_proptest_data/doc_only/mutants_2/datetime.datetime.fromisoformat/mutant_3.py:52: AttributeError: module 'datetime' has no attribute 'fromisoformat'
/home/james/projects/cs6223/our_proptest_data/doc_only/mutants_2/datetime.datetime.fromisoformat/mutant_4.py:7: hypothesis.errors.InvalidArgument: Too many positional arguments for test_violation_of_datetime_datetime_fromisoformat_1() were passed to @given - expected at most 0 arguments, but got 1 (data(),)
/home/james/projects/cs6223/our_proptest_data/doc_only/mutants_2/datetime.datetime.fromisoformat/mutant_4.py:23: hypothesis.errors.InvalidArgument: Too many positional arguments for test_violation_of_datetime_datetime_fromisoformat_2() were passed to @given - expected at most 0 arguments, but got 1 (data(),)
/home/james/projects/cs6223/our_proptest_data/doc_only/mutants_2/datetime.datetime.fromisoformat/mutant_4.py:39: hypothesis.errors.InvalidArgument: Too many positional arguments for test_violation_of_datetime_datetime_fromisoformat_3() were passed to @given - expected at most 0 arguments, but got 1 (data(),)
/home/james/projects/cs6223/our_proptest_data/doc_only/mutants_2/datetime.datetime.fromisoformat/mutant_4.py:55: hypothesis.errors.InvalidArgument: Too many positional arguments for test_violation_of_datetime_datetime_fromisoformat_4() were passed to @given - expected at most 0 arguments, but got 1 (data(),)
/home/james/projects/cs6223/our_proptest_data/doc_only/mutants_2/datetime.datetime.fromisoformat/mutant_4.py:71: hypothesis.errors.InvalidArgument: Too many positional arguments for test_violation_of_datetime_datetime_fromisoformat_5() were passed to @given - expected at most 0 arguments, but got 1 (data(),)
/home/james/projects/cs6223/our_proptest_data/doc_only/mutants_2/datetime.datetime.fromisoformat/mutant_5.py:7: hypothesis.errors.InvalidArgument: Too many positional arguments for test_violation_of_datetime_datetime_fromisoformat_1() were passed to @given - expected at most 0 arguments, but got 1 (text(),)
/home/james/projects/cs6223/our_proptest_data/doc_only/mutants_2/datetime.datetime.fromisoformat/mutant_5.py:19: hypothesis.errors.InvalidArgument: Too many positional arguments for test_violation_of_datetime_datetime_fromisoformat_2() were passed to @given - expected at most 0 arguments, but got 1 (text(),)
/home/james/projects/cs6223/our_proptest_data/doc_only/mutants_2/datetime.datetime.fromisoformat/mutant_5.py:31: hypothesis.errors.InvalidArgument: Too many positional arguments for test_violation_of_datetime_datetime_fromisoformat_3() were passed to @given - expected at most 0 arguments, but got 1 (text(),)
/home/james/projects/cs6223/our_proptest_data/doc_only/mutants_2/datetime.datetime.fromisoformat/mutant_5.py:43: hypothesis.errors.InvalidArgument: Too many positional arguments for test_violation_of_datetime_datetime_fromisoformat_4() were passed to @given - expected at most 0 arguments, but got 1 (text(),)
/home/james/projects/cs6223/our_proptest_data/doc_only/mutants_2/datetime.datetime.fromisoformat/mutant_5.py:55: hypothesis.errors.InvalidArgument: Too many positional arguments for test_violation_of_datetime_datetime_fromisoformat_5() were passed to @given - expected at most 0 arguments, but got 1 (text(),)
=========================== short test summary info ============================
FAILED doc_only/mutants_2/datetime.datetime.fromisoformat/mutant_1.py::test_violation_of_datetime_datetime_fromisoformat_1
FAILED doc_only/mutants_2/datetime.datetime.fromisoformat/mutant_1.py::test_violation_of_datetime_datetime_fromisoformat_2
FAILED doc_only/mutants_2/datetime.datetime.fromisoformat/mutant_1.py::test_violation_of_datetime_datetime_fromisoformat_3
FAILED doc_only/mutants_2/datetime.datetime.fromisoformat/mutant_1.py::test_violation_of_datetime_datetime_fromisoformat_4
FAILED doc_only/mutants_2/datetime.datetime.fromisoformat/mutant_1.py::test_violation_of_datetime_datetime_fromisoformat_5
FAILED doc_only/mutants_2/datetime.datetime.fromisoformat/mutant_2.py::test_violation_of_datetime_datetime_fromisoformat_1
FAILED doc_only/mutants_2/datetime.datetime.fromisoformat/mutant_2.py::test_violation_of_datetime_datetime_fromisoformat_2
FAILED doc_only/mutants_2/datetime.datetime.fromisoformat/mutant_2.py::test_violation_of_datetime_datetime_fromisoformat_3
FAILED doc_only/mutants_2/datetime.datetime.fromisoformat/mutant_2.py::test_violation_of_datetime_datetime_fromisoformat_4
FAILED doc_only/mutants_2/datetime.datetime.fromisoformat/mutant_2.py::test_violation_of_datetime_datetime_fromisoformat_5
FAILED doc_only/mutants_2/datetime.datetime.fromisoformat/mutant_3.py::test_violation_of_datetime_datetime_fromisoformat_1
FAILED doc_only/mutants_2/datetime.datetime.fromisoformat/mutant_3.py::test_violation_of_datetime_datetime_fromisoformat_2
FAILED doc_only/mutants_2/datetime.datetime.fromisoformat/mutant_3.py::test_violation_of_datetime_datetime_fromisoformat_3
FAILED doc_only/mutants_2/datetime.datetime.fromisoformat/mutant_3.py::test_violation_of_datetime_datetime_fromisoformat_4
FAILED doc_only/mutants_2/datetime.datetime.fromisoformat/mutant_3.py::test_violation_of_datetime_datetime_fromisoformat_5
FAILED doc_only/mutants_2/datetime.datetime.fromisoformat/mutant_4.py::test_violation_of_datetime_datetime_fromisoformat_1
FAILED doc_only/mutants_2/datetime.datetime.fromisoformat/mutant_4.py::test_violation_of_datetime_datetime_fromisoformat_2
FAILED doc_only/mutants_2/datetime.datetime.fromisoformat/mutant_4.py::test_violation_of_datetime_datetime_fromisoformat_3
FAILED doc_only/mutants_2/datetime.datetime.fromisoformat/mutant_4.py::test_violation_of_datetime_datetime_fromisoformat_4
FAILED doc_only/mutants_2/datetime.datetime.fromisoformat/mutant_4.py::test_violation_of_datetime_datetime_fromisoformat_5
FAILED doc_only/mutants_2/datetime.datetime.fromisoformat/mutant_5.py::test_violation_of_datetime_datetime_fromisoformat_1
FAILED doc_only/mutants_2/datetime.datetime.fromisoformat/mutant_5.py::test_violation_of_datetime_datetime_fromisoformat_2
FAILED doc_only/mutants_2/datetime.datetime.fromisoformat/mutant_5.py::test_violation_of_datetime_datetime_fromisoformat_3
FAILED doc_only/mutants_2/datetime.datetime.fromisoformat/mutant_5.py::test_violation_of_datetime_datetime_fromisoformat_4
FAILED doc_only/mutants_2/datetime.datetime.fromisoformat/mutant_5.py::test_violation_of_datetime_datetime_fromisoformat_5
============================== 25 failed in 5.22s ==============================
