============================= test session starts ==============================
platform linux -- Python 3.10.12, pytest-8.3.3, pluggy-1.5.0
rootdir: /home/james/projects/cs6223/our_proptest_data
plugins: hypothesis-6.112.2, timeout-2.3.1
collected 20 items

doc_only/mutants_2/statistics.median/mutant_1.py FFFFF                   [ 25%]
doc_only/mutants_2/statistics.median/mutant_2.py FFF.F                   [ 50%]
doc_only/mutants_2/statistics.median/mutant_3.py FFFF.                   [ 75%]
doc_only/mutants_2/statistics.median/mutant_4.py FFFFF                   [100%]

=================================== FAILURES ===================================
/home/james/projects/cs6223/our_proptest_data/doc_only/mutants_2/statistics.median/mutant_1.py:8: AssertionError: assert False
/home/james/projects/cs6223/our_proptest_data/doc_only/mutants_2/statistics.median/mutant_1.py:13: AssertionError: assert False
/home/james/projects/cs6223/our_proptest_data/doc_only/mutants_2/statistics.median/mutant_1.py:18: AssertionError: assert False
/home/james/projects/cs6223/our_proptest_data/doc_only/mutants_2/statistics.median/mutant_1.py:23: AssertionError: assert False
/home/james/projects/cs6223/our_proptest_data/doc_only/mutants_2/statistics.median/mutant_1.py:28: AssertionError: assert False
/home/james/projects/cs6223/our_proptest_data/doc_only/mutants_2/statistics.median/mutant_2.py:11: assert 0.0 != 0.0
/home/james/projects/cs6223/our_proptest_data/doc_only/mutants_2/statistics.median/mutant_2.py:19: assert 0.0 != 0.0
/home/james/projects/cs6223/our_proptest_data/doc_only/mutants_2/statistics.median/mutant_2.py:27: assert 0.0 != 0.0
/home/james/projects/cs6223/our_proptest_data/doc_only/mutants_2/statistics.median/mutant_2.py:43: assert 0.0 != ((0.0 + 0.0) / 2)
/home/james/projects/cs6223/our_proptest_data/doc_only/mutants_2/statistics.median/mutant_3.py:10: assert 0.0 == (((0.0 + 0.0) / 2) + 1)
/home/james/projects/cs6223/our_proptest_data/doc_only/mutants_2/statistics.median/mutant_3.py:17: assert 0.0 == (((0.0 + 0.0) / 2) - 1)
/home/james/projects/cs6223/our_proptest_data/doc_only/mutants_2/statistics.median/mutant_3.py:24: assert 0.5 == (((0.0 + 1.0) / 2) * 2)
/home/james/projects/cs6223/our_proptest_data/doc_only/mutants_2/statistics.median/mutant_3.py:31: assert 0.5 == (((0.0 + 1.0) / 2) / 2)
/usr/lib/python3.10/statistics.py:452: statistics.StatisticsError: no median for empty data
/usr/lib/python3.10/statistics.py:452: statistics.StatisticsError: no median for empty data
/usr/lib/python3.10/statistics.py:452: statistics.StatisticsError: no median for empty data
/usr/lib/python3.10/statistics.py:452: statistics.StatisticsError: no median for empty data
/usr/lib/python3.10/statistics.py:452: statistics.StatisticsError: no median for empty data
=========================== short test summary info ============================
FAILED doc_only/mutants_2/statistics.median/mutant_1.py::test_violation_of_statistics_median_1
FAILED doc_only/mutants_2/statistics.median/mutant_1.py::test_violation_of_statistics_median_2
FAILED doc_only/mutants_2/statistics.median/mutant_1.py::test_violation_of_statistics_median_3
FAILED doc_only/mutants_2/statistics.median/mutant_1.py::test_violation_of_statistics_median_4
FAILED doc_only/mutants_2/statistics.median/mutant_1.py::test_violation_of_statistics_median_5
FAILED doc_only/mutants_2/statistics.median/mutant_2.py::test_violation_of_statistics_median_1
FAILED doc_only/mutants_2/statistics.median/mutant_2.py::test_violation_of_statistics_median_2
FAILED doc_only/mutants_2/statistics.median/mutant_2.py::test_violation_of_statistics_median_3
FAILED doc_only/mutants_2/statistics.median/mutant_2.py::test_violation_of_statistics_median_5
FAILED doc_only/mutants_2/statistics.median/mutant_3.py::test_violation_of_statistics_median_1
FAILED doc_only/mutants_2/statistics.median/mutant_3.py::test_violation_of_statistics_median_2
FAILED doc_only/mutants_2/statistics.median/mutant_3.py::test_violation_of_statistics_median_3
FAILED doc_only/mutants_2/statistics.median/mutant_3.py::test_violation_of_statistics_median_4
FAILED doc_only/mutants_2/statistics.median/mutant_4.py::test_violation_of_statistics_median_1
FAILED doc_only/mutants_2/statistics.median/mutant_4.py::test_violation_of_statistics_median_2
FAILED doc_only/mutants_2/statistics.median/mutant_4.py::test_violation_of_statistics_median_3
FAILED doc_only/mutants_2/statistics.median/mutant_4.py::test_violation_of_statistics_median_4
FAILED doc_only/mutants_2/statistics.median/mutant_4.py::test_violation_of_statistics_median_5
========================= 18 failed, 2 passed in 4.75s =========================
