============================= test session starts ==============================
platform linux -- Python 3.10.12, pytest-8.3.3, pluggy-1.5.0
rootdir: /home/james/projects/cs6223/our_proptest_data
plugins: hypothesis-6.112.2, timeout-2.3.1
collected 25 items

doc_only/mutants/datetime.datetime.fromisoformat/mutant_1.py .....       [ 20%]
doc_only/mutants/datetime.datetime.fromisoformat/mutant_2.py .....       [ 40%]
doc_only/mutants/datetime.datetime.fromisoformat/mutant_3.py FFFFF       [ 60%]
doc_only/mutants/datetime.datetime.fromisoformat/mutant_4.py .....       [ 80%]
doc_only/mutants/datetime.datetime.fromisoformat/mutant_5.py FFFFF       [100%]

=================================== FAILURES ===================================
/home/james/projects/cs6223/our_proptest_data/doc_only/mutants/datetime.datetime.fromisoformat/mutant_3.py:8: AttributeError: module 'datetime' has no attribute 'fromisoformat'
/home/james/projects/cs6223/our_proptest_data/doc_only/mutants/datetime.datetime.fromisoformat/mutant_3.py:20: AttributeError: module 'datetime' has no attribute 'fromisoformat'
/home/james/projects/cs6223/our_proptest_data/doc_only/mutants/datetime.datetime.fromisoformat/mutant_3.py:32: AttributeError: module 'datetime' has no attribute 'fromisoformat'
/home/james/projects/cs6223/our_proptest_data/doc_only/mutants/datetime.datetime.fromisoformat/mutant_3.py:44: AttributeError: module 'datetime' has no attribute 'fromisoformat'
/home/james/projects/cs6223/our_proptest_data/doc_only/mutants/datetime.datetime.fromisoformat/mutant_3.py:56: AttributeError: module 'datetime' has no attribute 'fromisoformat'
/home/james/projects/cs6223/our_proptest_data/doc_only/mutants/datetime.datetime.fromisoformat/mutant_5.py:7: hypothesis.errors.InvalidArgument: Too many positional arguments for test_violation_of_datetime_datetime_fromisoformat_1() were passed to @given - expected at most 0 arguments, but got 1 (text(),)
/home/james/projects/cs6223/our_proptest_data/doc_only/mutants/datetime.datetime.fromisoformat/mutant_5.py:18: hypothesis.errors.InvalidArgument: Too many positional arguments for test_violation_of_datetime_datetime_fromisoformat_2() were passed to @given - expected at most 0 arguments, but got 1 (text(),)
/home/james/projects/cs6223/our_proptest_data/doc_only/mutants/datetime.datetime.fromisoformat/mutant_5.py:29: hypothesis.errors.InvalidArgument: Too many positional arguments for test_violation_of_datetime_datetime_fromisoformat_3() were passed to @given - expected at most 0 arguments, but got 1 (text(),)
/home/james/projects/cs6223/our_proptest_data/doc_only/mutants/datetime.datetime.fromisoformat/mutant_5.py:40: hypothesis.errors.InvalidArgument: Too many positional arguments for test_violation_of_datetime_datetime_fromisoformat_4() were passed to @given - expected at most 0 arguments, but got 1 (text(),)
/home/james/projects/cs6223/our_proptest_data/doc_only/mutants/datetime.datetime.fromisoformat/mutant_5.py:51: hypothesis.errors.InvalidArgument: Too many positional arguments for test_violation_of_datetime_datetime_fromisoformat_5() were passed to @given - expected at most 0 arguments, but got 1 (text(),)
=========================== short test summary info ============================
FAILED doc_only/mutants/datetime.datetime.fromisoformat/mutant_3.py::test_violation_of_datetime_datetime_fromisoformat_1
FAILED doc_only/mutants/datetime.datetime.fromisoformat/mutant_3.py::test_violation_of_datetime_datetime_fromisoformat_2
FAILED doc_only/mutants/datetime.datetime.fromisoformat/mutant_3.py::test_violation_of_datetime_datetime_fromisoformat_3
FAILED doc_only/mutants/datetime.datetime.fromisoformat/mutant_3.py::test_violation_of_datetime_datetime_fromisoformat_4
FAILED doc_only/mutants/datetime.datetime.fromisoformat/mutant_3.py::test_violation_of_datetime_datetime_fromisoformat_5
FAILED doc_only/mutants/datetime.datetime.fromisoformat/mutant_5.py::test_violation_of_datetime_datetime_fromisoformat_1
FAILED doc_only/mutants/datetime.datetime.fromisoformat/mutant_5.py::test_violation_of_datetime_datetime_fromisoformat_2
FAILED doc_only/mutants/datetime.datetime.fromisoformat/mutant_5.py::test_violation_of_datetime_datetime_fromisoformat_3
FAILED doc_only/mutants/datetime.datetime.fromisoformat/mutant_5.py::test_violation_of_datetime_datetime_fromisoformat_4
FAILED doc_only/mutants/datetime.datetime.fromisoformat/mutant_5.py::test_violation_of_datetime_datetime_fromisoformat_5
======================== 10 failed, 15 passed in 2.05s =========================
