============================= test session starts ==============================
platform linux -- Python 3.10.12, pytest-8.3.3, pluggy-1.5.0
rootdir: /home/james/projects/cs6223/our_proptest_data
plugins: hypothesis-6.112.2, timeout-2.3.1
collected 25 items

doc_only/mutants/decimal.Decimal.as_integer_ratio/mutant_1.py FFFFF      [ 20%]
doc_only/mutants/decimal.Decimal.as_integer_ratio/mutant_2.py FFFFF      [ 40%]
doc_only/mutants/decimal.Decimal.as_integer_ratio/mutant_3.py F..FF      [ 60%]
doc_only/mutants/decimal.Decimal.as_integer_ratio/mutant_4.py FFFFF      [ 80%]
doc_only/mutants/decimal.Decimal.as_integer_ratio/mutant_5.py FFFFF      [100%]

=================================== FAILURES ===================================
/home/james/projects/cs6223/our_proptest_data/doc_only/mutants/decimal.Decimal.as_integer_ratio/mutant_1.py:10: assert (False)
/home/james/projects/cs6223/our_proptest_data/doc_only/mutants/decimal.Decimal.as_integer_ratio/mutant_1.py:17: AssertionError: assert (True and False)
/home/james/projects/cs6223/our_proptest_data/doc_only/mutants/decimal.Decimal.as_integer_ratio/mutant_1.py:24: assert (False)
/home/james/projects/cs6223/our_proptest_data/doc_only/mutants/decimal.Decimal.as_integer_ratio/mutant_1.py:32: assert (False)
/home/james/projects/cs6223/our_proptest_data/doc_only/mutants/decimal.Decimal.as_integer_ratio/mutant_1.py:39: assert (False)
/home/james/projects/cs6223/our_proptest_data/doc_only/mutants/decimal.Decimal.as_integer_ratio/mutant_2.py:9: assert -1 > 0
/home/james/projects/cs6223/our_proptest_data/doc_only/mutants/decimal.Decimal.as_integer_ratio/mutant_2.py:15: assert -1 > 0
/home/james/projects/cs6223/our_proptest_data/doc_only/mutants/decimal.Decimal.as_integer_ratio/mutant_2.py:21: assert 0 > 0
/home/james/projects/cs6223/our_proptest_data/doc_only/mutants/decimal.Decimal.as_integer_ratio/mutant_2.py:27: assert -1 > 0
/home/james/projects/cs6223/our_proptest_data/doc_only/mutants/decimal.Decimal.as_integer_ratio/mutant_2.py:33: assert -100 > 0
/home/james/projects/cs6223/our_proptest_data/doc_only/mutants/decimal.Decimal.as_integer_ratio/mutant_3.py:11: assert 2 == 1
/home/james/projects/cs6223/our_proptest_data/doc_only/mutants/decimal.Decimal.as_integer_ratio/mutant_3.py:32: assert 2 == 1
/home/james/projects/cs6223/our_proptest_data/doc_only/mutants/decimal.Decimal.as_integer_ratio/mutant_3.py:39: assert 0 == 1
/home/james/projects/cs6223/our_proptest_data/doc_only/mutants/decimal.Decimal.as_integer_ratio/mutant_4.py:9: AssertionError: assert (Decimal('1') / Decimal('1')) == Decimal('0')
/home/james/projects/cs6223/our_proptest_data/doc_only/mutants/decimal.Decimal.as_integer_ratio/mutant_4.py:12: exceptiongroup.ExceptionGroup: Hypothesis found 3 distinct failures. (3 sub-exceptions)
/home/james/projects/cs6223/our_proptest_data/doc_only/mutants/decimal.Decimal.as_integer_ratio/mutant_4.py:21: AssertionError: assert (Decimal('2') / Decimal('1')) == Decimal('1')
/home/james/projects/cs6223/our_proptest_data/doc_only/mutants/decimal.Decimal.as_integer_ratio/mutant_4.py:27: AssertionError: assert (Decimal('0') / Decimal('1')) == Decimal('1')
/home/james/projects/cs6223/our_proptest_data/doc_only/mutants/decimal.Decimal.as_integer_ratio/mutant_4.py:33: AssertionError: assert (Decimal('1') / Decimal('6')) == Decimal('1')
/home/james/projects/cs6223/our_proptest_data/doc_only/mutants/decimal.Decimal.as_integer_ratio/mutant_5.py:7: exceptiongroup.ExceptionGroup: Hypothesis found 2 distinct failures. (2 sub-exceptions)
/home/james/projects/cs6223/our_proptest_data/doc_only/mutants/decimal.Decimal.as_integer_ratio/mutant_5.py:13: exceptiongroup.ExceptionGroup: Hypothesis found 2 distinct failures. (2 sub-exceptions)
/home/james/projects/cs6223/our_proptest_data/doc_only/mutants/decimal.Decimal.as_integer_ratio/mutant_5.py:22: AssertionError: assert not (False or True)
/home/james/projects/cs6223/our_proptest_data/doc_only/mutants/decimal.Decimal.as_integer_ratio/mutant_5.py:28: AssertionError: assert not (False or True)
/home/james/projects/cs6223/our_proptest_data/doc_only/mutants/decimal.Decimal.as_integer_ratio/mutant_5.py:31: exceptiongroup.ExceptionGroup: Hypothesis found 2 distinct failures. (2 sub-exceptions)
=========================== short test summary info ============================
FAILED doc_only/mutants/decimal.Decimal.as_integer_ratio/mutant_1.py::test_violation_of_decimal_Decimal_as_integer_ratio_1
FAILED doc_only/mutants/decimal.Decimal.as_integer_ratio/mutant_1.py::test_violation_of_decimal_Decimal_as_integer_ratio_2
FAILED doc_only/mutants/decimal.Decimal.as_integer_ratio/mutant_1.py::test_violation_of_decimal_Decimal_as_integer_ratio_3
FAILED doc_only/mutants/decimal.Decimal.as_integer_ratio/mutant_1.py::test_violation_of_decimal_Decimal_as_integer_ratio_4
FAILED doc_only/mutants/decimal.Decimal.as_integer_ratio/mutant_1.py::test_violation_of_decimal_Decimal_as_integer_ratio_5
FAILED doc_only/mutants/decimal.Decimal.as_integer_ratio/mutant_2.py::test_violation_of_decimal_Decimal_as_integer_ratio_1
FAILED doc_only/mutants/decimal.Decimal.as_integer_ratio/mutant_2.py::test_violation_of_decimal_Decimal_as_integer_ratio_2
FAILED doc_only/mutants/decimal.Decimal.as_integer_ratio/mutant_2.py::test_violation_of_decimal_Decimal_as_integer_ratio_3
FAILED doc_only/mutants/decimal.Decimal.as_integer_ratio/mutant_2.py::test_violation_of_decimal_Decimal_as_integer_ratio_4
FAILED doc_only/mutants/decimal.Decimal.as_integer_ratio/mutant_2.py::test_violation_of_decimal_Decimal_as_integer_ratio_5
FAILED doc_only/mutants/decimal.Decimal.as_integer_ratio/mutant_3.py::test_violation_of_decimal_Decimal_as_integer_ratio_1
FAILED doc_only/mutants/decimal.Decimal.as_integer_ratio/mutant_3.py::test_violation_of_decimal_Decimal_as_integer_ratio_4
FAILED doc_only/mutants/decimal.Decimal.as_integer_ratio/mutant_3.py::test_violation_of_decimal_Decimal_as_integer_ratio_5
FAILED doc_only/mutants/decimal.Decimal.as_integer_ratio/mutant_4.py::test_violation_of_decimal_Decimal_as_integer_ratio_1
FAILED doc_only/mutants/decimal.Decimal.as_integer_ratio/mutant_4.py::test_violation_of_decimal_Decimal_as_integer_ratio_2
FAILED doc_only/mutants/decimal.Decimal.as_integer_ratio/mutant_4.py::test_violation_of_decimal_Decimal_as_integer_ratio_3
FAILED doc_only/mutants/decimal.Decimal.as_integer_ratio/mutant_4.py::test_violation_of_decimal_Decimal_as_integer_ratio_4
FAILED doc_only/mutants/decimal.Decimal.as_integer_ratio/mutant_4.py::test_violation_of_decimal_Decimal_as_integer_ratio_5
FAILED doc_only/mutants/decimal.Decimal.as_integer_ratio/mutant_5.py::test_violation_of_decimal_Decimal_as_integer_ratio_1
FAILED doc_only/mutants/decimal.Decimal.as_integer_ratio/mutant_5.py::test_violation_of_decimal_Decimal_as_integer_ratio_2
FAILED doc_only/mutants/decimal.Decimal.as_integer_ratio/mutant_5.py::test_violation_of_decimal_Decimal_as_integer_ratio_3
FAILED doc_only/mutants/decimal.Decimal.as_integer_ratio/mutant_5.py::test_violation_of_decimal_Decimal_as_integer_ratio_4
FAILED doc_only/mutants/decimal.Decimal.as_integer_ratio/mutant_5.py::test_violation_of_decimal_Decimal_as_integer_ratio_5
======================== 23 failed, 2 passed in 11.04s =========================
