============================= test session starts ==============================
platform linux -- Python 3.10.12, pytest-8.3.3, pluggy-1.5.0
rootdir: /home/james/projects/cs6223/our_proptest_data
plugins: hypothesis-6.112.2, timeout-2.3.1
collected 20 items

doc_only/mutants/decimal.Decimal.fma/mutant_1.py FFFFF                   [ 25%]
doc_only/mutants/decimal.Decimal.fma/mutant_2.py FFFFF                   [ 50%]
doc_only/mutants/decimal.Decimal.fma/mutant_3.py FFFFF                   [ 75%]
doc_only/mutants/decimal.Decimal.fma/mutant_4.py FFFFF                   [100%]

=================================== FAILURES ===================================
/home/james/projects/cs6223/our_proptest_data/doc_only/mutants/decimal.Decimal.fma/mutant_1.py:11: AssertionError: assert Decimal('1') == Decimal('0')
/home/james/projects/cs6223/our_proptest_data/doc_only/mutants/decimal.Decimal.fma/mutant_1.py:19: AssertionError: assert Decimal('2') == Decimal('1')
/home/james/projects/cs6223/our_proptest_data/doc_only/mutants/decimal.Decimal.fma/mutant_1.py:27: AssertionError: assert Decimal('-100') == Decimal('0')
/home/james/projects/cs6223/our_proptest_data/doc_only/mutants/decimal.Decimal.fma/mutant_1.py:35: AssertionError: assert Decimal('0.5') == Decimal('0')
/home/james/projects/cs6223/our_proptest_data/doc_only/mutants/decimal.Decimal.fma/mutant_1.py:43: AssertionError: assert Decimal('-1.000000000000000000000000000E+50') == Decimal('0')
/home/james/projects/cs6223/our_proptest_data/doc_only/mutants/decimal.Decimal.fma/mutant_2.py:8: NameError: name 'Decimal' is not defined
/home/james/projects/cs6223/our_proptest_data/doc_only/mutants/decimal.Decimal.fma/mutant_2.py:14: NameError: name 'Decimal' is not defined
/home/james/projects/cs6223/our_proptest_data/doc_only/mutants/decimal.Decimal.fma/mutant_2.py:20: NameError: name 'Decimal' is not defined
/home/james/projects/cs6223/our_proptest_data/doc_only/mutants/decimal.Decimal.fma/mutant_2.py:26: NameError: name 'Decimal' is not defined
/home/james/projects/cs6223/our_proptest_data/doc_only/mutants/decimal.Decimal.fma/mutant_2.py:32: NameError: name 'Decimal' is not defined
/home/james/projects/cs6223/our_proptest_data/doc_only/mutants/decimal.Decimal.fma/mutant_3.py:9: AssertionError: assert Decimal('0') == Decimal('1')
/home/james/projects/cs6223/our_proptest_data/doc_only/mutants/decimal.Decimal.fma/mutant_3.py:15: AssertionError: assert Decimal('0') == Decimal('-1')
/home/james/projects/cs6223/our_proptest_data/doc_only/mutants/decimal.Decimal.fma/mutant_3.py:21: AssertionError: assert Decimal('3') == Decimal('6')
/home/james/projects/cs6223/our_proptest_data/doc_only/mutants/decimal.Decimal.fma/mutant_3.py:27: AssertionError: assert Decimal('0') == Decimal('3')
/home/james/projects/cs6223/our_proptest_data/doc_only/mutants/decimal.Decimal.fma/mutant_3.py:33: AssertionError: assert Decimal('3') == Decimal('1.5')
/home/james/projects/cs6223/our_proptest_data/doc_only/mutants/decimal.Decimal.fma/mutant_4.py:10: AssertionError: assert Decimal('0') != Decimal('0')
/home/james/projects/cs6223/our_proptest_data/doc_only/mutants/decimal.Decimal.fma/mutant_4.py:17: AssertionError: assert Decimal('0') == (Decimal('0') + Decimal('1'))
/home/james/projects/cs6223/our_proptest_data/doc_only/mutants/decimal.Decimal.fma/mutant_4.py:24: AssertionError: assert Decimal('1') == (Decimal('1') * Decimal('2'))
/home/james/projects/cs6223/our_proptest_data/doc_only/mutants/decimal.Decimal.fma/mutant_4.py:31: AssertionError: assert Decimal('0') == (Decimal('0') - Decimal('5'))
/home/james/projects/cs6223/our_proptest_data/doc_only/mutants/decimal.Decimal.fma/mutant_4.py:38: AssertionError: assert Decimal('0') == (Decimal('0') + Decimal('0.1'))
=========================== short test summary info ============================
FAILED doc_only/mutants/decimal.Decimal.fma/mutant_1.py::test_violation_of_decimal_Decimal_fma_1
FAILED doc_only/mutants/decimal.Decimal.fma/mutant_1.py::test_violation_of_decimal_Decimal_fma_2
FAILED doc_only/mutants/decimal.Decimal.fma/mutant_1.py::test_violation_of_decimal_Decimal_fma_3
FAILED doc_only/mutants/decimal.Decimal.fma/mutant_1.py::test_violation_of_decimal_Decimal_fma_4
FAILED doc_only/mutants/decimal.Decimal.fma/mutant_1.py::test_violation_of_decimal_Decimal_fma_5
FAILED doc_only/mutants/decimal.Decimal.fma/mutant_2.py::test_violation_of_decimal_Decimal_fma_1
FAILED doc_only/mutants/decimal.Decimal.fma/mutant_2.py::test_violation_of_decimal_Decimal_fma_2
FAILED doc_only/mutants/decimal.Decimal.fma/mutant_2.py::test_violation_of_decimal_Decimal_fma_3
FAILED doc_only/mutants/decimal.Decimal.fma/mutant_2.py::test_violation_of_decimal_Decimal_fma_4
FAILED doc_only/mutants/decimal.Decimal.fma/mutant_2.py::test_violation_of_decimal_Decimal_fma_5
FAILED doc_only/mutants/decimal.Decimal.fma/mutant_3.py::test_violation_of_decimal_Decimal_fma_1
FAILED doc_only/mutants/decimal.Decimal.fma/mutant_3.py::test_violation_of_decimal_Decimal_fma_2
FAILED doc_only/mutants/decimal.Decimal.fma/mutant_3.py::test_violation_of_decimal_Decimal_fma_3
FAILED doc_only/mutants/decimal.Decimal.fma/mutant_3.py::test_violation_of_decimal_Decimal_fma_4
FAILED doc_only/mutants/decimal.Decimal.fma/mutant_3.py::test_violation_of_decimal_Decimal_fma_5
FAILED doc_only/mutants/decimal.Decimal.fma/mutant_4.py::test_violation_of_decimal_Decimal_fma_1
FAILED doc_only/mutants/decimal.Decimal.fma/mutant_4.py::test_violation_of_decimal_Decimal_fma_2
FAILED doc_only/mutants/decimal.Decimal.fma/mutant_4.py::test_violation_of_decimal_Decimal_fma_3
FAILED doc_only/mutants/decimal.Decimal.fma/mutant_4.py::test_violation_of_decimal_Decimal_fma_4
FAILED doc_only/mutants/decimal.Decimal.fma/mutant_4.py::test_violation_of_decimal_Decimal_fma_5
======================== 20 failed in 79.53s (0:01:19) =========================
