============================= test session starts ==============================
platform linux -- Python 3.10.12, pytest-8.3.3, pluggy-1.5.0
rootdir: /home/james/projects/cs6223/our_proptest_data
plugins: hypothesis-6.112.2, timeout-2.3.1
collected 15 items

doc_only/mutants/networkx.algorithms.approximation.clustering_coefficient.average_clustering/mutant_1.py F [  6%]
FFFF                                                                     [ 33%]
doc_only/mutants/networkx.algorithms.approximation.clustering_coefficient.average_clustering/mutant_2.py F [ 40%]
FFFF                                                                     [ 66%]
doc_only/mutants/networkx.algorithms.approximation.clustering_coefficient.average_clustering/mutant_3.py F [ 73%]
FFFF                                                                     [100%]

=================================== FAILURES ===================================
/home/james/projects/cs6223/our_proptest_data/doc_only/mutants/networkx.algorithms.approximation.clustering_coefficient.average_clustering/mutant_1.py:8: hypothesis.errors.InvalidArgument: Too many positional arguments for test_violation_of_networkx_algorithms_approximation_clustering_coefficient_average_clustering_1() were passed to @given - expected at most 0 arguments, but got 1 (data(),)
/home/james/projects/cs6223/our_proptest_data/doc_only/mutants/networkx.algorithms.approximation.clustering_coefficient.average_clustering/mutant_1.py:14: hypothesis.errors.InvalidArgument: Too many positional arguments for test_violation_of_networkx_algorithms_approximation_clustering_coefficient_average_clustering_2() were passed to @given - expected at most 0 arguments, but got 1 (data(),)
/home/james/projects/cs6223/our_proptest_data/doc_only/mutants/networkx.algorithms.approximation.clustering_coefficient.average_clustering/mutant_1.py:20: hypothesis.errors.InvalidArgument: Too many positional arguments for test_violation_of_networkx_algorithms_approximation_clustering_coefficient_average_clustering_3() were passed to @given - expected at most 0 arguments, but got 1 (data(),)
/home/james/projects/cs6223/our_proptest_data/doc_only/mutants/networkx.algorithms.approximation.clustering_coefficient.average_clustering/mutant_1.py:26: hypothesis.errors.InvalidArgument: Too many positional arguments for test_violation_of_networkx_algorithms_approximation_clustering_coefficient_average_clustering_4() were passed to @given - expected at most 0 arguments, but got 1 (data(),)
/home/james/projects/cs6223/our_proptest_data/doc_only/mutants/networkx.algorithms.approximation.clustering_coefficient.average_clustering/mutant_1.py:32: hypothesis.errors.InvalidArgument: Too many positional arguments for test_violation_of_networkx_algorithms_approximation_clustering_coefficient_average_clustering_5() were passed to @given - expected at most 0 arguments, but got 1 (data(),)
/home/james/projects/cs6223/our_proptest_data/doc_only/mutants/networkx.algorithms.approximation.clustering_coefficient.average_clustering/mutant_2.py:8: hypothesis.errors.InvalidArgument: Too many positional arguments for test_violation_of_networkx_algorithms_approximation_clustering_coefficient_average_clustering_1() were passed to @given - expected at most 0 arguments, but got 1 (data(),)
/home/james/projects/cs6223/our_proptest_data/doc_only/mutants/networkx.algorithms.approximation.clustering_coefficient.average_clustering/mutant_2.py:15: hypothesis.errors.InvalidArgument: Too many positional arguments for test_violation_of_networkx_algorithms_approximation_clustering_coefficient_average_clustering_2() were passed to @given - expected at most 0 arguments, but got 1 (data(),)
/home/james/projects/cs6223/our_proptest_data/doc_only/mutants/networkx.algorithms.approximation.clustering_coefficient.average_clustering/mutant_2.py:22: hypothesis.errors.InvalidArgument: Too many positional arguments for test_violation_of_networkx_algorithms_approximation_clustering_coefficient_average_clustering_3() were passed to @given - expected at most 0 arguments, but got 1 (data(),)
/home/james/projects/cs6223/our_proptest_data/doc_only/mutants/networkx.algorithms.approximation.clustering_coefficient.average_clustering/mutant_2.py:29: hypothesis.errors.InvalidArgument: Too many positional arguments for test_violation_of_networkx_algorithms_approximation_clustering_coefficient_average_clustering_4() were passed to @given - expected at most 0 arguments, but got 1 (data(),)
/home/james/projects/cs6223/our_proptest_data/doc_only/mutants/networkx.algorithms.approximation.clustering_coefficient.average_clustering/mutant_2.py:36: hypothesis.errors.InvalidArgument: Too many positional arguments for test_violation_of_networkx_algorithms_approximation_clustering_coefficient_average_clustering_5() were passed to @given - expected at most 0 arguments, but got 1 (data(),)
/home/james/projects/cs6223/our_proptest_data/doc_only/mutants/networkx.algorithms.approximation.clustering_coefficient.average_clustering/mutant_3.py:8: hypothesis.errors.InvalidArgument: Too many positional arguments for test_violation_of_networkx_algorithms_approximation_clustering_coefficient_average_clustering_1() were passed to @given - expected at most 0 arguments, but got 1 (data(),)
/home/james/projects/cs6223/our_proptest_data/doc_only/mutants/networkx.algorithms.approximation.clustering_coefficient.average_clustering/mutant_3.py:19: hypothesis.errors.InvalidArgument: Too many positional arguments for test_violation_of_networkx_algorithms_approximation_clustering_coefficient_average_clustering_2() were passed to @given - expected at most 0 arguments, but got 1 (data(),)
/home/james/projects/cs6223/our_proptest_data/doc_only/mutants/networkx.algorithms.approximation.clustering_coefficient.average_clustering/mutant_3.py:30: hypothesis.errors.InvalidArgument: Too many positional arguments for test_violation_of_networkx_algorithms_approximation_clustering_coefficient_average_clustering_3() were passed to @given - expected at most 0 arguments, but got 1 (data(),)
/home/james/projects/cs6223/our_proptest_data/doc_only/mutants/networkx.algorithms.approximation.clustering_coefficient.average_clustering/mutant_3.py:41: hypothesis.errors.InvalidArgument: Too many positional arguments for test_violation_of_networkx_algorithms_approximation_clustering_coefficient_average_clustering_4() were passed to @given - expected at most 0 arguments, but got 1 (data(),)
/home/james/projects/cs6223/our_proptest_data/doc_only/mutants/networkx.algorithms.approximation.clustering_coefficient.average_clustering/mutant_3.py:52: hypothesis.errors.InvalidArgument: Too many positional arguments for test_violation_of_networkx_algorithms_approximation_clustering_coefficient_average_clustering_5() were passed to @given - expected at most 0 arguments, but got 1 (data(),)
=========================== short test summary info ============================
FAILED doc_only/mutants/networkx.algorithms.approximation.clustering_coefficient.average_clustering/mutant_1.py::test_violation_of_networkx_algorithms_approximation_clustering_coefficient_average_clustering_1
FAILED doc_only/mutants/networkx.algorithms.approximation.clustering_coefficient.average_clustering/mutant_1.py::test_violation_of_networkx_algorithms_approximation_clustering_coefficient_average_clustering_2
FAILED doc_only/mutants/networkx.algorithms.approximation.clustering_coefficient.average_clustering/mutant_1.py::test_violation_of_networkx_algorithms_approximation_clustering_coefficient_average_clustering_3
FAILED doc_only/mutants/networkx.algorithms.approximation.clustering_coefficient.average_clustering/mutant_1.py::test_violation_of_networkx_algorithms_approximation_clustering_coefficient_average_clustering_4
FAILED doc_only/mutants/networkx.algorithms.approximation.clustering_coefficient.average_clustering/mutant_1.py::test_violation_of_networkx_algorithms_approximation_clustering_coefficient_average_clustering_5
FAILED doc_only/mutants/networkx.algorithms.approximation.clustering_coefficient.average_clustering/mutant_2.py::test_violation_of_networkx_algorithms_approximation_clustering_coefficient_average_clustering_1
FAILED doc_only/mutants/networkx.algorithms.approximation.clustering_coefficient.average_clustering/mutant_2.py::test_violation_of_networkx_algorithms_approximation_clustering_coefficient_average_clustering_2
FAILED doc_only/mutants/networkx.algorithms.approximation.clustering_coefficient.average_clustering/mutant_2.py::test_violation_of_networkx_algorithms_approximation_clustering_coefficient_average_clustering_3
FAILED doc_only/mutants/networkx.algorithms.approximation.clustering_coefficient.average_clustering/mutant_2.py::test_violation_of_networkx_algorithms_approximation_clustering_coefficient_average_clustering_4
FAILED doc_only/mutants/networkx.algorithms.approximation.clustering_coefficient.average_clustering/mutant_2.py::test_violation_of_networkx_algorithms_approximation_clustering_coefficient_average_clustering_5
FAILED doc_only/mutants/networkx.algorithms.approximation.clustering_coefficient.average_clustering/mutant_3.py::test_violation_of_networkx_algorithms_approximation_clustering_coefficient_average_clustering_1
FAILED doc_only/mutants/networkx.algorithms.approximation.clustering_coefficient.average_clustering/mutant_3.py::test_violation_of_networkx_algorithms_approximation_clustering_coefficient_average_clustering_2
FAILED doc_only/mutants/networkx.algorithms.approximation.clustering_coefficient.average_clustering/mutant_3.py::test_violation_of_networkx_algorithms_approximation_clustering_coefficient_average_clustering_3
FAILED doc_only/mutants/networkx.algorithms.approximation.clustering_coefficient.average_clustering/mutant_3.py::test_violation_of_networkx_algorithms_approximation_clustering_coefficient_average_clustering_4
FAILED doc_only/mutants/networkx.algorithms.approximation.clustering_coefficient.average_clustering/mutant_3.py::test_violation_of_networkx_algorithms_approximation_clustering_coefficient_average_clustering_5
============================== 15 failed in 0.09s ==============================
