============================= test session starts ==============================
platform linux -- Python 3.10.12, pytest-8.3.3, pluggy-1.5.0
rootdir: /home/james/projects/cs6223/our_proptest_data
plugins: hypothesis-6.112.2, timeout-2.3.1
collected 25 items

doc_only/mutants/statistics.mean/mutant_1.py FFFFF                       [ 20%]
doc_only/mutants/statistics.mean/mutant_2.py FFFFF                       [ 40%]
doc_only/mutants/statistics.mean/mutant_3.py FFFFF                       [ 60%]
doc_only/mutants/statistics.mean/mutant_4.py .FFFF                       [ 80%]
doc_only/mutants/statistics.mean/mutant_5.py FFFFF                       [100%]

=================================== FAILURES ===================================
/home/james/projects/cs6223/our_proptest_data/doc_only/mutants/statistics.mean/mutant_1.py:9: NameError: name 'Fraction' is not defined
/home/james/projects/cs6223/our_proptest_data/doc_only/mutants/statistics.mean/mutant_1.py:15: NameError: name 'Fraction' is not defined
/home/james/projects/cs6223/our_proptest_data/doc_only/mutants/statistics.mean/mutant_1.py:21: NameError: name 'Fraction' is not defined
/home/james/projects/cs6223/our_proptest_data/doc_only/mutants/statistics.mean/mutant_1.py:27: NameError: name 'Fraction' is not defined
/home/james/projects/cs6223/our_proptest_data/doc_only/mutants/statistics.mean/mutant_1.py:33: NameError: name 'Fraction' is not defined
/home/james/projects/cs6223/our_proptest_data/doc_only/mutants/statistics.mean/mutant_2.py:9: assert 1.0 == 0.0
/home/james/projects/cs6223/our_proptest_data/doc_only/mutants/statistics.mean/mutant_2.py:15: assert -1.0 == 0.0
/home/james/projects/cs6223/our_proptest_data/doc_only/mutants/statistics.mean/mutant_2.py:21: assert 2.0 == 1.0
/home/james/projects/cs6223/our_proptest_data/doc_only/mutants/statistics.mean/mutant_2.py:27: assert 0.5 == 1.0
/home/james/projects/cs6223/our_proptest_data/doc_only/mutants/statistics.mean/mutant_2.py:33: assert 2.0 == 1.0
/home/james/projects/cs6223/our_proptest_data/doc_only/mutants/statistics.mean/mutant_3.py:10: NameError: name 'Fraction' is not defined
/home/james/projects/cs6223/our_proptest_data/doc_only/mutants/statistics.mean/mutant_3.py:17: NameError: name 'Fraction' is not defined
/home/james/projects/cs6223/our_proptest_data/doc_only/mutants/statistics.mean/mutant_3.py:24: NameError: name 'Fraction' is not defined
/home/james/projects/cs6223/our_proptest_data/doc_only/mutants/statistics.mean/mutant_3.py:31: NameError: name 'Fraction' is not defined
/home/james/projects/cs6223/our_proptest_data/doc_only/mutants/statistics.mean/mutant_3.py:38: NameError: name 'Fraction' is not defined
/usr/lib/python3.10/statistics.py:328: statistics.StatisticsError: mean requires at least one data point
/usr/lib/python3.10/statistics.py:328: statistics.StatisticsError: mean requires at least one data point
/usr/lib/python3.10/statistics.py:328: statistics.StatisticsError: mean requires at least one data point
/usr/lib/python3.10/statistics.py:328: statistics.StatisticsError: mean requires at least one data point
/home/james/projects/cs6223/our_proptest_data/doc_only/mutants/statistics.mean/mutant_5.py:8: assert (1.0 >= 0.0 and 1.0 <= 0.0)
/home/james/projects/cs6223/our_proptest_data/doc_only/mutants/statistics.mean/mutant_5.py:13: assert (-1.0 >= 0.0)
/home/james/projects/cs6223/our_proptest_data/doc_only/mutants/statistics.mean/mutant_5.py:18: assert (0.5 >= 0.0 and 0.5 <= 0.0)
/home/james/projects/cs6223/our_proptest_data/doc_only/mutants/statistics.mean/mutant_5.py:23: assert (-0.5 >= 0.0)
/home/james/projects/cs6223/our_proptest_data/doc_only/mutants/statistics.mean/mutant_5.py:28: assert (1.0 >= 0.0 and 1.0 <= 0.0)
=========================== short test summary info ============================
FAILED doc_only/mutants/statistics.mean/mutant_1.py::test_violation_of_statistics_mean_1
FAILED doc_only/mutants/statistics.mean/mutant_1.py::test_violation_of_statistics_mean_2
FAILED doc_only/mutants/statistics.mean/mutant_1.py::test_violation_of_statistics_mean_3
FAILED doc_only/mutants/statistics.mean/mutant_1.py::test_violation_of_statistics_mean_4
FAILED doc_only/mutants/statistics.mean/mutant_1.py::test_violation_of_statistics_mean_5
FAILED doc_only/mutants/statistics.mean/mutant_2.py::test_violation_of_statistics_mean_1
FAILED doc_only/mutants/statistics.mean/mutant_2.py::test_violation_of_statistics_mean_2
FAILED doc_only/mutants/statistics.mean/mutant_2.py::test_violation_of_statistics_mean_3
FAILED doc_only/mutants/statistics.mean/mutant_2.py::test_violation_of_statistics_mean_4
FAILED doc_only/mutants/statistics.mean/mutant_2.py::test_violation_of_statistics_mean_5
FAILED doc_only/mutants/statistics.mean/mutant_3.py::test_violation_of_statistics_mean_1
FAILED doc_only/mutants/statistics.mean/mutant_3.py::test_violation_of_statistics_mean_2
FAILED doc_only/mutants/statistics.mean/mutant_3.py::test_violation_of_statistics_mean_3
FAILED doc_only/mutants/statistics.mean/mutant_3.py::test_violation_of_statistics_mean_4
FAILED doc_only/mutants/statistics.mean/mutant_3.py::test_violation_of_statistics_mean_5
FAILED doc_only/mutants/statistics.mean/mutant_4.py::test_violation_of_statistics_mean_2
FAILED doc_only/mutants/statistics.mean/mutant_4.py::test_violation_of_statistics_mean_3
FAILED doc_only/mutants/statistics.mean/mutant_4.py::test_violation_of_statistics_mean_4
FAILED doc_only/mutants/statistics.mean/mutant_4.py::test_violation_of_statistics_mean_5
FAILED doc_only/mutants/statistics.mean/mutant_5.py::test_violation_of_statistics_mean_1
FAILED doc_only/mutants/statistics.mean/mutant_5.py::test_violation_of_statistics_mean_2
FAILED doc_only/mutants/statistics.mean/mutant_5.py::test_violation_of_statistics_mean_3
FAILED doc_only/mutants/statistics.mean/mutant_5.py::test_violation_of_statistics_mean_4
FAILED doc_only/mutants/statistics.mean/mutant_5.py::test_violation_of_statistics_mean_5
========================= 24 failed, 1 passed in 8.51s =========================
