============================= test session starts ==============================
platform linux -- Python 3.10.12, pytest-8.3.3, pluggy-1.5.0
rootdir: /home/james/projects/cs6223/our_proptest_data
plugins: hypothesis-6.112.2, timeout-2.3.1
collected 25 items

code_only/proptest/datetime.datetime.fromisoformat/pbt_1.py .....        [ 20%]
code_only/proptest/datetime.datetime.fromisoformat/pbt_2.py FFFF.        [ 40%]
code_only/proptest/datetime.datetime.fromisoformat/pbt_3.py .....        [ 60%]
code_only/proptest/datetime.datetime.fromisoformat/pbt_4.py FFFF.        [ 80%]
code_only/proptest/datetime.datetime.fromisoformat/pbt_5.py .....        [100%]

=================================== FAILURES ===================================
/home/james/projects/cs6223/our_proptest_data/code_only/proptest/datetime.datetime.fromisoformat/pbt_2.py:28: AttributeError: 'LazyStrategy' object has no attribute 'generate'
/home/james/projects/cs6223/our_proptest_data/code_only/proptest/datetime.datetime.fromisoformat/pbt_2.py:37: exceptiongroup.ExceptionGroup: Hypothesis found 2 distinct failures. (2 sub-exceptions)
/home/james/projects/cs6223/our_proptest_data/code_only/proptest/datetime.datetime.fromisoformat/pbt_2.py:28: AttributeError: 'LazyStrategy' object has no attribute 'generate'
/home/james/projects/cs6223/our_proptest_data/code_only/proptest/datetime.datetime.fromisoformat/pbt_2.py:28: AttributeError: 'LazyStrategy' object has no attribute 'generate'
/home/james/projects/cs6223/our_proptest_data/code_only/proptest/datetime.datetime.fromisoformat/pbt_4.py:17: AttributeError: 'LazyStrategy' object has no attribute 'generate'
/home/james/projects/cs6223/our_proptest_data/code_only/proptest/datetime.datetime.fromisoformat/pbt_4.py:17: AttributeError: 'LazyStrategy' object has no attribute 'generate'
/home/james/projects/cs6223/our_proptest_data/code_only/proptest/datetime.datetime.fromisoformat/pbt_4.py:17: AttributeError: 'LazyStrategy' object has no attribute 'generate'
/home/james/projects/cs6223/our_proptest_data/code_only/proptest/datetime.datetime.fromisoformat/pbt_4.py:17: AttributeError: 'LazyStrategy' object has no attribute 'generate'
=========================== short test summary info ============================
FAILED code_only/proptest/datetime.datetime.fromisoformat/pbt_2.py::test_output_is_datetime_property
FAILED code_only/proptest/datetime.datetime.fromisoformat/pbt_2.py::test_valid_date_components_property
FAILED code_only/proptest/datetime.datetime.fromisoformat/pbt_2.py::test_midnight_next_day_property
FAILED code_only/proptest/datetime.datetime.fromisoformat/pbt_2.py::test_time_component_ranges_property
FAILED code_only/proptest/datetime.datetime.fromisoformat/pbt_4.py::test_output_is_instance_of_datetime_property
FAILED code_only/proptest/datetime.datetime.fromisoformat/pbt_4.py::test_output_has_valid_date_components_property
FAILED code_only/proptest/datetime.datetime.fromisoformat/pbt_4.py::test_output_midnight_for_24_hour_property
FAILED code_only/proptest/datetime.datetime.fromisoformat/pbt_4.py::test_output_has_valid_time_components_property
========================= 8 failed, 17 passed in 0.78s =========================
