============================= test session starts ==============================
platform linux -- Python 3.10.12, pytest-8.3.3, pluggy-1.5.0
rootdir: /home/james/projects/cs6223/our_proptest_data
plugins: hypothesis-6.112.2, timeout-2.3.1
collected 25 items

code_only/proptest/decimal.Decimal.from_float/pbt_1.py ...FF             [ 20%]
code_only/proptest/decimal.Decimal.from_float/pbt_2.py ....F             [ 40%]
code_only/proptest/decimal.Decimal.from_float/pbt_3.py ..F.F             [ 60%]
code_only/proptest/decimal.Decimal.from_float/pbt_4.py ..F.F             [ 80%]
code_only/proptest/decimal.Decimal.from_float/pbt_5.py .....             [100%]

=================================== FAILURES ===================================
/home/james/projects/cs6223/our_proptest_data/code_only/proptest/decimal.Decimal.from_float/pbt_1.py:29: AttributeError: module 'hypothesis.strategies' has no attribute 'raises'
/home/james/projects/cs6223/our_proptest_data/code_only/proptest/decimal.Decimal.from_float/pbt_1.py:38: AssertionError: assert Decimal('NaN') == Decimal('NaN')
/home/james/projects/cs6223/our_proptest_data/code_only/proptest/decimal.Decimal.from_float/pbt_2.py:42: AssertionError: assert Decimal('NaN') == Decimal('NaN')
/home/james/projects/cs6223/our_proptest_data/code_only/proptest/decimal.Decimal.from_float/pbt_3.py:21: decimal.InvalidOperation: [<class 'decimal.InvalidOperation'>]
/home/james/projects/cs6223/our_proptest_data/code_only/proptest/decimal.Decimal.from_float/pbt_3.py:36: AssertionError: assert Decimal('NaN') == Decimal('NaN')
/home/james/projects/cs6223/our_proptest_data/code_only/proptest/decimal.Decimal.from_float/pbt_4.py:22: AssertionError: assert False == True
/home/james/projects/cs6223/our_proptest_data/code_only/proptest/decimal.Decimal.from_float/pbt_4.py:33: AssertionError: assert Decimal('Infinity') == 'inf'
=========================== short test summary info ============================
FAILED code_only/proptest/decimal.Decimal.from_float/pbt_1.py::test_decimal_Decimal_from_float_type_error_property
FAILED code_only/proptest/decimal.Decimal.from_float/pbt_1.py::test_decimal_Decimal_from_float_special_float_property
FAILED code_only/proptest/decimal.Decimal.from_float/pbt_2.py::test_special_float_output_property
FAILED code_only/proptest/decimal.Decimal.from_float/pbt_3.py::test_output_sign_property
FAILED code_only/proptest/decimal.Decimal.from_float/pbt_3.py::test_special_float_input_property
FAILED code_only/proptest/decimal.Decimal.from_float/pbt_4.py::test_sign_of_output_property
FAILED code_only/proptest/decimal.Decimal.from_float/pbt_4.py::test_special_float_inputs_property
========================= 7 failed, 18 passed in 0.62s =========================
