============================= test session starts ==============================
platform linux -- Python 3.10.12, pytest-8.3.3, pluggy-1.5.0
rootdir: /home/james/projects/cs6223/our_proptest_data
plugins: hypothesis-6.112.2, timeout-2.3.1
collected 25 items

code_only/proptest/html.escape/pbt_1.py .....                            [ 20%]
code_only/proptest/html.escape/pbt_2.py F..FF                            [ 40%]
code_only/proptest/html.escape/pbt_3.py F....                            [ 60%]
code_only/proptest/html.escape/pbt_4.py .....                            [ 80%]
code_only/proptest/html.escape/pbt_5.py .F..F                            [100%]

=================================== FAILURES ===================================
/home/james/projects/cs6223/our_proptest_data/code_only/proptest/html.escape/pbt_2.py:7: AssertionError: assert '&' not in '&quot;'
/home/james/projects/cs6223/our_proptest_data/code_only/proptest/html.escape/pbt_2.py:26: hypothesis.errors.InvalidArgument: Too many positional arguments for test_empty_input_should_produce_empty_output_property() were passed to @given - expected at most 0 arguments, but got 1 (text(),)
/home/james/projects/cs6223/our_proptest_data/code_only/proptest/html.escape/pbt_2.py:36: AssertionError: assert 'l' == '0'
/home/james/projects/cs6223/our_proptest_data/code_only/proptest/html.escape/pbt_3.py:7: AssertionError: assert '&' not in '&#x27;'
/home/james/projects/cs6223/our_proptest_data/code_only/proptest/html.escape/pbt_5.py:17: assert 6 == (1 + (1 * (0 - 1)))
/home/james/projects/cs6223/our_proptest_data/code_only/proptest/html.escape/pbt_5.py:37: AssertionError: assert 'q' == '0'
=========================== short test summary info ============================
FAILED code_only/proptest/html.escape/pbt_2.py::test_output_should_not_contain_special_characters_property
FAILED code_only/proptest/html.escape/pbt_2.py::test_empty_input_should_produce_empty_output_property
FAILED code_only/proptest/html.escape/pbt_2.py::test_output_order_property - ...
FAILED code_only/proptest/html.escape/pbt_3.py::test_output_no_special_characters_property
FAILED code_only/proptest/html.escape/pbt_5.py::test_output_length_property
FAILED code_only/proptest/html.escape/pbt_5.py::test_output_order_property - ...
========================= 6 failed, 19 passed in 0.77s =========================
