============================= test session starts ==============================
platform linux -- Python 3.10.12, pytest-8.3.3, pluggy-1.5.0
rootdir: /home/james/projects/cs6223/our_proptest_data
plugins: hypothesis-6.112.2, timeout-2.3.1
collected 25 items

doc_and_code/proptest/dateutil.parser.isoparse/pbt_1.py .....            [ 20%]
doc_and_code/proptest/dateutil.parser.isoparse/pbt_2.py .F...            [ 40%]
doc_and_code/proptest/dateutil.parser.isoparse/pbt_3.py ...FF            [ 60%]
doc_and_code/proptest/dateutil.parser.isoparse/pbt_4.py .....            [ 80%]
doc_and_code/proptest/dateutil.parser.isoparse/pbt_5.py .F..F            [100%]

=================================== FAILURES ===================================
/home/james/projects/cs6223/our_proptest_data/doc_and_code/proptest/dateutil.parser.isoparse/pbt_2.py:15: exceptiongroup.ExceptionGroup: Hypothesis found 2 distinct failures. (2 sub-exceptions)
/home/james/projects/cs6223/our_proptest_data/doc_and_code/proptest/dateutil.parser.isoparse/pbt_3.py:27: exceptiongroup.ExceptionGroup: Hypothesis found 3 distinct failures. (3 sub-exceptions)
/home/james/projects/cs6223/our_proptest_data/doc_and_code/proptest/dateutil.parser.isoparse/pbt_3.py:33: exceptiongroup.ExceptionGroup: Hypothesis found 2 distinct failures. (2 sub-exceptions)
/home/james/projects/cs6223/our_proptest_data/doc_and_code/proptest/dateutil.parser.isoparse/pbt_5.py:14: exceptiongroup.ExceptionGroup: Hypothesis found 2 distinct failures. (2 sub-exceptions)
/home/james/projects/cs6223/our_proptest_data/doc_and_code/proptest/dateutil.parser.isoparse/pbt_5.py:32: exceptiongroup.ExceptionGroup: Hypothesis found 3 distinct failures. (3 sub-exceptions)
=========================== short test summary info ============================
FAILED doc_and_code/proptest/dateutil.parser.isoparse/pbt_2.py::test_default_time_to_midnight_property
FAILED doc_and_code/proptest/dateutil.parser.isoparse/pbt_3.py::test_correctly_reflects_time_zone_offset_property
FAILED doc_and_code/proptest/dateutil.parser.isoparse/pbt_3.py::test_incomplete_date_formats_defaults_property
FAILED doc_and_code/proptest/dateutil.parser.isoparse/pbt_5.py::test_date_without_time_defaults_to_midnight_property
FAILED doc_and_code/proptest/dateutil.parser.isoparse/pbt_5.py::test_incomplete_date_formats_return_earliest_valid_date_property
========================= 5 failed, 20 passed in 1.34s =========================
