============================= test session starts ==============================
platform linux -- Python 3.10.12, pytest-8.3.3, pluggy-1.5.0
rootdir: /home/james/projects/cs6223/our_proptest_data
plugins: hypothesis-6.112.2, timeout-2.3.1
collected 5 items / 4 errors

doc_and_code/proptest/statistics.linear_regression/pbt_2.py FF.FF        [100%]

==================================== ERRORS ====================================
_ ERROR collecting doc_and_code/proptest/statistics.linear_regression/pbt_1.py _
../../.venv/lib/python3.10/site-packages/_pytest/python.py:493: in importtestmodule
    mod = import_path(
../../.venv/lib/python3.10/site-packages/_pytest/pathlib.py:582: in import_path
    importlib.import_module(module_name)
/usr/lib/python3.10/importlib/__init__.py:126: in import_module
    return _bootstrap._gcd_import(name[level:], package, level)
<frozen importlib._bootstrap>:1050: in _gcd_import
    ???
<frozen importlib._bootstrap>:1027: in _find_and_load
    ???
<frozen importlib._bootstrap>:1006: in _find_and_load_unlocked
    ???
<frozen importlib._bootstrap>:688: in _load_unlocked
    ???
../../.venv/lib/python3.10/site-packages/_pytest/assertion/rewrite.py:175: in exec_module
    source_stat, co = _rewrite_test(fn, self.config)
../../.venv/lib/python3.10/site-packages/_pytest/assertion/rewrite.py:355: in _rewrite_test
    tree = ast.parse(source, filename=strfn)
/usr/lib/python3.10/ast.py:50: in parse
    return compile(source, filename, mode, flags,
E     File "/home/james/projects/cs6223/our_proptest_data/doc_and_code/proptest/statistics.linear_regression/pbt_1.py", line 5
E       st.lists(st.floats(), min_size=2).filter(lambda x: len(x) == len(x))))
E                                                                            ^
E   SyntaxError: unmatched ')'
_ ERROR collecting doc_and_code/proptest/statistics.linear_regression/pbt_3.py _
../../.venv/lib/python3.10/site-packages/_pytest/python.py:493: in importtestmodule
    mod = import_path(
../../.venv/lib/python3.10/site-packages/_pytest/pathlib.py:582: in import_path
    importlib.import_module(module_name)
/usr/lib/python3.10/importlib/__init__.py:126: in import_module
    return _bootstrap._gcd_import(name[level:], package, level)
<frozen importlib._bootstrap>:1050: in _gcd_import
    ???
<frozen importlib._bootstrap>:1027: in _find_and_load
    ???
<frozen importlib._bootstrap>:1006: in _find_and_load_unlocked
    ???
<frozen importlib._bootstrap>:688: in _load_unlocked
    ???
../../.venv/lib/python3.10/site-packages/_pytest/assertion/rewrite.py:175: in exec_module
    source_stat, co = _rewrite_test(fn, self.config)
../../.venv/lib/python3.10/site-packages/_pytest/assertion/rewrite.py:355: in _rewrite_test
    tree = ast.parse(source, filename=strfn)
/usr/lib/python3.10/ast.py:50: in parse
    return compile(source, filename, mode, flags,
E     File "/home/james/projects/cs6223/our_proptest_data/doc_and_code/proptest/statistics.linear_regression/pbt_3.py", line 5
E       st.lists(st.floats(), min_size=2).filter(lambda x: len(x) == len(x[0]))))
E                                                                               ^
E   SyntaxError: unmatched ')'
_ ERROR collecting doc_and_code/proptest/statistics.linear_regression/pbt_4.py _
../../.venv/lib/python3.10/site-packages/_pytest/python.py:493: in importtestmodule
    mod = import_path(
../../.venv/lib/python3.10/site-packages/_pytest/pathlib.py:582: in import_path
    importlib.import_module(module_name)
/usr/lib/python3.10/importlib/__init__.py:126: in import_module
    return _bootstrap._gcd_import(name[level:], package, level)
<frozen importlib._bootstrap>:1050: in _gcd_import
    ???
<frozen importlib._bootstrap>:1027: in _find_and_load
    ???
<frozen importlib._bootstrap>:1006: in _find_and_load_unlocked
    ???
<frozen importlib._bootstrap>:688: in _load_unlocked
    ???
../../.venv/lib/python3.10/site-packages/_pytest/assertion/rewrite.py:175: in exec_module
    source_stat, co = _rewrite_test(fn, self.config)
../../.venv/lib/python3.10/site-packages/_pytest/assertion/rewrite.py:355: in _rewrite_test
    tree = ast.parse(source, filename=strfn)
/usr/lib/python3.10/ast.py:50: in parse
    return compile(source, filename, mode, flags,
E     File "/home/james/projects/cs6223/our_proptest_data/doc_and_code/proptest/statistics.linear_regression/pbt_4.py", line 5
E       st.lists(st.floats(), min_size=2).filter(lambda x: len(x) == len(x[0]))))
E                                                                               ^
E   SyntaxError: unmatched ')'
_ ERROR collecting doc_and_code/proptest/statistics.linear_regression/pbt_5.py _
../../.venv/lib/python3.10/site-packages/_pytest/python.py:493: in importtestmodule
    mod = import_path(
../../.venv/lib/python3.10/site-packages/_pytest/pathlib.py:582: in import_path
    importlib.import_module(module_name)
/usr/lib/python3.10/importlib/__init__.py:126: in import_module
    return _bootstrap._gcd_import(name[level:], package, level)
<frozen importlib._bootstrap>:1050: in _gcd_import
    ???
<frozen importlib._bootstrap>:1027: in _find_and_load
    ???
<frozen importlib._bootstrap>:1006: in _find_and_load_unlocked
    ???
<frozen importlib._bootstrap>:688: in _load_unlocked
    ???
../../.venv/lib/python3.10/site-packages/_pytest/assertion/rewrite.py:175: in exec_module
    source_stat, co = _rewrite_test(fn, self.config)
../../.venv/lib/python3.10/site-packages/_pytest/assertion/rewrite.py:355: in _rewrite_test
    tree = ast.parse(source, filename=strfn)
/usr/lib/python3.10/ast.py:50: in parse
    return compile(source, filename, mode, flags,
E     File "/home/james/projects/cs6223/our_proptest_data/doc_and_code/proptest/statistics.linear_regression/pbt_5.py", line 6
E       )
E       ^
E   SyntaxError: unmatched ')'
=================================== FAILURES ===================================
/home/james/projects/cs6223/our_proptest_data/doc_and_code/proptest/statistics.linear_regression/pbt_2.py:6: exceptiongroup.ExceptionGroup: Hypothesis found 3 distinct failures. (3 sub-exceptions)
/home/james/projects/cs6223/our_proptest_data/doc_and_code/proptest/statistics.linear_regression/pbt_2.py:12: exceptiongroup.ExceptionGroup: Hypothesis found 5 distinct failures. (5 sub-exceptions)
/home/james/projects/cs6223/our_proptest_data/doc_and_code/proptest/statistics.linear_regression/pbt_2.py:28: NameError: name 'x' is not defined
/home/james/projects/cs6223/our_proptest_data/doc_and_code/proptest/statistics.linear_regression/pbt_2.py:36: NameError: name 'x' is not defined
=========================== short test summary info ============================
FAILED doc_and_code/proptest/statistics.linear_regression/pbt_2.py::test_slope_output_property
FAILED doc_and_code/proptest/statistics.linear_regression/pbt_2.py::test_intercept_output_property
FAILED doc_and_code/proptest/statistics.linear_regression/pbt_2.py::test_equal_input_values_property
FAILED doc_and_code/proptest/statistics.linear_regression/pbt_2.py::test_length_check_property
ERROR doc_and_code/proptest/statistics.linear_regression/pbt_1.py
ERROR doc_and_code/proptest/statistics.linear_regression/pbt_3.py
ERROR doc_and_code/proptest/statistics.linear_regression/pbt_4.py
ERROR doc_and_code/proptest/statistics.linear_regression/pbt_5.py
==================== 4 failed, 1 passed, 4 errors in 26.14s ====================
