============================= test session starts ==============================
platform linux -- Python 3.10.12, pytest-8.3.3, pluggy-1.5.0
rootdir: /home/james/projects/cs6223/our_proptest_data
plugins: hypothesis-6.112.2, timeout-2.3.1
collected 25 items

code_only/mutants_2/dateutil.parser.isoparse/mutant_1.py FFFFF           [ 20%]
code_only/mutants_2/dateutil.parser.isoparse/mutant_2.py .....           [ 40%]
code_only/mutants_2/dateutil.parser.isoparse/mutant_3.py .....           [ 60%]
code_only/mutants_2/dateutil.parser.isoparse/mutant_4.py FF.F.           [ 80%]
code_only/mutants_2/dateutil.parser.isoparse/mutant_5.py .....           [100%]

=================================== FAILURES ===================================
/home/james/projects/cs6223/our_proptest_data/code_only/mutants_2/dateutil.parser.isoparse/mutant_1.py:7: exceptiongroup.ExceptionGroup: Hypothesis found 5 distinct failures. (5 sub-exceptions)
/home/james/projects/cs6223/our_proptest_data/code_only/mutants_2/dateutil.parser.isoparse/mutant_1.py:14: exceptiongroup.ExceptionGroup: Hypothesis found 5 distinct failures. (5 sub-exceptions)
/home/james/projects/cs6223/our_proptest_data/code_only/mutants_2/dateutil.parser.isoparse/mutant_1.py:21: exceptiongroup.ExceptionGroup: Hypothesis found 5 distinct failures. (5 sub-exceptions)
/home/james/projects/cs6223/our_proptest_data/code_only/mutants_2/dateutil.parser.isoparse/mutant_1.py:28: exceptiongroup.ExceptionGroup: Hypothesis found 5 distinct failures. (5 sub-exceptions)
/home/james/projects/cs6223/our_proptest_data/code_only/mutants_2/dateutil.parser.isoparse/mutant_1.py:35: exceptiongroup.ExceptionGroup: Hypothesis found 2 distinct failures. (2 sub-exceptions)
/home/james/projects/cs6223/our_proptest_data/code_only/mutants_2/dateutil.parser.isoparse/mutant_4.py:6: exceptiongroup.ExceptionGroup: Hypothesis found 3 distinct failures. (3 sub-exceptions)
/home/james/projects/cs6223/our_proptest_data/code_only/mutants_2/dateutil.parser.isoparse/mutant_4.py:13: exceptiongroup.ExceptionGroup: Hypothesis found 2 distinct failures. (2 sub-exceptions)
/home/james/projects/.venv/lib/python3.10/site-packages/dateutil/parser/_parser.py:643: dateutil.parser._parser.ParserError: Unknown string format: XYZ
=========================== short test summary info ============================
FAILED code_only/mutants_2/dateutil.parser.isoparse/mutant_1.py::test_violation_of_dateutil_parser_isoparse_1
FAILED code_only/mutants_2/dateutil.parser.isoparse/mutant_1.py::test_violation_of_dateutil_parser_isoparse_2
FAILED code_only/mutants_2/dateutil.parser.isoparse/mutant_1.py::test_violation_of_dateutil_parser_isoparse_3
FAILED code_only/mutants_2/dateutil.parser.isoparse/mutant_1.py::test_violation_of_dateutil_parser_isoparse_4
FAILED code_only/mutants_2/dateutil.parser.isoparse/mutant_1.py::test_violation_of_dateutil_parser_isoparse_5
FAILED code_only/mutants_2/dateutil.parser.isoparse/mutant_4.py::test_violation_of_dateutil_parser_isoparse_1
FAILED code_only/mutants_2/dateutil.parser.isoparse/mutant_4.py::test_violation_of_dateutil_parser_isoparse_2
FAILED code_only/mutants_2/dateutil.parser.isoparse/mutant_4.py::test_violation_of_dateutil_parser_isoparse_4
======================== 8 failed, 17 passed in 13.64s =========================
