============================= test session starts ==============================
platform linux -- Python 3.10.12, pytest-8.3.3, pluggy-1.5.0
rootdir: /home/james/projects/cs6223/our_proptest_data
plugins: hypothesis-6.112.2, timeout-2.3.1
collected 25 items

code_only/mutants_2/decimal.Decimal.from_float/mutant_1.py FFF.F         [ 20%]
code_only/mutants_2/decimal.Decimal.from_float/mutant_2.py ....F         [ 40%]
code_only/mutants_2/decimal.Decimal.from_float/mutant_3.py F.F.F         [ 60%]
code_only/mutants_2/decimal.Decimal.from_float/mutant_4.py .....         [ 80%]
code_only/mutants_2/decimal.Decimal.from_float/mutant_5.py .....         [100%]

=================================== FAILURES ===================================
/home/james/projects/cs6223/our_proptest_data/code_only/mutants_2/decimal.Decimal.from_float/mutant_1.py:8: AssertionError: assert Decimal('0') == '0'
/home/james/projects/cs6223/our_proptest_data/code_only/mutants_2/decimal.Decimal.from_float/mutant_1.py:13: AssertionError: assert Decimal('1.5') == 1
/home/james/projects/cs6223/our_proptest_data/code_only/mutants_2/decimal.Decimal.from_float/mutant_1.py:18: AssertionError: assert Decimal('0') == [Decimal('0')]
/home/james/projects/cs6223/our_proptest_data/code_only/mutants_2/decimal.Decimal.from_float/mutant_1.py:28: AssertionError: assert Decimal('0') == None
/home/james/projects/cs6223/our_proptest_data/code_only/mutants_2/decimal.Decimal.from_float/mutant_2.py:37: decimal.InvalidOperation: [<class 'decimal.InvalidOperation'>]
/home/james/projects/cs6223/our_proptest_data/code_only/mutants_2/decimal.Decimal.from_float/mutant_3.py:8: AssertionError: assert (Decimal('-1') < 0) == (1 < 0)
/home/james/projects/cs6223/our_proptest_data/code_only/mutants_2/decimal.Decimal.from_float/mutant_3.py:18: AssertionError: assert (Decimal('-0') < 0) == (-1 < 0)
/home/james/projects/cs6223/our_proptest_data/code_only/mutants_2/decimal.Decimal.from_float/mutant_3.py:28: AssertionError: assert (Decimal('-2.0') < 0) == (0 < 0)
=========================== short test summary info ============================
FAILED code_only/mutants_2/decimal.Decimal.from_float/mutant_1.py::test_violation_of_decimal_Decimal_from_float_1
FAILED code_only/mutants_2/decimal.Decimal.from_float/mutant_1.py::test_violation_of_decimal_Decimal_from_float_2
FAILED code_only/mutants_2/decimal.Decimal.from_float/mutant_1.py::test_violation_of_decimal_Decimal_from_float_3
FAILED code_only/mutants_2/decimal.Decimal.from_float/mutant_1.py::test_violation_of_decimal_Decimal_from_float_5
FAILED code_only/mutants_2/decimal.Decimal.from_float/mutant_2.py::test_violation_of_decimal_Decimal_from_float_5
FAILED code_only/mutants_2/decimal.Decimal.from_float/mutant_3.py::test_violation_of_decimal_Decimal_from_float_1
FAILED code_only/mutants_2/decimal.Decimal.from_float/mutant_3.py::test_violation_of_decimal_Decimal_from_float_3
FAILED code_only/mutants_2/decimal.Decimal.from_float/mutant_3.py::test_violation_of_decimal_Decimal_from_float_5
========================= 8 failed, 17 passed in 1.28s =========================
