============================= test session starts ==============================
platform linux -- Python 3.10.12, pytest-8.3.3, pluggy-1.5.0
rootdir: /home/james/projects/cs6223/our_proptest_data
plugins: hypothesis-6.112.2, timeout-2.3.1
collected 25 items

code_only/mutants_2/html.escape/mutant_1.py FFFFF                        [ 20%]
code_only/mutants_2/html.escape/mutant_2.py .F...                        [ 40%]
code_only/mutants_2/html.escape/mutant_3.py FFFFF                        [ 60%]
code_only/mutants_2/html.escape/mutant_4.py FFFFF                        [ 80%]
code_only/mutants_2/html.escape/mutant_5.py F.FF.                        [100%]

=================================== FAILURES ===================================
/home/james/projects/cs6223/our_proptest_data/code_only/mutants_2/html.escape/mutant_1.py:8: AssertionError: assert '&' not in '&'
/home/james/projects/cs6223/our_proptest_data/code_only/mutants_2/html.escape/mutant_1.py:15: exceptiongroup.ExceptionGroup: Hypothesis found 2 distinct failures. (2 sub-exceptions)
/home/james/projects/cs6223/our_proptest_data/code_only/mutants_2/html.escape/mutant_1.py:24: exceptiongroup.ExceptionGroup: Hypothesis found 2 distinct failures. (2 sub-exceptions)
/home/james/projects/cs6223/our_proptest_data/code_only/mutants_2/html.escape/mutant_1.py:33: exceptiongroup.ExceptionGroup: Hypothesis found 2 distinct failures. (2 sub-exceptions)
/home/james/projects/cs6223/our_proptest_data/code_only/mutants_2/html.escape/mutant_1.py:42: exceptiongroup.ExceptionGroup: Hypothesis found 2 distinct failures. (2 sub-exceptions)
/home/james/projects/cs6223/our_proptest_data/code_only/mutants_2/html.escape/mutant_2.py:13: AssertionError: assert 0 >= 1
/home/james/projects/cs6223/our_proptest_data/code_only/mutants_2/html.escape/mutant_3.py:9: AssertionError: assert 1 == 0
/home/james/projects/cs6223/our_proptest_data/code_only/mutants_2/html.escape/mutant_3.py:15: AssertionError: assert 1 == 0
/home/james/projects/cs6223/our_proptest_data/code_only/mutants_2/html.escape/mutant_3.py:21: AssertionError: assert 1 == 0
/home/james/projects/cs6223/our_proptest_data/code_only/mutants_2/html.escape/mutant_3.py:27: AssertionError: assert 1 == 0
/home/james/projects/cs6223/our_proptest_data/code_only/mutants_2/html.escape/mutant_3.py:33: AssertionError: assert 1 == 0
/home/james/projects/cs6223/our_proptest_data/code_only/mutants_2/html.escape/mutant_4.py:9: AssertionError: assert '' == 'non-empty-string'
/home/james/projects/cs6223/our_proptest_data/code_only/mutants_2/html.escape/mutant_4.py:15: AssertionError: assert '' == 'something_else'
/home/james/projects/cs6223/our_proptest_data/code_only/mutants_2/html.escape/mutant_4.py:21: AssertionError: assert '' == ' '
/home/james/projects/cs6223/our_proptest_data/code_only/mutants_2/html.escape/mutant_4.py:27: AssertionError: assert '' == 'null'
/home/james/projects/cs6223/our_proptest_data/code_only/mutants_2/html.escape/mutant_4.py:33: AssertionError: assert '' == 'undefined'
/home/james/projects/cs6223/our_proptest_data/code_only/mutants_2/html.escape/mutant_5.py:12: AssertionError: assert '1' == '0'
/home/james/projects/cs6223/our_proptest_data/code_only/mutants_2/html.escape/mutant_5.py:32: AssertionError: assert 'p' == '0'
/home/james/projects/cs6223/our_proptest_data/code_only/mutants_2/html.escape/mutant_5.py:42: AssertionError: assert '#' == '0'
=========================== short test summary info ============================
FAILED code_only/mutants_2/html.escape/mutant_1.py::test_violation_of_html_escape_1
FAILED code_only/mutants_2/html.escape/mutant_1.py::test_violation_of_html_escape_2
FAILED code_only/mutants_2/html.escape/mutant_1.py::test_violation_of_html_escape_3
FAILED code_only/mutants_2/html.escape/mutant_1.py::test_violation_of_html_escape_4
FAILED code_only/mutants_2/html.escape/mutant_1.py::test_violation_of_html_escape_5
FAILED code_only/mutants_2/html.escape/mutant_2.py::test_violation_of_html_escape_2
FAILED code_only/mutants_2/html.escape/mutant_3.py::test_violation_of_html_escape_1
FAILED code_only/mutants_2/html.escape/mutant_3.py::test_violation_of_html_escape_2
FAILED code_only/mutants_2/html.escape/mutant_3.py::test_violation_of_html_escape_3
FAILED code_only/mutants_2/html.escape/mutant_3.py::test_violation_of_html_escape_4
FAILED code_only/mutants_2/html.escape/mutant_3.py::test_violation_of_html_escape_5
FAILED code_only/mutants_2/html.escape/mutant_4.py::test_violation_of_html_escape_1
FAILED code_only/mutants_2/html.escape/mutant_4.py::test_violation_of_html_escape_2
FAILED code_only/mutants_2/html.escape/mutant_4.py::test_violation_of_html_escape_3
FAILED code_only/mutants_2/html.escape/mutant_4.py::test_violation_of_html_escape_4
FAILED code_only/mutants_2/html.escape/mutant_4.py::test_violation_of_html_escape_5
FAILED code_only/mutants_2/html.escape/mutant_5.py::test_violation_of_html_escape_1
FAILED code_only/mutants_2/html.escape/mutant_5.py::test_violation_of_html_escape_3
FAILED code_only/mutants_2/html.escape/mutant_5.py::test_violation_of_html_escape_4
========================= 19 failed, 6 passed in 4.06s =========================
