============================= test session starts ==============================
platform linux -- Python 3.10.12, pytest-8.3.3, pluggy-1.5.0
rootdir: /home/james/projects/cs6223/our_proptest_data
plugins: hypothesis-6.112.2, timeout-2.3.1
collected 25 items

code_only/mutants/datetime.date.weekday/mutant_1.py FFFFF                [ 20%]
code_only/mutants/datetime.date.weekday/mutant_2.py FFFFF                [ 40%]
code_only/mutants/datetime.date.weekday/mutant_3.py FFFFF                [ 60%]
code_only/mutants/datetime.date.weekday/mutant_4.py FFFFF                [ 80%]
code_only/mutants/datetime.date.weekday/mutant_5.py FFFFF                [100%]

=================================== FAILURES ===================================
/home/james/projects/cs6223/our_proptest_data/code_only/mutants/datetime.date.weekday/mutant_1.py:8: assert 15 <= 6
/home/james/projects/cs6223/our_proptest_data/code_only/mutants/datetime.date.weekday/mutant_1.py:13: assert 0 <= -1
/home/james/projects/cs6223/our_proptest_data/code_only/mutants/datetime.date.weekday/mutant_1.py:18: assert 12 <= 6
/home/james/projects/cs6223/our_proptest_data/code_only/mutants/datetime.date.weekday/mutant_1.py:23: assert 10 <= 6
/home/james/projects/cs6223/our_proptest_data/code_only/mutants/datetime.date.weekday/mutant_1.py:28: assert 0 <= -5
/home/james/projects/cs6223/our_proptest_data/code_only/mutants/datetime.date.weekday/mutant_2.py:9: assert 5 == 7
/home/james/projects/cs6223/our_proptest_data/code_only/mutants/datetime.date.weekday/mutant_2.py:15: assert 5 == -1
/home/james/projects/cs6223/our_proptest_data/code_only/mutants/datetime.date.weekday/mutant_2.py:21: assert 5 == 8
/home/james/projects/cs6223/our_proptest_data/code_only/mutants/datetime.date.weekday/mutant_2.py:27: assert 5 == 10
/home/james/projects/cs6223/our_proptest_data/code_only/mutants/datetime.date.weekday/mutant_2.py:33: AssertionError: assert 5 == 'Monday'
/home/james/projects/cs6223/our_proptest_data/code_only/mutants/datetime.date.weekday/mutant_3.py:10: assert 5 == 6
/home/james/projects/cs6223/our_proptest_data/code_only/mutants/datetime.date.weekday/mutant_3.py:17: assert 5 == 7
/home/james/projects/cs6223/our_proptest_data/code_only/mutants/datetime.date.weekday/mutant_3.py:24: assert 5 == 4
/home/james/projects/cs6223/our_proptest_data/code_only/mutants/datetime.date.weekday/mutant_3.py:31: assert 5 == 0
/home/james/projects/cs6223/our_proptest_data/code_only/mutants/datetime.date.weekday/mutant_3.py:38: assert 5 == -1
/home/james/projects/cs6223/our_proptest_data/code_only/mutants/datetime.date.weekday/mutant_4.py:10: assert 0 == ((5 + 1) % 7)
/home/james/projects/cs6223/our_proptest_data/code_only/mutants/datetime.date.weekday/mutant_4.py:17: assert 1 == ((5 + 1) % 7)
/home/james/projects/cs6223/our_proptest_data/code_only/mutants/datetime.date.weekday/mutant_4.py:24: assert 5 == ((5 + 1) % 7)
/home/james/projects/cs6223/our_proptest_data/code_only/mutants/datetime.date.weekday/mutant_4.py:31: assert 4 == ((5 + 1) % 7)
/home/james/projects/cs6223/our_proptest_data/code_only/mutants/datetime.date.weekday/mutant_4.py:38: assert 3 == ((5 + 1) % 7)
/home/james/projects/cs6223/our_proptest_data/code_only/mutants/datetime.date.weekday/mutant_5.py:10: assert 5 == 6
/home/james/projects/cs6223/our_proptest_data/code_only/mutants/datetime.date.weekday/mutant_5.py:17: assert 5 == 0
/home/james/projects/cs6223/our_proptest_data/code_only/mutants/datetime.date.weekday/mutant_5.py:24: assert 5 == 1
/home/james/projects/cs6223/our_proptest_data/code_only/mutants/datetime.date.weekday/mutant_5.py:31: assert 5 == 2
/home/james/projects/cs6223/our_proptest_data/code_only/mutants/datetime.date.weekday/mutant_5.py:38: assert 5 == 3
=========================== short test summary info ============================
FAILED code_only/mutants/datetime.date.weekday/mutant_1.py::test_violation_of_datetime_date_weekday_1
FAILED code_only/mutants/datetime.date.weekday/mutant_1.py::test_violation_of_datetime_date_weekday_2
FAILED code_only/mutants/datetime.date.weekday/mutant_1.py::test_violation_of_datetime_date_weekday_3
FAILED code_only/mutants/datetime.date.weekday/mutant_1.py::test_violation_of_datetime_date_weekday_4
FAILED code_only/mutants/datetime.date.weekday/mutant_1.py::test_violation_of_datetime_date_weekday_5
FAILED code_only/mutants/datetime.date.weekday/mutant_2.py::test_violation_of_datetime_date_weekday_1
FAILED code_only/mutants/datetime.date.weekday/mutant_2.py::test_violation_of_datetime_date_weekday_2
FAILED code_only/mutants/datetime.date.weekday/mutant_2.py::test_violation_of_datetime_date_weekday_3
FAILED code_only/mutants/datetime.date.weekday/mutant_2.py::test_violation_of_datetime_date_weekday_4
FAILED code_only/mutants/datetime.date.weekday/mutant_2.py::test_violation_of_datetime_date_weekday_5
FAILED code_only/mutants/datetime.date.weekday/mutant_3.py::test_violation_of_datetime_date_weekday_1
FAILED code_only/mutants/datetime.date.weekday/mutant_3.py::test_violation_of_datetime_date_weekday_2
FAILED code_only/mutants/datetime.date.weekday/mutant_3.py::test_violation_of_datetime_date_weekday_3
FAILED code_only/mutants/datetime.date.weekday/mutant_3.py::test_violation_of_datetime_date_weekday_4
FAILED code_only/mutants/datetime.date.weekday/mutant_3.py::test_violation_of_datetime_date_weekday_5
FAILED code_only/mutants/datetime.date.weekday/mutant_4.py::test_violation_of_datetime_date_weekday_1
FAILED code_only/mutants/datetime.date.weekday/mutant_4.py::test_violation_of_datetime_date_weekday_2
FAILED code_only/mutants/datetime.date.weekday/mutant_4.py::test_violation_of_datetime_date_weekday_3
FAILED code_only/mutants/datetime.date.weekday/mutant_4.py::test_violation_of_datetime_date_weekday_4
FAILED code_only/mutants/datetime.date.weekday/mutant_4.py::test_violation_of_datetime_date_weekday_5
FAILED code_only/mutants/datetime.date.weekday/mutant_5.py::test_violation_of_datetime_date_weekday_1
FAILED code_only/mutants/datetime.date.weekday/mutant_5.py::test_violation_of_datetime_date_weekday_2
FAILED code_only/mutants/datetime.date.weekday/mutant_5.py::test_violation_of_datetime_date_weekday_3
FAILED code_only/mutants/datetime.date.weekday/mutant_5.py::test_violation_of_datetime_date_weekday_4
FAILED code_only/mutants/datetime.date.weekday/mutant_5.py::test_violation_of_datetime_date_weekday_5
============================== 25 failed in 9.47s ==============================
