============================= test session starts ==============================
platform linux -- Python 3.10.12, pytest-8.3.3, pluggy-1.5.0
rootdir: /home/james/projects/cs6223/our_proptest_data
plugins: hypothesis-6.112.2, timeout-2.3.1
collected 25 items

code_only/mutants/datetime.date.isocalendar/mutant_1.py FFFFF            [ 20%]
code_only/mutants/datetime.date.isocalendar/mutant_2.py FFFFF            [ 40%]
code_only/mutants/datetime.date.isocalendar/mutant_3.py FFFFF            [ 60%]
code_only/mutants/datetime.date.isocalendar/mutant_4.py .....            [ 80%]
code_only/mutants/datetime.date.isocalendar/mutant_5.py .....            [100%]

=================================== FAILURES ===================================
/home/james/projects/cs6223/our_proptest_data/code_only/mutants/datetime.date.isocalendar/mutant_1.py:9: assert 2001 == (2001 + 1)
/home/james/projects/cs6223/our_proptest_data/code_only/mutants/datetime.date.isocalendar/mutant_1.py:15: assert 2001 == (2001 - 2)
/home/james/projects/cs6223/our_proptest_data/code_only/mutants/datetime.date.isocalendar/mutant_1.py:21: assert 2001 == 9999
/home/james/projects/cs6223/our_proptest_data/code_only/mutants/datetime.date.isocalendar/mutant_1.py:27: assert 2001 == 2023
/home/james/projects/cs6223/our_proptest_data/code_only/mutants/datetime.date.isocalendar/mutant_1.py:33: assert 2001 == (2001 + 10)
/home/james/projects/cs6223/our_proptest_data/code_only/mutants/datetime.date.isocalendar/mutant_2.py:7: hypothesis.errors.InvalidArgument: Too many positional arguments for test_violation_of_datetime_date_isocalendar_1() were passed to @given - expected at most 0 arguments, but got 1 (dates(),)
/home/james/projects/cs6223/our_proptest_data/code_only/mutants/datetime.date.isocalendar/mutant_2.py:13: hypothesis.errors.InvalidArgument: Too many positional arguments for test_violation_of_datetime_date_isocalendar_2() were passed to @given - expected at most 0 arguments, but got 1 (dates(),)
/home/james/projects/cs6223/our_proptest_data/code_only/mutants/datetime.date.isocalendar/mutant_2.py:19: hypothesis.errors.InvalidArgument: Too many positional arguments for test_violation_of_datetime_date_isocalendar_3() were passed to @given - expected at most 0 arguments, but got 1 (dates(),)
/home/james/projects/cs6223/our_proptest_data/code_only/mutants/datetime.date.isocalendar/mutant_2.py:25: hypothesis.errors.InvalidArgument: Too many positional arguments for test_violation_of_datetime_date_isocalendar_4() were passed to @given - expected at most 0 arguments, but got 1 (dates(),)
/home/james/projects/cs6223/our_proptest_data/code_only/mutants/datetime.date.isocalendar/mutant_2.py:31: hypothesis.errors.InvalidArgument: Too many positional arguments for test_violation_of_datetime_date_isocalendar_5() were passed to @given - expected at most 0 arguments, but got 1 (dates(),)
/home/james/projects/cs6223/our_proptest_data/code_only/mutants/datetime.date.isocalendar/mutant_3.py:9: assert 1 <= 0
/home/james/projects/cs6223/our_proptest_data/code_only/mutants/datetime.date.isocalendar/mutant_3.py:15: assert 8 <= 7
/home/james/projects/cs6223/our_proptest_data/code_only/mutants/datetime.date.isocalendar/mutant_3.py:21: assert 1 <= -1
/home/james/projects/cs6223/our_proptest_data/code_only/mutants/datetime.date.isocalendar/mutant_3.py:27: assert 10 <= 7
/home/james/projects/cs6223/our_proptest_data/code_only/mutants/datetime.date.isocalendar/mutant_3.py:33: assert 15 <= 7
=========================== short test summary info ============================
FAILED code_only/mutants/datetime.date.isocalendar/mutant_1.py::test_violation_of_datetime_date_isocalendar_1
FAILED code_only/mutants/datetime.date.isocalendar/mutant_1.py::test_violation_of_datetime_date_isocalendar_2
FAILED code_only/mutants/datetime.date.isocalendar/mutant_1.py::test_violation_of_datetime_date_isocalendar_3
FAILED code_only/mutants/datetime.date.isocalendar/mutant_1.py::test_violation_of_datetime_date_isocalendar_4
FAILED code_only/mutants/datetime.date.isocalendar/mutant_1.py::test_violation_of_datetime_date_isocalendar_5
FAILED code_only/mutants/datetime.date.isocalendar/mutant_2.py::test_violation_of_datetime_date_isocalendar_1
FAILED code_only/mutants/datetime.date.isocalendar/mutant_2.py::test_violation_of_datetime_date_isocalendar_2
FAILED code_only/mutants/datetime.date.isocalendar/mutant_2.py::test_violation_of_datetime_date_isocalendar_3
FAILED code_only/mutants/datetime.date.isocalendar/mutant_2.py::test_violation_of_datetime_date_isocalendar_4
FAILED code_only/mutants/datetime.date.isocalendar/mutant_2.py::test_violation_of_datetime_date_isocalendar_5
FAILED code_only/mutants/datetime.date.isocalendar/mutant_3.py::test_violation_of_datetime_date_isocalendar_1
FAILED code_only/mutants/datetime.date.isocalendar/mutant_3.py::test_violation_of_datetime_date_isocalendar_2
FAILED code_only/mutants/datetime.date.isocalendar/mutant_3.py::test_violation_of_datetime_date_isocalendar_3
FAILED code_only/mutants/datetime.date.isocalendar/mutant_3.py::test_violation_of_datetime_date_isocalendar_4
FAILED code_only/mutants/datetime.date.isocalendar/mutant_3.py::test_violation_of_datetime_date_isocalendar_5
======================== 15 failed, 10 passed in 2.62s =========================
