============================= test session starts ==============================
platform linux -- Python 3.10.12, pytest-8.3.3, pluggy-1.5.0
rootdir: /home/james/projects/cs6223/our_proptest_data
plugins: hypothesis-6.112.2, timeout-2.3.1
collected 25 items

code_only/mutants/decimal.Decimal.from_float/mutant_1.py FFFFF           [ 20%]
code_only/mutants/decimal.Decimal.from_float/mutant_2.py FFFFF           [ 40%]
code_only/mutants/decimal.Decimal.from_float/mutant_3.py FFFFF           [ 60%]
code_only/mutants/decimal.Decimal.from_float/mutant_4.py FFFFF           [ 80%]
code_only/mutants/decimal.Decimal.from_float/mutant_5.py FFFFF           [100%]

=================================== FAILURES ===================================
/home/james/projects/cs6223/our_proptest_data/code_only/mutants/decimal.Decimal.from_float/mutant_1.py:7: NameError: name 'Decimal' is not defined
/home/james/projects/cs6223/our_proptest_data/code_only/mutants/decimal.Decimal.from_float/mutant_1.py:11: NameError: name 'Decimal' is not defined
/home/james/projects/cs6223/our_proptest_data/code_only/mutants/decimal.Decimal.from_float/mutant_1.py:15: NameError: name 'Decimal' is not defined
/home/james/projects/cs6223/our_proptest_data/code_only/mutants/decimal.Decimal.from_float/mutant_1.py:19: NameError: name 'Decimal' is not defined
/home/james/projects/cs6223/our_proptest_data/code_only/mutants/decimal.Decimal.from_float/mutant_1.py:23: NameError: name 'Decimal' is not defined
/home/james/projects/cs6223/our_proptest_data/code_only/mutants/decimal.Decimal.from_float/mutant_2.py:14: AssertionError: assert Decimal('0') == (Decimal('0') + Decimal('1'))
/home/james/projects/cs6223/our_proptest_data/code_only/mutants/decimal.Decimal.from_float/mutant_2.py:24: AssertionError: assert Decimal('0') == (Decimal('0') - Decimal('1'))
/home/james/projects/cs6223/our_proptest_data/code_only/mutants/decimal.Decimal.from_float/mutant_2.py:34: AssertionError: assert Decimal('1') == (Decimal('1') * Decimal('2'))
/home/james/projects/cs6223/our_proptest_data/code_only/mutants/decimal.Decimal.from_float/mutant_2.py:44: AssertionError: assert Decimal('1') == (Decimal('1') / Decimal('2'))
/home/james/projects/cs6223/our_proptest_data/code_only/mutants/decimal.Decimal.from_float/mutant_2.py:54: AssertionError: assert Decimal('0') == (Decimal('0') + Decimal('0.1'))
/home/james/projects/cs6223/our_proptest_data/code_only/mutants/decimal.Decimal.from_float/mutant_3.py:11: AssertionError: assert (Decimal('-1') < 0) == (1 < 0)
/home/james/projects/cs6223/our_proptest_data/code_only/mutants/decimal.Decimal.from_float/mutant_3.py:19: AssertionError: assert (Decimal('1') < 0) == (-1 < 0)
/home/james/projects/cs6223/our_proptest_data/code_only/mutants/decimal.Decimal.from_float/mutant_3.py:26: AssertionError: assert (Decimal('1') < 0) == (-1 < 0)
/home/james/projects/cs6223/our_proptest_data/code_only/mutants/decimal.Decimal.from_float/mutant_3.py:33: AssertionError: assert (Decimal('-1') < 0) == (1 < 0)
/home/james/projects/cs6223/our_proptest_data/code_only/mutants/decimal.Decimal.from_float/mutant_3.py:40: AssertionError: assert (Decimal('-1') < 0) == (1 < 0)
/home/james/projects/cs6223/our_proptest_data/code_only/mutants/decimal.Decimal.from_float/mutant_4.py:7: hypothesis.errors.InvalidArgument: Too many positional arguments for test_violation_of_decimal_Decimal_from_float_1() were passed to @given - expected at most 0 arguments, but got 1 (data(),)
/home/james/projects/cs6223/our_proptest_data/code_only/mutants/decimal.Decimal.from_float/mutant_4.py:17: hypothesis.errors.InvalidArgument: Too many positional arguments for test_violation_of_decimal_Decimal_from_float_2() were passed to @given - expected at most 0 arguments, but got 1 (data(),)
/home/james/projects/cs6223/our_proptest_data/code_only/mutants/decimal.Decimal.from_float/mutant_4.py:27: hypothesis.errors.InvalidArgument: Too many positional arguments for test_violation_of_decimal_Decimal_from_float_3() were passed to @given - expected at most 0 arguments, but got 1 (data(),)
/home/james/projects/cs6223/our_proptest_data/code_only/mutants/decimal.Decimal.from_float/mutant_4.py:37: hypothesis.errors.InvalidArgument: Too many positional arguments for test_violation_of_decimal_Decimal_from_float_4() were passed to @given - expected at most 0 arguments, but got 1 (data(),)
/home/james/projects/cs6223/our_proptest_data/code_only/mutants/decimal.Decimal.from_float/mutant_4.py:47: hypothesis.errors.InvalidArgument: Too many positional arguments for test_violation_of_decimal_Decimal_from_float_5() were passed to @given - expected at most 0 arguments, but got 1 (data(),)
/home/james/projects/cs6223/our_proptest_data/code_only/mutants/decimal.Decimal.from_float/mutant_5.py:7: hypothesis.errors.InvalidArgument: Too many positional arguments for test_violation_of_decimal_Decimal_from_float_1() were passed to @given - expected at most 0 arguments, but got 1 (data(),)
/home/james/projects/cs6223/our_proptest_data/code_only/mutants/decimal.Decimal.from_float/mutant_5.py:15: hypothesis.errors.InvalidArgument: Too many positional arguments for test_violation_of_decimal_Decimal_from_float_2() were passed to @given - expected at most 0 arguments, but got 1 (data(),)
/home/james/projects/cs6223/our_proptest_data/code_only/mutants/decimal.Decimal.from_float/mutant_5.py:23: hypothesis.errors.InvalidArgument: Too many positional arguments for test_violation_of_decimal_Decimal_from_float_3() were passed to @given - expected at most 0 arguments, but got 1 (data(),)
/home/james/projects/cs6223/our_proptest_data/code_only/mutants/decimal.Decimal.from_float/mutant_5.py:31: hypothesis.errors.InvalidArgument: Too many positional arguments for test_violation_of_decimal_Decimal_from_float_4() were passed to @given - expected at most 0 arguments, but got 1 (data(),)
/home/james/projects/cs6223/our_proptest_data/code_only/mutants/decimal.Decimal.from_float/mutant_5.py:39: hypothesis.errors.InvalidArgument: Too many positional arguments for test_violation_of_decimal_Decimal_from_float_5() were passed to @given - expected at most 0 arguments, but got 1 (data(),)
=========================== short test summary info ============================
FAILED code_only/mutants/decimal.Decimal.from_float/mutant_1.py::test_violation_of_decimal_Decimal_from_float_1
FAILED code_only/mutants/decimal.Decimal.from_float/mutant_1.py::test_violation_of_decimal_Decimal_from_float_2
FAILED code_only/mutants/decimal.Decimal.from_float/mutant_1.py::test_violation_of_decimal_Decimal_from_float_3
FAILED code_only/mutants/decimal.Decimal.from_float/mutant_1.py::test_violation_of_decimal_Decimal_from_float_4
FAILED code_only/mutants/decimal.Decimal.from_float/mutant_1.py::test_violation_of_decimal_Decimal_from_float_5
FAILED code_only/mutants/decimal.Decimal.from_float/mutant_2.py::test_violation_of_decimal_Decimal_from_float_1
FAILED code_only/mutants/decimal.Decimal.from_float/mutant_2.py::test_violation_of_decimal_Decimal_from_float_2
FAILED code_only/mutants/decimal.Decimal.from_float/mutant_2.py::test_violation_of_decimal_Decimal_from_float_3
FAILED code_only/mutants/decimal.Decimal.from_float/mutant_2.py::test_violation_of_decimal_Decimal_from_float_4
FAILED code_only/mutants/decimal.Decimal.from_float/mutant_2.py::test_violation_of_decimal_Decimal_from_float_5
FAILED code_only/mutants/decimal.Decimal.from_float/mutant_3.py::test_violation_of_decimal_Decimal_from_float_1
FAILED code_only/mutants/decimal.Decimal.from_float/mutant_3.py::test_violation_of_decimal_Decimal_from_float_2
FAILED code_only/mutants/decimal.Decimal.from_float/mutant_3.py::test_violation_of_decimal_Decimal_from_float_3
FAILED code_only/mutants/decimal.Decimal.from_float/mutant_3.py::test_violation_of_decimal_Decimal_from_float_4
FAILED code_only/mutants/decimal.Decimal.from_float/mutant_3.py::test_violation_of_decimal_Decimal_from_float_5
FAILED code_only/mutants/decimal.Decimal.from_float/mutant_4.py::test_violation_of_decimal_Decimal_from_float_1
FAILED code_only/mutants/decimal.Decimal.from_float/mutant_4.py::test_violation_of_decimal_Decimal_from_float_2
FAILED code_only/mutants/decimal.Decimal.from_float/mutant_4.py::test_violation_of_decimal_Decimal_from_float_3
FAILED code_only/mutants/decimal.Decimal.from_float/mutant_4.py::test_violation_of_decimal_Decimal_from_float_4
FAILED code_only/mutants/decimal.Decimal.from_float/mutant_4.py::test_violation_of_decimal_Decimal_from_float_5
FAILED code_only/mutants/decimal.Decimal.from_float/mutant_5.py::test_violation_of_decimal_Decimal_from_float_1
FAILED code_only/mutants/decimal.Decimal.from_float/mutant_5.py::test_violation_of_decimal_Decimal_from_float_2
FAILED code_only/mutants/decimal.Decimal.from_float/mutant_5.py::test_violation_of_decimal_Decimal_from_float_3
FAILED code_only/mutants/decimal.Decimal.from_float/mutant_5.py::test_violation_of_decimal_Decimal_from_float_4
FAILED code_only/mutants/decimal.Decimal.from_float/mutant_5.py::test_violation_of_decimal_Decimal_from_float_5
============================== 25 failed in 2.01s ==============================
