============================= test session starts ==============================
platform linux -- Python 3.10.12, pytest-8.3.3, pluggy-1.5.0
rootdir: /home/james/projects/cs6223/our_proptest_data
plugins: hypothesis-6.112.2, timeout-2.3.1
collected 25 items

code_only/mutants/networkx.algorithms.clique.find_cliques/mutant_1.py FF [  8%]
FFF                                                                      [ 20%]
code_only/mutants/networkx.algorithms.clique.find_cliques/mutant_2.py FF [ 28%]
FFF                                                                      [ 40%]
code_only/mutants/networkx.algorithms.clique.find_cliques/mutant_3.py FF [ 48%]
FFF                                                                      [ 60%]
code_only/mutants/networkx.algorithms.clique.find_cliques/mutant_4.py FF [ 68%]
FFF                                                                      [ 80%]
code_only/mutants/networkx.algorithms.clique.find_cliques/mutant_5.py FF [ 88%]
FFF                                                                      [100%]

=================================== FAILURES ===================================
/home/james/projects/cs6223/our_proptest_data/code_only/mutants/networkx.algorithms.clique.find_cliques/mutant_1.py:8: hypothesis.errors.InvalidArgument: Too many positional arguments for test_violation_of_networkx_algorithms_clique_find_cliques_1() were passed to @given - expected at most 0 arguments, but got 1 (data(),)
/home/james/projects/cs6223/our_proptest_data/code_only/mutants/networkx.algorithms.clique.find_cliques/mutant_1.py:16: hypothesis.errors.InvalidArgument: Too many positional arguments for test_violation_of_networkx_algorithms_clique_find_cliques_2() were passed to @given - expected at most 0 arguments, but got 1 (data(),)
/home/james/projects/cs6223/our_proptest_data/code_only/mutants/networkx.algorithms.clique.find_cliques/mutant_1.py:24: hypothesis.errors.InvalidArgument: Too many positional arguments for test_violation_of_networkx_algorithms_clique_find_cliques_3() were passed to @given - expected at most 0 arguments, but got 1 (data(),)
/home/james/projects/cs6223/our_proptest_data/code_only/mutants/networkx.algorithms.clique.find_cliques/mutant_1.py:32: hypothesis.errors.InvalidArgument: Too many positional arguments for test_violation_of_networkx_algorithms_clique_find_cliques_4() were passed to @given - expected at most 0 arguments, but got 1 (data(),)
/home/james/projects/cs6223/our_proptest_data/code_only/mutants/networkx.algorithms.clique.find_cliques/mutant_1.py:40: hypothesis.errors.InvalidArgument: Too many positional arguments for test_violation_of_networkx_algorithms_clique_find_cliques_5() were passed to @given - expected at most 0 arguments, but got 1 (data(),)
/home/james/projects/cs6223/our_proptest_data/code_only/mutants/networkx.algorithms.clique.find_cliques/mutant_2.py:8: hypothesis.errors.InvalidArgument: Too many positional arguments for test_violation_of_networkx_algorithms_clique_find_cliques_1() were passed to @given - expected at most 0 arguments, but got 1 (data(),)
/home/james/projects/cs6223/our_proptest_data/code_only/mutants/networkx.algorithms.clique.find_cliques/mutant_2.py:20: hypothesis.errors.InvalidArgument: Too many positional arguments for test_violation_of_networkx_algorithms_clique_find_cliques_2() were passed to @given - expected at most 0 arguments, but got 1 (data(),)
/home/james/projects/cs6223/our_proptest_data/code_only/mutants/networkx.algorithms.clique.find_cliques/mutant_2.py:32: hypothesis.errors.InvalidArgument: Too many positional arguments for test_violation_of_networkx_algorithms_clique_find_cliques_3() were passed to @given - expected at most 0 arguments, but got 1 (data(),)
/home/james/projects/cs6223/our_proptest_data/code_only/mutants/networkx.algorithms.clique.find_cliques/mutant_2.py:44: hypothesis.errors.InvalidArgument: Too many positional arguments for test_violation_of_networkx_algorithms_clique_find_cliques_4() were passed to @given - expected at most 0 arguments, but got 1 (data(),)
/home/james/projects/cs6223/our_proptest_data/code_only/mutants/networkx.algorithms.clique.find_cliques/mutant_2.py:57: hypothesis.errors.InvalidArgument: Too many positional arguments for test_violation_of_networkx_algorithms_clique_find_cliques_5() were passed to @given - expected at most 0 arguments, but got 1 (data(),)
/home/james/projects/cs6223/our_proptest_data/code_only/mutants/networkx.algorithms.clique.find_cliques/mutant_3.py:8: hypothesis.errors.InvalidArgument: Too many positional arguments for test_violation_of_networkx_algorithms_clique_find_cliques_1() were passed to @given - expected at most 0 arguments, but got 1 (data(),)
/home/james/projects/cs6223/our_proptest_data/code_only/mutants/networkx.algorithms.clique.find_cliques/mutant_3.py:19: hypothesis.errors.InvalidArgument: Too many positional arguments for test_violation_of_networkx_algorithms_clique_find_cliques_2() were passed to @given - expected at most 0 arguments, but got 1 (data(),)
/home/james/projects/cs6223/our_proptest_data/code_only/mutants/networkx.algorithms.clique.find_cliques/mutant_3.py:30: hypothesis.errors.InvalidArgument: Too many positional arguments for test_violation_of_networkx_algorithms_clique_find_cliques_3() were passed to @given - expected at most 0 arguments, but got 1 (data(),)
/home/james/projects/cs6223/our_proptest_data/code_only/mutants/networkx.algorithms.clique.find_cliques/mutant_3.py:41: hypothesis.errors.InvalidArgument: Too many positional arguments for test_violation_of_networkx_algorithms_clique_find_cliques_4() were passed to @given - expected at most 0 arguments, but got 1 (data(),)
/home/james/projects/cs6223/our_proptest_data/code_only/mutants/networkx.algorithms.clique.find_cliques/mutant_3.py:52: hypothesis.errors.InvalidArgument: Too many positional arguments for test_violation_of_networkx_algorithms_clique_find_cliques_5() were passed to @given - expected at most 0 arguments, but got 1 (data(),)
/home/james/projects/cs6223/our_proptest_data/code_only/mutants/networkx.algorithms.clique.find_cliques/mutant_4.py:8: hypothesis.errors.InvalidArgument: Too many positional arguments for test_violation_of_networkx_algorithms_clique_find_cliques_1() were passed to @given - expected at most 0 arguments, but got 1 (data(),)
/home/james/projects/cs6223/our_proptest_data/code_only/mutants/networkx.algorithms.clique.find_cliques/mutant_4.py:14: hypothesis.errors.InvalidArgument: Too many positional arguments for test_violation_of_networkx_algorithms_clique_find_cliques_2() were passed to @given - expected at most 0 arguments, but got 1 (data(),)
/home/james/projects/cs6223/our_proptest_data/code_only/mutants/networkx.algorithms.clique.find_cliques/mutant_4.py:20: hypothesis.errors.InvalidArgument: Too many positional arguments for test_violation_of_networkx_algorithms_clique_find_cliques_3() were passed to @given - expected at most 0 arguments, but got 1 (data(),)
/home/james/projects/cs6223/our_proptest_data/code_only/mutants/networkx.algorithms.clique.find_cliques/mutant_4.py:26: hypothesis.errors.InvalidArgument: Too many positional arguments for test_violation_of_networkx_algorithms_clique_find_cliques_4() were passed to @given - expected at most 0 arguments, but got 1 (data(),)
/home/james/projects/cs6223/our_proptest_data/code_only/mutants/networkx.algorithms.clique.find_cliques/mutant_4.py:32: hypothesis.errors.InvalidArgument: Too many positional arguments for test_violation_of_networkx_algorithms_clique_find_cliques_5() were passed to @given - expected at most 0 arguments, but got 1 (data(),)
/home/james/projects/cs6223/our_proptest_data/code_only/mutants/networkx.algorithms.clique.find_cliques/mutant_5.py:8: hypothesis.errors.InvalidArgument: Too many positional arguments for test_violation_of_networkx_algorithms_clique_find_cliques_1() were passed to @given - expected at most 0 arguments, but got 1 (data(),)
/home/james/projects/cs6223/our_proptest_data/code_only/mutants/networkx.algorithms.clique.find_cliques/mutant_5.py:17: hypothesis.errors.InvalidArgument: Too many positional arguments for test_violation_of_networkx_algorithms_clique_find_cliques_2() were passed to @given - expected at most 0 arguments, but got 1 (data(),)
/home/james/projects/cs6223/our_proptest_data/code_only/mutants/networkx.algorithms.clique.find_cliques/mutant_5.py:26: hypothesis.errors.InvalidArgument: Too many positional arguments for test_violation_of_networkx_algorithms_clique_find_cliques_3() were passed to @given - expected at most 0 arguments, but got 1 (data(),)
/home/james/projects/cs6223/our_proptest_data/code_only/mutants/networkx.algorithms.clique.find_cliques/mutant_5.py:35: hypothesis.errors.InvalidArgument: Too many positional arguments for test_violation_of_networkx_algorithms_clique_find_cliques_4() were passed to @given - expected at most 0 arguments, but got 1 (data(),)
/home/james/projects/cs6223/our_proptest_data/code_only/mutants/networkx.algorithms.clique.find_cliques/mutant_5.py:44: hypothesis.errors.InvalidArgument: Too many positional arguments for test_violation_of_networkx_algorithms_clique_find_cliques_5() were passed to @given - expected at most 0 arguments, but got 1 (data(),)
=========================== short test summary info ============================
FAILED code_only/mutants/networkx.algorithms.clique.find_cliques/mutant_1.py::test_violation_of_networkx_algorithms_clique_find_cliques_1
FAILED code_only/mutants/networkx.algorithms.clique.find_cliques/mutant_1.py::test_violation_of_networkx_algorithms_clique_find_cliques_2
FAILED code_only/mutants/networkx.algorithms.clique.find_cliques/mutant_1.py::test_violation_of_networkx_algorithms_clique_find_cliques_3
FAILED code_only/mutants/networkx.algorithms.clique.find_cliques/mutant_1.py::test_violation_of_networkx_algorithms_clique_find_cliques_4
FAILED code_only/mutants/networkx.algorithms.clique.find_cliques/mutant_1.py::test_violation_of_networkx_algorithms_clique_find_cliques_5
FAILED code_only/mutants/networkx.algorithms.clique.find_cliques/mutant_2.py::test_violation_of_networkx_algorithms_clique_find_cliques_1
FAILED code_only/mutants/networkx.algorithms.clique.find_cliques/mutant_2.py::test_violation_of_networkx_algorithms_clique_find_cliques_2
FAILED code_only/mutants/networkx.algorithms.clique.find_cliques/mutant_2.py::test_violation_of_networkx_algorithms_clique_find_cliques_3
FAILED code_only/mutants/networkx.algorithms.clique.find_cliques/mutant_2.py::test_violation_of_networkx_algorithms_clique_find_cliques_4
FAILED code_only/mutants/networkx.algorithms.clique.find_cliques/mutant_2.py::test_violation_of_networkx_algorithms_clique_find_cliques_5
FAILED code_only/mutants/networkx.algorithms.clique.find_cliques/mutant_3.py::test_violation_of_networkx_algorithms_clique_find_cliques_1
FAILED code_only/mutants/networkx.algorithms.clique.find_cliques/mutant_3.py::test_violation_of_networkx_algorithms_clique_find_cliques_2
FAILED code_only/mutants/networkx.algorithms.clique.find_cliques/mutant_3.py::test_violation_of_networkx_algorithms_clique_find_cliques_3
FAILED code_only/mutants/networkx.algorithms.clique.find_cliques/mutant_3.py::test_violation_of_networkx_algorithms_clique_find_cliques_4
FAILED code_only/mutants/networkx.algorithms.clique.find_cliques/mutant_3.py::test_violation_of_networkx_algorithms_clique_find_cliques_5
FAILED code_only/mutants/networkx.algorithms.clique.find_cliques/mutant_4.py::test_violation_of_networkx_algorithms_clique_find_cliques_1
FAILED code_only/mutants/networkx.algorithms.clique.find_cliques/mutant_4.py::test_violation_of_networkx_algorithms_clique_find_cliques_2
FAILED code_only/mutants/networkx.algorithms.clique.find_cliques/mutant_4.py::test_violation_of_networkx_algorithms_clique_find_cliques_3
FAILED code_only/mutants/networkx.algorithms.clique.find_cliques/mutant_4.py::test_violation_of_networkx_algorithms_clique_find_cliques_4
FAILED code_only/mutants/networkx.algorithms.clique.find_cliques/mutant_4.py::test_violation_of_networkx_algorithms_clique_find_cliques_5
FAILED code_only/mutants/networkx.algorithms.clique.find_cliques/mutant_5.py::test_violation_of_networkx_algorithms_clique_find_cliques_1
FAILED code_only/mutants/networkx.algorithms.clique.find_cliques/mutant_5.py::test_violation_of_networkx_algorithms_clique_find_cliques_2
FAILED code_only/mutants/networkx.algorithms.clique.find_cliques/mutant_5.py::test_violation_of_networkx_algorithms_clique_find_cliques_3
FAILED code_only/mutants/networkx.algorithms.clique.find_cliques/mutant_5.py::test_violation_of_networkx_algorithms_clique_find_cliques_4
FAILED code_only/mutants/networkx.algorithms.clique.find_cliques/mutant_5.py::test_violation_of_networkx_algorithms_clique_find_cliques_5
============================== 25 failed in 0.15s ==============================
