============================= test session starts ==============================
platform linux -- Python 3.10.12, pytest-8.3.3, pluggy-1.5.0
rootdir: /home/james/projects/cs6223/our_proptest_data
plugins: hypothesis-6.112.2, timeout-2.3.1
collected 25 items

code_only/mutants/networkx.algorithms.approximation.dominating_set.min_weighted_dominating_set/mutant_1.py F [  4%]
FFFF                                                                     [ 20%]
code_only/mutants/networkx.algorithms.approximation.dominating_set.min_weighted_dominating_set/mutant_2.py F [ 24%]
FFFF                                                                     [ 40%]
code_only/mutants/networkx.algorithms.approximation.dominating_set.min_weighted_dominating_set/mutant_3.py F [ 44%]
FFFF                                                                     [ 60%]
code_only/mutants/networkx.algorithms.approximation.dominating_set.min_weighted_dominating_set/mutant_4.py F [ 64%]
FFFF                                                                     [ 80%]
code_only/mutants/networkx.algorithms.approximation.dominating_set.min_weighted_dominating_set/mutant_5.py F [ 84%]
FFFF                                                                     [100%]

=================================== FAILURES ===================================
/home/james/projects/cs6223/our_proptest_data/code_only/mutants/networkx.algorithms.approximation.dominating_set.min_weighted_dominating_set/mutant_1.py:8: hypothesis.errors.InvalidArgument: Too many positional arguments for test_violation_of_networkx_algorithms_approximation_dominating_set_min_weighted_dominating_set_1() were passed to @given - expected at most 0 arguments, but got 1 (data(),)
/home/james/projects/cs6223/our_proptest_data/code_only/mutants/networkx.algorithms.approximation.dominating_set.min_weighted_dominating_set/mutant_1.py:21: hypothesis.errors.InvalidArgument: Too many positional arguments for test_violation_of_networkx_algorithms_approximation_dominating_set_min_weighted_dominating_set_2() were passed to @given - expected at most 0 arguments, but got 1 (data(),)
/home/james/projects/cs6223/our_proptest_data/code_only/mutants/networkx.algorithms.approximation.dominating_set.min_weighted_dominating_set/mutant_1.py:34: hypothesis.errors.InvalidArgument: Too many positional arguments for test_violation_of_networkx_algorithms_approximation_dominating_set_min_weighted_dominating_set_3() were passed to @given - expected at most 0 arguments, but got 1 (data(),)
/home/james/projects/cs6223/our_proptest_data/code_only/mutants/networkx.algorithms.approximation.dominating_set.min_weighted_dominating_set/mutant_1.py:46: hypothesis.errors.InvalidArgument: Too many positional arguments for test_violation_of_networkx_algorithms_approximation_dominating_set_min_weighted_dominating_set_4() were passed to @given - expected at most 0 arguments, but got 1 (data(),)
/home/james/projects/cs6223/our_proptest_data/code_only/mutants/networkx.algorithms.approximation.dominating_set.min_weighted_dominating_set/mutant_1.py:59: hypothesis.errors.InvalidArgument: Too many positional arguments for test_violation_of_networkx_algorithms_approximation_dominating_set_min_weighted_dominating_set_5() were passed to @given - expected at most 0 arguments, but got 1 (data(),)
/home/james/projects/cs6223/our_proptest_data/code_only/mutants/networkx.algorithms.approximation.dominating_set.min_weighted_dominating_set/mutant_2.py:8: hypothesis.errors.InvalidArgument: Too many positional arguments for test_violation_of_networkx_algorithms_approximation_dominating_set_min_weighted_dominating_set_1() were passed to @given - expected at most 0 arguments, but got 1 (data(),)
/home/james/projects/cs6223/our_proptest_data/code_only/mutants/networkx.algorithms.approximation.dominating_set.min_weighted_dominating_set/mutant_2.py:19: hypothesis.errors.InvalidArgument: Too many positional arguments for test_violation_of_networkx_algorithms_approximation_dominating_set_min_weighted_dominating_set_2() were passed to @given - expected at most 0 arguments, but got 1 (data(),)
/home/james/projects/cs6223/our_proptest_data/code_only/mutants/networkx.algorithms.approximation.dominating_set.min_weighted_dominating_set/mutant_2.py:30: hypothesis.errors.InvalidArgument: Too many positional arguments for test_violation_of_networkx_algorithms_approximation_dominating_set_min_weighted_dominating_set_3() were passed to @given - expected at most 0 arguments, but got 1 (data(),)
/home/james/projects/cs6223/our_proptest_data/code_only/mutants/networkx.algorithms.approximation.dominating_set.min_weighted_dominating_set/mutant_2.py:41: hypothesis.errors.InvalidArgument: Too many positional arguments for test_violation_of_networkx_algorithms_approximation_dominating_set_min_weighted_dominating_set_4() were passed to @given - expected at most 0 arguments, but got 1 (data(),)
/home/james/projects/cs6223/our_proptest_data/code_only/mutants/networkx.algorithms.approximation.dominating_set.min_weighted_dominating_set/mutant_2.py:52: hypothesis.errors.InvalidArgument: Too many positional arguments for test_violation_of_networkx_algorithms_approximation_dominating_set_min_weighted_dominating_set_5() were passed to @given - expected at most 0 arguments, but got 1 (data(),)
/home/james/projects/cs6223/our_proptest_data/code_only/mutants/networkx.algorithms.approximation.dominating_set.min_weighted_dominating_set/mutant_3.py:8: hypothesis.errors.InvalidArgument: Too many positional arguments for test_violation_of_networkx_algorithms_approximation_dominating_set_min_weighted_dominating_set_1() were passed to @given - expected at most 0 arguments, but got 1 (data(),)
/home/james/projects/cs6223/our_proptest_data/code_only/mutants/networkx.algorithms.approximation.dominating_set.min_weighted_dominating_set/mutant_3.py:20: hypothesis.errors.InvalidArgument: Too many positional arguments for test_violation_of_networkx_algorithms_approximation_dominating_set_min_weighted_dominating_set_2() were passed to @given - expected at most 0 arguments, but got 1 (data(),)
/home/james/projects/cs6223/our_proptest_data/code_only/mutants/networkx.algorithms.approximation.dominating_set.min_weighted_dominating_set/mutant_3.py:32: hypothesis.errors.InvalidArgument: Too many positional arguments for test_violation_of_networkx_algorithms_approximation_dominating_set_min_weighted_dominating_set_3() were passed to @given - expected at most 0 arguments, but got 1 (data(),)
/home/james/projects/cs6223/our_proptest_data/code_only/mutants/networkx.algorithms.approximation.dominating_set.min_weighted_dominating_set/mutant_3.py:44: hypothesis.errors.InvalidArgument: Too many positional arguments for test_violation_of_networkx_algorithms_approximation_dominating_set_min_weighted_dominating_set_4() were passed to @given - expected at most 0 arguments, but got 1 (data(),)
/home/james/projects/cs6223/our_proptest_data/code_only/mutants/networkx.algorithms.approximation.dominating_set.min_weighted_dominating_set/mutant_3.py:56: hypothesis.errors.InvalidArgument: Too many positional arguments for test_violation_of_networkx_algorithms_approximation_dominating_set_min_weighted_dominating_set_5() were passed to @given - expected at most 0 arguments, but got 1 (data(),)
/home/james/projects/cs6223/our_proptest_data/code_only/mutants/networkx.algorithms.approximation.dominating_set.min_weighted_dominating_set/mutant_4.py:8: hypothesis.errors.InvalidArgument: Too many positional arguments for test_violation_of_networkx_algorithms_approximation_dominating_set_min_weighted_dominating_set_1() were passed to @given - expected at most 0 arguments, but got 1 (data(),)
/home/james/projects/cs6223/our_proptest_data/code_only/mutants/networkx.algorithms.approximation.dominating_set.min_weighted_dominating_set/mutant_4.py:14: hypothesis.errors.InvalidArgument: Too many positional arguments for test_violation_of_networkx_algorithms_approximation_dominating_set_min_weighted_dominating_set_2() were passed to @given - expected at most 0 arguments, but got 1 (data(),)
/home/james/projects/cs6223/our_proptest_data/code_only/mutants/networkx.algorithms.approximation.dominating_set.min_weighted_dominating_set/mutant_4.py:20: hypothesis.errors.InvalidArgument: Too many positional arguments for test_violation_of_networkx_algorithms_approximation_dominating_set_min_weighted_dominating_set_3() were passed to @given - expected at most 0 arguments, but got 1 (data(),)
/home/james/projects/cs6223/our_proptest_data/code_only/mutants/networkx.algorithms.approximation.dominating_set.min_weighted_dominating_set/mutant_4.py:26: hypothesis.errors.InvalidArgument: Too many positional arguments for test_violation_of_networkx_algorithms_approximation_dominating_set_min_weighted_dominating_set_4() were passed to @given - expected at most 0 arguments, but got 1 (data(),)
/home/james/projects/cs6223/our_proptest_data/code_only/mutants/networkx.algorithms.approximation.dominating_set.min_weighted_dominating_set/mutant_4.py:32: hypothesis.errors.InvalidArgument: Too many positional arguments for test_violation_of_networkx_algorithms_approximation_dominating_set_min_weighted_dominating_set_5() were passed to @given - expected at most 0 arguments, but got 1 (data(),)
/home/james/projects/cs6223/our_proptest_data/code_only/mutants/networkx.algorithms.approximation.dominating_set.min_weighted_dominating_set/mutant_5.py:8: hypothesis.errors.InvalidArgument: Too many positional arguments for test_violation_of_networkx_algorithms_approximation_dominating_set_min_weighted_dominating_set_1() were passed to @given - expected at most 0 arguments, but got 1 (data(),)
/home/james/projects/cs6223/our_proptest_data/code_only/mutants/networkx.algorithms.approximation.dominating_set.min_weighted_dominating_set/mutant_5.py:27: hypothesis.errors.InvalidArgument: Too many positional arguments for test_violation_of_networkx_algorithms_approximation_dominating_set_min_weighted_dominating_set_2() were passed to @given - expected at most 0 arguments, but got 1 (data(),)
/home/james/projects/cs6223/our_proptest_data/code_only/mutants/networkx.algorithms.approximation.dominating_set.min_weighted_dominating_set/mutant_5.py:46: hypothesis.errors.InvalidArgument: Too many positional arguments for test_violation_of_networkx_algorithms_approximation_dominating_set_min_weighted_dominating_set_3() were passed to @given - expected at most 0 arguments, but got 1 (data(),)
/home/james/projects/cs6223/our_proptest_data/code_only/mutants/networkx.algorithms.approximation.dominating_set.min_weighted_dominating_set/mutant_5.py:65: hypothesis.errors.InvalidArgument: Too many positional arguments for test_violation_of_networkx_algorithms_approximation_dominating_set_min_weighted_dominating_set_4() were passed to @given - expected at most 0 arguments, but got 1 (data(),)
/home/james/projects/cs6223/our_proptest_data/code_only/mutants/networkx.algorithms.approximation.dominating_set.min_weighted_dominating_set/mutant_5.py:84: hypothesis.errors.InvalidArgument: Too many positional arguments for test_violation_of_networkx_algorithms_approximation_dominating_set_min_weighted_dominating_set_5() were passed to @given - expected at most 0 arguments, but got 1 (data(),)
=========================== short test summary info ============================
FAILED code_only/mutants/networkx.algorithms.approximation.dominating_set.min_weighted_dominating_set/mutant_1.py::test_violation_of_networkx_algorithms_approximation_dominating_set_min_weighted_dominating_set_1
FAILED code_only/mutants/networkx.algorithms.approximation.dominating_set.min_weighted_dominating_set/mutant_1.py::test_violation_of_networkx_algorithms_approximation_dominating_set_min_weighted_dominating_set_2
FAILED code_only/mutants/networkx.algorithms.approximation.dominating_set.min_weighted_dominating_set/mutant_1.py::test_violation_of_networkx_algorithms_approximation_dominating_set_min_weighted_dominating_set_3
FAILED code_only/mutants/networkx.algorithms.approximation.dominating_set.min_weighted_dominating_set/mutant_1.py::test_violation_of_networkx_algorithms_approximation_dominating_set_min_weighted_dominating_set_4
FAILED code_only/mutants/networkx.algorithms.approximation.dominating_set.min_weighted_dominating_set/mutant_1.py::test_violation_of_networkx_algorithms_approximation_dominating_set_min_weighted_dominating_set_5
FAILED code_only/mutants/networkx.algorithms.approximation.dominating_set.min_weighted_dominating_set/mutant_2.py::test_violation_of_networkx_algorithms_approximation_dominating_set_min_weighted_dominating_set_1
FAILED code_only/mutants/networkx.algorithms.approximation.dominating_set.min_weighted_dominating_set/mutant_2.py::test_violation_of_networkx_algorithms_approximation_dominating_set_min_weighted_dominating_set_2
FAILED code_only/mutants/networkx.algorithms.approximation.dominating_set.min_weighted_dominating_set/mutant_2.py::test_violation_of_networkx_algorithms_approximation_dominating_set_min_weighted_dominating_set_3
FAILED code_only/mutants/networkx.algorithms.approximation.dominating_set.min_weighted_dominating_set/mutant_2.py::test_violation_of_networkx_algorithms_approximation_dominating_set_min_weighted_dominating_set_4
FAILED code_only/mutants/networkx.algorithms.approximation.dominating_set.min_weighted_dominating_set/mutant_2.py::test_violation_of_networkx_algorithms_approximation_dominating_set_min_weighted_dominating_set_5
FAILED code_only/mutants/networkx.algorithms.approximation.dominating_set.min_weighted_dominating_set/mutant_3.py::test_violation_of_networkx_algorithms_approximation_dominating_set_min_weighted_dominating_set_1
FAILED code_only/mutants/networkx.algorithms.approximation.dominating_set.min_weighted_dominating_set/mutant_3.py::test_violation_of_networkx_algorithms_approximation_dominating_set_min_weighted_dominating_set_2
FAILED code_only/mutants/networkx.algorithms.approximation.dominating_set.min_weighted_dominating_set/mutant_3.py::test_violation_of_networkx_algorithms_approximation_dominating_set_min_weighted_dominating_set_3
FAILED code_only/mutants/networkx.algorithms.approximation.dominating_set.min_weighted_dominating_set/mutant_3.py::test_violation_of_networkx_algorithms_approximation_dominating_set_min_weighted_dominating_set_4
FAILED code_only/mutants/networkx.algorithms.approximation.dominating_set.min_weighted_dominating_set/mutant_3.py::test_violation_of_networkx_algorithms_approximation_dominating_set_min_weighted_dominating_set_5
FAILED code_only/mutants/networkx.algorithms.approximation.dominating_set.min_weighted_dominating_set/mutant_4.py::test_violation_of_networkx_algorithms_approximation_dominating_set_min_weighted_dominating_set_1
FAILED code_only/mutants/networkx.algorithms.approximation.dominating_set.min_weighted_dominating_set/mutant_4.py::test_violation_of_networkx_algorithms_approximation_dominating_set_min_weighted_dominating_set_2
FAILED code_only/mutants/networkx.algorithms.approximation.dominating_set.min_weighted_dominating_set/mutant_4.py::test_violation_of_networkx_algorithms_approximation_dominating_set_min_weighted_dominating_set_3
FAILED code_only/mutants/networkx.algorithms.approximation.dominating_set.min_weighted_dominating_set/mutant_4.py::test_violation_of_networkx_algorithms_approximation_dominating_set_min_weighted_dominating_set_4
FAILED code_only/mutants/networkx.algorithms.approximation.dominating_set.min_weighted_dominating_set/mutant_4.py::test_violation_of_networkx_algorithms_approximation_dominating_set_min_weighted_dominating_set_5
FAILED code_only/mutants/networkx.algorithms.approximation.dominating_set.min_weighted_dominating_set/mutant_5.py::test_violation_of_networkx_algorithms_approximation_dominating_set_min_weighted_dominating_set_1
FAILED code_only/mutants/networkx.algorithms.approximation.dominating_set.min_weighted_dominating_set/mutant_5.py::test_violation_of_networkx_algorithms_approximation_dominating_set_min_weighted_dominating_set_2
FAILED code_only/mutants/networkx.algorithms.approximation.dominating_set.min_weighted_dominating_set/mutant_5.py::test_violation_of_networkx_algorithms_approximation_dominating_set_min_weighted_dominating_set_3
FAILED code_only/mutants/networkx.algorithms.approximation.dominating_set.min_weighted_dominating_set/mutant_5.py::test_violation_of_networkx_algorithms_approximation_dominating_set_min_weighted_dominating_set_4
FAILED code_only/mutants/networkx.algorithms.approximation.dominating_set.min_weighted_dominating_set/mutant_5.py::test_violation_of_networkx_algorithms_approximation_dominating_set_min_weighted_dominating_set_5
============================== 25 failed in 0.17s ==============================
