============================= test session starts ==============================
platform linux -- Python 3.10.12, pytest-8.3.3, pluggy-1.5.0
rootdir: /home/james/projects/cs6223/our_proptest_data
plugins: hypothesis-6.112.2, timeout-2.3.1
collected 5 items

code_only/mutants/statistics.linear_regression/mutant_1.py FFFFF         [100%]

=================================== FAILURES ===================================
/home/james/projects/cs6223/our_proptest_data/code_only/mutants/statistics.linear_regression/mutant_1.py:6: hypothesis.errors.FailedHealthCheck: Tests run under @given should return None, but test_violation_of_statistics_linear_regression_1 returned (1.0, 0.0) instead.
/home/james/projects/cs6223/our_proptest_data/code_only/mutants/statistics.linear_regression/mutant_1.py:18: hypothesis.errors.FailedHealthCheck: Tests run under @given should return None, but test_violation_of_statistics_linear_regression_2 returned (0.5, 1.0) instead.
/home/james/projects/cs6223/our_proptest_data/code_only/mutants/statistics.linear_regression/mutant_1.py:30: hypothesis.errors.FailedHealthCheck: Tests run under @given should return None, but test_violation_of_statistics_linear_regression_3 returned (0.0, 2.0) instead.
/home/james/projects/cs6223/our_proptest_data/code_only/mutants/statistics.linear_regression/mutant_1.py:42: hypothesis.errors.FailedHealthCheck: Tests run under @given should return None, but test_violation_of_statistics_linear_regression_4 returned (10.0, 10.0) instead.
/home/james/projects/cs6223/our_proptest_data/code_only/mutants/statistics.linear_regression/mutant_1.py:54: hypothesis.errors.FailedHealthCheck: Tests run under @given should return None, but test_violation_of_statistics_linear_regression_5 returned (-1.0, -1.0) instead.
=========================== short test summary info ============================
FAILED code_only/mutants/statistics.linear_regression/mutant_1.py::test_violation_of_statistics_linear_regression_1
FAILED code_only/mutants/statistics.linear_regression/mutant_1.py::test_violation_of_statistics_linear_regression_2
FAILED code_only/mutants/statistics.linear_regression/mutant_1.py::test_violation_of_statistics_linear_regression_3
FAILED code_only/mutants/statistics.linear_regression/mutant_1.py::test_violation_of_statistics_linear_regression_4
FAILED code_only/mutants/statistics.linear_regression/mutant_1.py::test_violation_of_statistics_linear_regression_5
============================== 5 failed in 0.06s ===============================
