============================= test session starts ==============================
platform linux -- Python 3.10.12, pytest-8.3.3, pluggy-1.5.0
rootdir: /home/james/projects/cs6223/our_proptest_data
plugins: hypothesis-6.112.2, timeout-2.3.1
collected 20 items

code_only/mutants/statistics.mean/mutant_1.py FFFFF                      [ 25%]
code_only/mutants/statistics.mean/mutant_2.py .....                      [ 50%]
code_only/mutants/statistics.mean/mutant_3.py FFFFF                      [ 75%]
code_only/mutants/statistics.mean/mutant_4.py .....                      [100%]

=================================== FAILURES ===================================
/home/james/projects/cs6223/our_proptest_data/code_only/mutants/statistics.mean/mutant_1.py:10: assert 1.0 == 0.0
/home/james/projects/cs6223/our_proptest_data/code_only/mutants/statistics.mean/mutant_1.py:17: assert 2.0 == 1.0
/home/james/projects/cs6223/our_proptest_data/code_only/mutants/statistics.mean/mutant_1.py:24: assert -1.0 == 0.0
/home/james/projects/cs6223/our_proptest_data/code_only/mutants/statistics.mean/mutant_1.py:31: assert 100.0 == 0.0
/home/james/projects/cs6223/our_proptest_data/code_only/mutants/statistics.mean/mutant_1.py:38: assert 0.5 == 1.0
/home/james/projects/cs6223/our_proptest_data/code_only/mutants/statistics.mean/mutant_3.py:8: assert (10.0 >= 0.0 and 10.0 <= 0.0)
/home/james/projects/cs6223/our_proptest_data/code_only/mutants/statistics.mean/mutant_3.py:13: assert (-10.0 >= 0.0)
/home/james/projects/cs6223/our_proptest_data/code_only/mutants/statistics.mean/mutant_3.py:18: assert (2.0 >= 1.0 and 2.0 <= 1.0)
/home/james/projects/cs6223/our_proptest_data/code_only/mutants/statistics.mean/mutant_3.py:23: assert (0.5 >= 1.0)
/home/james/projects/cs6223/our_proptest_data/code_only/mutants/statistics.mean/mutant_3.py:28: assert (nan >= inf)
=========================== short test summary info ============================
FAILED code_only/mutants/statistics.mean/mutant_1.py::test_violation_of_statistics_mean_1
FAILED code_only/mutants/statistics.mean/mutant_1.py::test_violation_of_statistics_mean_2
FAILED code_only/mutants/statistics.mean/mutant_1.py::test_violation_of_statistics_mean_3
FAILED code_only/mutants/statistics.mean/mutant_1.py::test_violation_of_statistics_mean_4
FAILED code_only/mutants/statistics.mean/mutant_1.py::test_violation_of_statistics_mean_5
FAILED code_only/mutants/statistics.mean/mutant_3.py::test_violation_of_statistics_mean_1
FAILED code_only/mutants/statistics.mean/mutant_3.py::test_violation_of_statistics_mean_2
FAILED code_only/mutants/statistics.mean/mutant_3.py::test_violation_of_statistics_mean_3
FAILED code_only/mutants/statistics.mean/mutant_3.py::test_violation_of_statistics_mean_4
FAILED code_only/mutants/statistics.mean/mutant_3.py::test_violation_of_statistics_mean_5
======================== 10 failed, 10 passed in 1.56s =========================
